This file contains any messages produced by compilers while
running configure, to aid debugging if configure makes a mistake.

It was created by libwebp configure 1.3.1, which was
generated by GNU Autoconf 2.71.  Invocation command line was

  $ ./configure --prefix=/data/nginx/SecNginx1202/3partylib/libheif/libwebp131/

## --------- ##
## Platform. ##
## --------- ##

hostname = VM-63-145-centos
uname -m = x86_64
uname -r = 3.10.107-1-tlinux2_kvm_guest-0054
uname -s = Linux
uname -v = #1 SMP Mon Apr 26 14:24:08 CST 2021

/usr/bin/uname -p = x86_64
/bin/uname -X     = unknown

/bin/arch              = x86_64
/usr/bin/arch -k       = unknown
/usr/convex/getsysinfo = unknown
/usr/bin/hostinfo      = unknown
/bin/machine           = unknown
/usr/bin/oslevel       = unknown
/bin/universe          = unknown

PATH: /data/iauto/tools/gcc550/bin/
PATH: /data/iauto/tools/gcc550/bin/
PATH: /usr/local/sbin/
PATH: /usr/local/bin/
PATH: /usr/sbin/
PATH: /usr/bin/
PATH: /usr/local/go/bin/
PATH: /root/go/bin/
PATH: /root/.ft/
PATH: /root/bin/


## ----------- ##
## Core tests. ##
## ----------- ##

configure:2522: looking for aux files: ltmain.sh compile ar-lib missing install-sh config.guess config.sub
configure:2535:  trying ./
configure:2564:   ./ltmain.sh found
configure:2564:   ./compile found
configure:2564:   ./ar-lib found
configure:2564:   ./missing found
configure:2546:   ./install-sh found
configure:2564:   ./config.guess found
configure:2564:   ./config.sub found
configure:2682: checking build system type
configure:2697: result: x86_64-pc-linux-gnu
configure:2717: checking host system type
configure:2731: result: x86_64-pc-linux-gnu
configure:2769: checking for a BSD-compatible install
configure:2842: result: /usr/bin/install -c
configure:2853: checking whether build environment is sane
configure:2908: result: yes
configure:3067: checking for a race-free mkdir -p
configure:3111: result: /usr/bin/mkdir -p
configure:3118: checking for gawk
configure:3139: found /usr/bin/gawk
configure:3150: result: gawk
configure:3161: checking whether make sets $(MAKE)
configure:3184: result: yes
configure:3214: checking whether make supports nested variables
configure:3232: result: yes
configure:3382: checking whether make supports the include directive
configure:3397: make -f confmf.GNU && cat confinc.out
this is the am__doit target
configure:3400: $? = 0
configure:3419: result: yes (GNU style)
configure:3495: checking for gcc
configure:3516: found /data/iauto/tools/gcc550/bin/gcc
configure:3527: result: gcc
configure:3880: checking for C compiler version
configure:3889: gcc --version >&5
gcc (GCC) 5.5.0
Copyright (C) 2015 Free Software Foundation, Inc.
This is free software; see the source for copying conditions.  There is NO
warranty; not even for MERCHANTABILITY or FITNESS FOR A PARTICULAR PURPOSE.

configure:3900: $? = 0
configure:3889: gcc -v >&5
Using built-in specs.
COLLECT_GCC=gcc
COLLECT_LTO_WRAPPER=/data/iauto/tools/gcc550/libexec/gcc/x86_64-unknown-linux-gnu/5.5.0/lto-wrapper
Target: x86_64-unknown-linux-gnu
Configured with: ./configure --prefix=/data/iauto/tools/gcc550/ --enable-threads=posix --enable--long-long --enable-languages=c,c++
Thread model: posix
gcc version 5.5.0 (GCC) 
configure:3900: $? = 0
configure:3889: gcc -V >&5
gcc: error: unrecognized command line option '-V'
gcc: fatal error: no input files
compilation terminated.
configure:3900: $? = 1
configure:3889: gcc -qversion >&5
gcc: error: unrecognized command line option '-qversion'
gcc: fatal error: no input files
compilation terminated.
configure:3900: $? = 1
configure:3889: gcc -version >&5
gcc: error: unrecognized command line option '-version'
gcc: fatal error: no input files
compilation terminated.
configure:3900: $? = 1
configure:3920: checking whether the C compiler works
configure:3942: gcc    conftest.c  >&5
configure:3946: $? = 0
configure:3996: result: yes
configure:3999: checking for C compiler default output file name
configure:4001: result: a.out
configure:4007: checking for suffix of executables
configure:4014: gcc -o conftest    conftest.c  >&5
configure:4018: $? = 0
configure:4041: result: 
configure:4063: checking whether we are cross compiling
configure:4071: gcc -o conftest    conftest.c  >&5
configure:4075: $? = 0
configure:4082: ./conftest
configure:4086: $? = 0
configure:4101: result: no
configure:4106: checking for suffix of object files
configure:4129: gcc -c   conftest.c >&5
configure:4133: $? = 0
configure:4155: result: o
configure:4159: checking whether the compiler supports GNU C
configure:4179: gcc -c   conftest.c >&5
configure:4179: $? = 0
configure:4189: result: yes
configure:4200: checking whether gcc accepts -g
configure:4221: gcc -c -g  conftest.c >&5
configure:4221: $? = 0
configure:4265: result: yes
configure:4285: checking for gcc option to enable C11 features
configure:4300: gcc  -c -g -O2  conftest.c >&5
configure:4300: $? = 0
configure:4318: result: none needed
configure:4434: checking whether gcc understands -c and -o together
configure:4457: gcc -c conftest.c -o conftest2.o
configure:4460: $? = 0
configure:4457: gcc -c conftest.c -o conftest2.o
configure:4460: $? = 0
configure:4472: result: yes
configure:4491: checking dependency style of gcc
configure:4603: result: gcc3
configure:4674: checking for ar
configure:4695: found /usr/local/bin/ar
configure:4706: result: ar
configure:4732: checking the archiver (ar) interface
configure:4749: gcc -c -g -O2  conftest.c >&5
configure:4749: $? = 0
configure:4752: ar cru libconftest.a conftest.o >&5
configure:4755: $? = 0
configure:4783: result: ar
configure:4851: checking how to print strings
configure:4878: result: printf
configure:4899: checking for a sed that does not truncate output
configure:4969: result: /usr/bin/sed
configure:4987: checking for grep that handles long lines and -e
configure:5051: result: /usr/bin/grep
configure:5056: checking for egrep
configure:5124: result: /usr/bin/grep -E
configure:5129: checking for fgrep
configure:5197: result: /usr/bin/grep -F
configure:5233: checking for ld used by gcc
configure:5301: result: /usr/local/bin/ld
configure:5308: checking if the linker (/usr/local/bin/ld) is GNU ld
configure:5324: result: yes
configure:5336: checking for BSD- or MS-compatible name lister (nm)
configure:5391: result: /usr/local/bin/nm -B
configure:5531: checking the name lister (/usr/local/bin/nm -B) interface
configure:5539: gcc -c -g -O2  conftest.c >&5
configure:5542: /usr/local/bin/nm -B "conftest.o"
configure:5545: output
0000000000000000 B some_variable
configure:5552: result: BSD nm
configure:5555: checking whether ln -s works
configure:5559: result: yes
configure:5567: checking the maximum length of command line arguments
configure:5699: result: 1572864
configure:5747: checking how to convert x86_64-pc-linux-gnu file names to x86_64-pc-linux-gnu format
configure:5788: result: func_convert_file_noop
configure:5795: checking how to convert x86_64-pc-linux-gnu file names to toolchain format
configure:5816: result: func_convert_file_noop
configure:5823: checking for /usr/local/bin/ld option to reload object files
configure:5831: result: -r
configure:5910: checking for file
configure:5931: found /usr/bin/file
configure:5942: result: file
configure:6018: checking for objdump
configure:6039: found /usr/local/bin/objdump
configure:6050: result: objdump
configure:6082: checking how to recognize dependent libraries
configure:6283: result: pass_all
configure:6373: checking for dlltool
configure:6408: result: no
configure:6438: checking how to associate runtime and link libraries
configure:6466: result: printf %s\n
configure:6616: checking for archiver @FILE support
configure:6634: gcc -c -g -O2  conftest.c >&5
configure:6634: $? = 0
configure:6638: ar cr libconftest.a @conftest.lst >&5
configure:6641: $? = 0
configure:6646: ar cr libconftest.a @conftest.lst >&5
ar: conftest.o: No such file or directory
configure:6649: $? = 1
configure:6661: result: @
configure:6724: checking for strip
configure:6745: found /usr/local/bin/strip
configure:6756: result: strip
configure:6833: checking for ranlib
configure:6854: found /usr/local/bin/ranlib
configure:6865: result: ranlib
configure:6967: checking command to parse /usr/local/bin/nm -B output from gcc object
configure:7121: gcc -c -g -O2  conftest.c >&5
configure:7124: $? = 0
configure:7128: /usr/local/bin/nm -B conftest.o | /usr/bin/sed -n -e 's/^.*[	 ]\([ABCDGIRSTW][ABCDGIRSTW]*\)[	 ][	 ]*\([_A-Za-z][_A-Za-z0-9]*\)$/\1 \2 \2/p' | /usr/bin/sed '/ __gnu_lto/d' > conftest.nm
configure:7194: gcc -o conftest -g -O2   conftest.c conftstm.o >&5
configure:7197: $? = 0
configure:7235: result: ok
configure:7282: checking for sysroot
configure:7313: result: no
configure:7320: checking for a working dd
configure:7364: result: /usr/bin/dd
configure:7368: checking how to truncate binary pipes
configure:7384: result: /usr/bin/dd bs=4096 count=1
configure:7521: gcc -c -g -O2  conftest.c >&5
configure:7524: $? = 0
configure:7721: checking for mt
configure:7756: result: no
configure:7776: checking if : is a manifest tool
configure:7783: : '-?'
configure:7791: result: no
configure:8516: checking for stdio.h
configure:8516: gcc -c -g -O2  conftest.c >&5
configure:8516: $? = 0
configure:8516: result: yes
configure:8516: checking for stdlib.h
configure:8516: gcc -c -g -O2  conftest.c >&5
configure:8516: $? = 0
configure:8516: result: yes
configure:8516: checking for string.h
configure:8516: gcc -c -g -O2  conftest.c >&5
configure:8516: $? = 0
configure:8516: result: yes
configure:8516: checking for inttypes.h
configure:8516: gcc -c -g -O2  conftest.c >&5
configure:8516: $? = 0
configure:8516: result: yes
configure:8516: checking for stdint.h
configure:8516: gcc -c -g -O2  conftest.c >&5
configure:8516: $? = 0
configure:8516: result: yes
configure:8516: checking for strings.h
configure:8516: gcc -c -g -O2  conftest.c >&5
configure:8516: $? = 0
configure:8516: result: yes
configure:8516: checking for sys/stat.h
configure:8516: gcc -c -g -O2  conftest.c >&5
configure:8516: $? = 0
configure:8516: result: yes
configure:8516: checking for sys/types.h
configure:8516: gcc -c -g -O2  conftest.c >&5
configure:8516: $? = 0
configure:8516: result: yes
configure:8516: checking for unistd.h
configure:8516: gcc -c -g -O2  conftest.c >&5
configure:8516: $? = 0
configure:8516: result: yes
configure:8541: checking for dlfcn.h
configure:8541: gcc -c -g -O2  conftest.c >&5
configure:8541: $? = 0
configure:8541: result: yes
configure:8800: checking for objdir
configure:8816: result: .libs
configure:9080: checking if gcc supports -fno-rtti -fno-exceptions
configure:9099: gcc -c -g -O2  -fno-rtti -fno-exceptions conftest.c >&5
cc1: warning: command line option '-fno-rtti' is valid for C++/ObjC++ but not for C
configure:9103: $? = 0
configure:9116: result: no
configure:9480: checking for gcc option to produce PIC
configure:9488: result: -fPIC -DPIC
configure:9496: checking if gcc PIC flag -fPIC -DPIC works
configure:9515: gcc -c -g -O2  -fPIC -DPIC -DPIC conftest.c >&5
configure:9519: $? = 0
configure:9532: result: yes
configure:9561: checking if gcc static flag -static works
configure:9590: result: yes
configure:9605: checking if gcc supports -c -o file.o
configure:9627: gcc -c -g -O2  -o out/conftest2.o conftest.c >&5
configure:9631: $? = 0
configure:9653: result: yes
configure:9661: checking if gcc supports -c -o file.o
configure:9709: result: yes
configure:9742: checking whether the gcc linker (/usr/local/bin/ld -m elf_x86_64) supports shared libraries
configure:11016: result: yes
configure:11053: checking whether -lc should be explicitly linked in
configure:11062: gcc -c -g -O2  conftest.c >&5
configure:11065: $? = 0
configure:11080: gcc -shared  -fPIC -DPIC conftest.o  -v -Wl,-soname -Wl,conftest -o conftest 2\>\&1 \| /usr/bin/grep  -lc  \>/dev/null 2\>\&1
configure:11083: $? = 0
configure:11097: result: no
configure:11257: checking dynamic linker characteristics
configure:11839: gcc -o conftest -g -O2   -Wl,-rpath -Wl,/foo conftest.c  >&5
configure:11839: $? = 0
configure:12090: result: GNU/Linux ld.so
configure:12212: checking how to hardcode library paths into programs
configure:12237: result: immediate
configure:12789: checking whether stripping libraries is possible
configure:12798: result: yes
configure:12840: checking if libtool supports shared libraries
configure:12842: result: yes
configure:12845: checking whether to build shared libraries
configure:12870: result: yes
configure:12873: checking whether to build static libraries
configure:12877: result: yes
configure:12914: checking for a sed that does not truncate output
configure:12984: result: /usr/bin/sed
configure:13003: checking whether make supports nested variables
configure:13021: result: yes
configure:13033: checking whether byte ordering is bigendian
configure:13049: gcc -c -g -O2  conftest.c >&5
conftest.c:24:9: error: unknown type name 'not'
         not a universal capable compiler
         ^
conftest.c:24:15: error: expected '=', ',', ';', 'asm' or '__attribute__' before 'universal'
         not a universal capable compiler
               ^
conftest.c:24:15: error: unknown type name 'universal'
configure:13049: $? = 1
configure: failed program was:
| /* confdefs.h */
| #define PACKAGE_NAME "libwebp"
| #define PACKAGE_TARNAME "libwebp"
| #define PACKAGE_VERSION "1.3.1"
| #define PACKAGE_STRING "libwebp 1.3.1"
| #define PACKAGE_BUGREPORT "https://bugs.chromium.org/p/webp"
| #define PACKAGE_URL "https://developers.google.com/speed/webp"
| #define PACKAGE "libwebp"
| #define VERSION "1.3.1"
| #define HAVE_STDIO_H 1
| #define HAVE_STDLIB_H 1
| #define HAVE_STRING_H 1
| #define HAVE_INTTYPES_H 1
| #define HAVE_STDINT_H 1
| #define HAVE_STRINGS_H 1
| #define HAVE_SYS_STAT_H 1
| #define HAVE_SYS_TYPES_H 1
| #define HAVE_UNISTD_H 1
| #define STDC_HEADERS 1
| #define HAVE_DLFCN_H 1
| #define LT_OBJDIR ".libs/"
| /* end confdefs.h.  */
| #ifndef __APPLE_CC__
| 	       not a universal capable compiler
| 	     #endif
| 	     typedef int dummy;
| 
configure:13095: gcc -c -g -O2  conftest.c >&5
configure:13095: $? = 0
configure:13114: gcc -c -g -O2  conftest.c >&5
conftest.c: In function 'main':
conftest.c:30:4: error: unknown type name 'not'
    not big endian
    ^
conftest.c:30:12: error: expected '=', ',', ';', 'asm' or '__attribute__' before 'endian'
    not big endian
            ^
configure:13114: $? = 1
configure: failed program was:
| /* confdefs.h */
| #define PACKAGE_NAME "libwebp"
| #define PACKAGE_TARNAME "libwebp"
| #define PACKAGE_VERSION "1.3.1"
| #define PACKAGE_STRING "libwebp 1.3.1"
| #define PACKAGE_BUGREPORT "https://bugs.chromium.org/p/webp"
| #define PACKAGE_URL "https://developers.google.com/speed/webp"
| #define PACKAGE "libwebp"
| #define VERSION "1.3.1"
| #define HAVE_STDIO_H 1
| #define HAVE_STDLIB_H 1
| #define HAVE_STRING_H 1
| #define HAVE_INTTYPES_H 1
| #define HAVE_STDINT_H 1
| #define HAVE_STRINGS_H 1
| #define HAVE_SYS_STAT_H 1
| #define HAVE_SYS_TYPES_H 1
| #define HAVE_UNISTD_H 1
| #define STDC_HEADERS 1
| #define HAVE_DLFCN_H 1
| #define LT_OBJDIR ".libs/"
| /* end confdefs.h.  */
| #include <sys/types.h>
| 		#include <sys/param.h>
| 
| int
| main (void)
| {
| #if BYTE_ORDER != BIG_ENDIAN
| 		 not big endian
| 		#endif
| 
|   ;
|   return 0;
| }
configure:13248: result: no
configure:13280: checking whether libwebpmux is to be built
configure:13290: result: yes
configure:13301: checking whether libwebpdemux is to be built
configure:13311: result: yes
configure:13322: checking whether decoder library is to be built
configure:13330: result: no
configure:13341: checking whether libwebpextras is to be built
configure:13349: result: no
configure:13361: checking whether asserts are enabled
configure:13372: result: no
configure:13390: checking whether gcc supports -fvisibility=hidden
configure:13396: gcc -c -Werror -fvisibility=hidden  conftest.c >&5
configure:13396: $? = 0
configure:13398: result: yes
configure:13409: checking whether gcc supports -Wall
configure:13415: gcc -c -Werror -Wall  conftest.c >&5
configure:13415: $? = 0
configure:13417: result: yes
configure:13428: checking whether gcc supports -Wconstant-conversion
configure:13434: gcc -c -Werror -Wconstant-conversion  conftest.c >&5
gcc: error: unrecognized command line option '-Wconstant-conversion'
configure:13434: $? = 1
configure: failed program was:
| /* confdefs.h */
| #define PACKAGE_NAME "libwebp"
| #define PACKAGE_TARNAME "libwebp"
| #define PACKAGE_VERSION "1.3.1"
| #define PACKAGE_STRING "libwebp 1.3.1"
| #define PACKAGE_BUGREPORT "https://bugs.chromium.org/p/webp"
| #define PACKAGE_URL "https://developers.google.com/speed/webp"
| #define PACKAGE "libwebp"
| #define VERSION "1.3.1"
| #define HAVE_STDIO_H 1
| #define HAVE_STDLIB_H 1
| #define HAVE_STRING_H 1
| #define HAVE_INTTYPES_H 1
| #define HAVE_STDINT_H 1
| #define HAVE_STRINGS_H 1
| #define HAVE_SYS_STAT_H 1
| #define HAVE_SYS_TYPES_H 1
| #define HAVE_UNISTD_H 1
| #define STDC_HEADERS 1
| #define HAVE_DLFCN_H 1
| #define LT_OBJDIR ".libs/"
| /* end confdefs.h.  */
| int main(void) { return 0; }
configure:13440: result: no
configure:13447: checking whether gcc supports -Wdeclaration-after-statement
configure:13453: gcc -c -Werror -Wdeclaration-after-statement  conftest.c >&5
configure:13453: $? = 0
configure:13455: result: yes
configure:13466: checking whether gcc supports -Wextra
configure:13472: gcc -c -Werror -Wextra  conftest.c >&5
configure:13472: $? = 0
configure:13474: result: yes
configure:13485: checking whether gcc supports -Wfloat-conversion
configure:13491: gcc -c -Werror -Wfloat-conversion  conftest.c >&5
configure:13491: $? = 0
configure:13493: result: yes
configure:13504: checking whether gcc supports -Wformat -Wformat-nonliteral
configure:13510: gcc -c -Werror -Wformat -Wformat-nonliteral  conftest.c >&5
configure:13510: $? = 0
configure:13512: result: yes
configure:13523: checking whether gcc supports -Wformat -Wformat-security
configure:13529: gcc -c -Werror -Wformat -Wformat-security  conftest.c >&5
configure:13529: $? = 0
configure:13531: result: yes
configure:13542: checking whether gcc supports -Wmissing-declarations
configure:13548: gcc -c -Werror -Wmissing-declarations  conftest.c >&5
configure:13548: $? = 0
configure:13550: result: yes
configure:13561: checking whether gcc supports -Wmissing-prototypes
configure:13567: gcc -c -Werror -Wmissing-prototypes  conftest.c >&5
configure:13567: $? = 0
configure:13569: result: yes
configure:13580: checking whether gcc supports -Wold-style-definition
configure:13586: gcc -c -Werror -Wold-style-definition  conftest.c >&5
configure:13586: $? = 0
configure:13588: result: yes
configure:13599: checking whether gcc supports -Wparentheses-equality
configure:13605: gcc -c -Werror -Wparentheses-equality  conftest.c >&5
gcc: error: unrecognized command line option '-Wparentheses-equality'
configure:13605: $? = 1
configure: failed program was:
| /* confdefs.h */
| #define PACKAGE_NAME "libwebp"
| #define PACKAGE_TARNAME "libwebp"
| #define PACKAGE_VERSION "1.3.1"
| #define PACKAGE_STRING "libwebp 1.3.1"
| #define PACKAGE_BUGREPORT "https://bugs.chromium.org/p/webp"
| #define PACKAGE_URL "https://developers.google.com/speed/webp"
| #define PACKAGE "libwebp"
| #define VERSION "1.3.1"
| #define HAVE_STDIO_H 1
| #define HAVE_STDLIB_H 1
| #define HAVE_STRING_H 1
| #define HAVE_INTTYPES_H 1
| #define HAVE_STDINT_H 1
| #define HAVE_STRINGS_H 1
| #define HAVE_SYS_STAT_H 1
| #define HAVE_SYS_TYPES_H 1
| #define HAVE_UNISTD_H 1
| #define STDC_HEADERS 1
| #define HAVE_DLFCN_H 1
| #define LT_OBJDIR ".libs/"
| /* end confdefs.h.  */
| int main(void) { return 0; }
configure:13611: result: no
configure:13618: checking whether gcc supports -Wshadow
configure:13624: gcc -c -Werror -Wshadow  conftest.c >&5
configure:13624: $? = 0
configure:13626: result: yes
configure:13637: checking whether gcc supports -Wshorten-64-to-32
configure:13643: gcc -c -Werror -Wshorten-64-to-32  conftest.c >&5
gcc: error: unrecognized command line option '-Wshorten-64-to-32'
configure:13643: $? = 1
configure: failed program was:
| /* confdefs.h */
| #define PACKAGE_NAME "libwebp"
| #define PACKAGE_TARNAME "libwebp"
| #define PACKAGE_VERSION "1.3.1"
| #define PACKAGE_STRING "libwebp 1.3.1"
| #define PACKAGE_BUGREPORT "https://bugs.chromium.org/p/webp"
| #define PACKAGE_URL "https://developers.google.com/speed/webp"
| #define PACKAGE "libwebp"
| #define VERSION "1.3.1"
| #define HAVE_STDIO_H 1
| #define HAVE_STDLIB_H 1
| #define HAVE_STRING_H 1
| #define HAVE_INTTYPES_H 1
| #define HAVE_STDINT_H 1
| #define HAVE_STRINGS_H 1
| #define HAVE_SYS_STAT_H 1
| #define HAVE_SYS_TYPES_H 1
| #define HAVE_UNISTD_H 1
| #define STDC_HEADERS 1
| #define HAVE_DLFCN_H 1
| #define LT_OBJDIR ".libs/"
| /* end confdefs.h.  */
| int main(void) { return 0; }
configure:13649: result: no
configure:13656: checking whether gcc supports -Wundef
configure:13662: gcc -c -Werror -Wundef  conftest.c >&5
configure:13662: $? = 0
configure:13664: result: yes
configure:13675: checking whether gcc supports -Wunreachable-code-aggressive
configure:13681: gcc -c -Werror -Wunreachable-code-aggressive  conftest.c >&5
gcc: error: unrecognized command line option '-Wunreachable-code-aggressive'
configure:13681: $? = 1
configure: failed program was:
| /* confdefs.h */
| #define PACKAGE_NAME "libwebp"
| #define PACKAGE_TARNAME "libwebp"
| #define PACKAGE_VERSION "1.3.1"
| #define PACKAGE_STRING "libwebp 1.3.1"
| #define PACKAGE_BUGREPORT "https://bugs.chromium.org/p/webp"
| #define PACKAGE_URL "https://developers.google.com/speed/webp"
| #define PACKAGE "libwebp"
| #define VERSION "1.3.1"
| #define HAVE_STDIO_H 1
| #define HAVE_STDLIB_H 1
| #define HAVE_STRING_H 1
| #define HAVE_INTTYPES_H 1
| #define HAVE_STDINT_H 1
| #define HAVE_STRINGS_H 1
| #define HAVE_SYS_STAT_H 1
| #define HAVE_SYS_TYPES_H 1
| #define HAVE_UNISTD_H 1
| #define STDC_HEADERS 1
| #define HAVE_DLFCN_H 1
| #define LT_OBJDIR ".libs/"
| /* end confdefs.h.  */
| int main(void) { return 0; }
configure:13687: result: no
configure:13694: checking whether gcc supports -Wunreachable-code
configure:13700: gcc -c -Werror -Wunreachable-code  conftest.c >&5
configure:13700: $? = 0
configure:13702: result: yes
configure:13713: checking whether gcc supports -Wunused-but-set-variable
configure:13719: gcc -c -Werror -Wunused-but-set-variable  conftest.c >&5
configure:13719: $? = 0
configure:13721: result: yes
configure:13732: checking whether gcc supports -Wunused
configure:13738: gcc -c -Werror -Wunused  conftest.c >&5
configure:13738: $? = 0
configure:13740: result: yes
configure:13751: checking whether gcc supports -Wvla
configure:13757: gcc -c -Werror -Wvla  conftest.c >&5
configure:13757: $? = 0
configure:13759: result: yes
configure:13825: gcc -c -g -O2  conftest.c >&5
configure:13825: $? = 0
configure:13868: checking whether gcc supports -msse4.1
configure:13874: gcc -c -Werror -msse4.1  conftest.c >&5
configure:13874: $? = 0
configure:13876: result: yes
configure:13890: checking for smmintrin.h
configure:13890: gcc -c -g -O2   -msse4.1  conftest.c >&5
configure:13890: $? = 0
configure:13890: result: yes
configure:13918: checking whether gcc supports -msse2
configure:13924: gcc -c -Werror -msse2  conftest.c >&5
configure:13924: $? = 0
configure:13926: result: yes
configure:13940: checking for emmintrin.h
configure:13940: gcc -c -g -O2   -msse2  conftest.c >&5
configure:13940: $? = 0
configure:13940: result: yes
configure:14102: checking for __builtin_bswap16
configure:14115: gcc -o conftest -g -O2   conftest.c  >&5
configure:14115: $? = 0
configure:14117: result: yes
configure:14140: checking for __builtin_bswap32
configure:14153: gcc -o conftest -g -O2   conftest.c  >&5
configure:14153: $? = 0
configure:14155: result: yes
configure:14178: checking for __builtin_bswap64
configure:14191: gcc -o conftest -g -O2   conftest.c  >&5
configure:14191: $? = 0
configure:14193: result: yes
configure:14220: checking for threading support...
configure:14332: checking if compiler needs -Werror to reject unknown flags
configure:14348: gcc -c -g -O2 -Werror -Wunknown-warning-option -Wsizeof-array-argument  conftest.c >&5
gcc: error: unrecognized command line option '-Wunknown-warning-option'
configure:14348: $? = 1
configure: failed program was:
| /* confdefs.h */
| #define PACKAGE_NAME "libwebp"
| #define PACKAGE_TARNAME "libwebp"
| #define PACKAGE_VERSION "1.3.1"
| #define PACKAGE_STRING "libwebp 1.3.1"
| #define PACKAGE_BUGREPORT "https://bugs.chromium.org/p/webp"
| #define PACKAGE_URL "https://developers.google.com/speed/webp"
| #define PACKAGE "libwebp"
| #define VERSION "1.3.1"
| #define HAVE_STDIO_H 1
| #define HAVE_STDLIB_H 1
| #define HAVE_STRING_H 1
| #define HAVE_INTTYPES_H 1
| #define HAVE_STDINT_H 1
| #define HAVE_STRINGS_H 1
| #define HAVE_SYS_STAT_H 1
| #define HAVE_SYS_TYPES_H 1
| #define HAVE_UNISTD_H 1
| #define STDC_HEADERS 1
| #define HAVE_DLFCN_H 1
| #define LT_OBJDIR ".libs/"
| #define WEBP_HAVE_SSE41 1
| #define WEBP_HAVE_SSE2 1
| #define HAVE_BUILTIN_BSWAP16 1
| #define HAVE_BUILTIN_BSWAP32 1
| #define HAVE_BUILTIN_BSWAP64 1
| /* end confdefs.h.  */
| int foo(void);
| int
| main (void)
| {
| foo()
|   ;
|   return 0;
| }
configure:14354: result: no
configure:14425: checking for the pthreads library -lpthreads
configure:14463: gcc -o conftest -g -O2     conftest.c -lpthreads  >&5
/usr/local/bin/ld: cannot find -lpthreads
collect2: error: ld returned 1 exit status
configure:14463: $? = 1
configure: failed program was:
| /* confdefs.h */
| #define PACKAGE_NAME "libwebp"
| #define PACKAGE_TARNAME "libwebp"
| #define PACKAGE_VERSION "1.3.1"
| #define PACKAGE_STRING "libwebp 1.3.1"
| #define PACKAGE_BUGREPORT "https://bugs.chromium.org/p/webp"
| #define PACKAGE_URL "https://developers.google.com/speed/webp"
| #define PACKAGE "libwebp"
| #define VERSION "1.3.1"
| #define HAVE_STDIO_H 1
| #define HAVE_STDLIB_H 1
| #define HAVE_STRING_H 1
| #define HAVE_INTTYPES_H 1
| #define HAVE_STDINT_H 1
| #define HAVE_STRINGS_H 1
| #define HAVE_SYS_STAT_H 1
| #define HAVE_SYS_TYPES_H 1
| #define HAVE_UNISTD_H 1
| #define STDC_HEADERS 1
| #define HAVE_DLFCN_H 1
| #define LT_OBJDIR ".libs/"
| #define WEBP_HAVE_SSE41 1
| #define WEBP_HAVE_SSE2 1
| #define HAVE_BUILTIN_BSWAP16 1
| #define HAVE_BUILTIN_BSWAP32 1
| #define HAVE_BUILTIN_BSWAP64 1
| /* end confdefs.h.  */
| #include <pthread.h>
|                         static void routine(void *a) { a = 0; }
|                         static void *start_routine(void *a) { return a; }
| int
| main (void)
| {
| pthread_t th; pthread_attr_t attr;
|                         pthread_create(&th, 0, start_routine, 0);
|                         pthread_join(th, 0);
|                         pthread_attr_init(&attr);
|                         pthread_cleanup_push(routine, 0);
|                         pthread_cleanup_pop(0) /* ; */
|   ;
|   return 0;
| }
configure:14473: result: no
configure:14365: checking whether pthreads work without any flags
configure:14463: gcc -o conftest -g -O2     conftest.c   >&5
/tmp/ccv3ey8y.o: In function `main':
/data/nginx/SecNginx1202/3partylib/libheif/libwebp-1.3.1/conftest.c:35: undefined reference to `pthread_create'
/data/nginx/SecNginx1202/3partylib/libheif/libwebp-1.3.1/conftest.c:36: undefined reference to `pthread_join'
/data/nginx/SecNginx1202/3partylib/libheif/libwebp-1.3.1/conftest.c:38: undefined reference to `__pthread_register_cancel'
/data/nginx/SecNginx1202/3partylib/libheif/libwebp-1.3.1/conftest.c:39: undefined reference to `__pthread_unregister_cancel'
collect2: error: ld returned 1 exit status
configure:14463: $? = 1
configure: failed program was:
| /* confdefs.h */
| #define PACKAGE_NAME "libwebp"
| #define PACKAGE_TARNAME "libwebp"
| #define PACKAGE_VERSION "1.3.1"
| #define PACKAGE_STRING "libwebp 1.3.1"
| #define PACKAGE_BUGREPORT "https://bugs.chromium.org/p/webp"
| #define PACKAGE_URL "https://developers.google.com/speed/webp"
| #define PACKAGE "libwebp"
| #define VERSION "1.3.1"
| #define HAVE_STDIO_H 1
| #define HAVE_STDLIB_H 1
| #define HAVE_STRING_H 1
| #define HAVE_INTTYPES_H 1
| #define HAVE_STDINT_H 1
| #define HAVE_STRINGS_H 1
| #define HAVE_SYS_STAT_H 1
| #define HAVE_SYS_TYPES_H 1
| #define HAVE_UNISTD_H 1
| #define STDC_HEADERS 1
| #define HAVE_DLFCN_H 1
| #define LT_OBJDIR ".libs/"
| #define WEBP_HAVE_SSE41 1
| #define WEBP_HAVE_SSE2 1
| #define HAVE_BUILTIN_BSWAP16 1
| #define HAVE_BUILTIN_BSWAP32 1
| #define HAVE_BUILTIN_BSWAP64 1
| /* end confdefs.h.  */
| #include <pthread.h>
|                         static void routine(void *a) { a = 0; }
|                         static void *start_routine(void *a) { return a; }
| int
| main (void)
| {
| pthread_t th; pthread_attr_t attr;
|                         pthread_create(&th, 0, start_routine, 0);
|                         pthread_join(th, 0);
|                         pthread_attr_init(&attr);
|                         pthread_cleanup_push(routine, 0);
|                         pthread_cleanup_pop(0) /* ; */
|   ;
|   return 0;
| }
configure:14473: result: no
configure:14370: checking whether pthreads work with -Kthread
configure:14463: gcc -o conftest -g -O2 -Kthread    conftest.c   >&5
gcc: error: unrecognized command line option '-Kthread'
configure:14463: $? = 1
configure: failed program was:
| /* confdefs.h */
| #define PACKAGE_NAME "libwebp"
| #define PACKAGE_TARNAME "libwebp"
| #define PACKAGE_VERSION "1.3.1"
| #define PACKAGE_STRING "libwebp 1.3.1"
| #define PACKAGE_BUGREPORT "https://bugs.chromium.org/p/webp"
| #define PACKAGE_URL "https://developers.google.com/speed/webp"
| #define PACKAGE "libwebp"
| #define VERSION "1.3.1"
| #define HAVE_STDIO_H 1
| #define HAVE_STDLIB_H 1
| #define HAVE_STRING_H 1
| #define HAVE_INTTYPES_H 1
| #define HAVE_STDINT_H 1
| #define HAVE_STRINGS_H 1
| #define HAVE_SYS_STAT_H 1
| #define HAVE_SYS_TYPES_H 1
| #define HAVE_UNISTD_H 1
| #define STDC_HEADERS 1
| #define HAVE_DLFCN_H 1
| #define LT_OBJDIR ".libs/"
| #define WEBP_HAVE_SSE41 1
| #define WEBP_HAVE_SSE2 1
| #define HAVE_BUILTIN_BSWAP16 1
| #define HAVE_BUILTIN_BSWAP32 1
| #define HAVE_BUILTIN_BSWAP64 1
| /* end confdefs.h.  */
| #include <pthread.h>
|                         static void routine(void *a) { a = 0; }
|                         static void *start_routine(void *a) { return a; }
| int
| main (void)
| {
| pthread_t th; pthread_attr_t attr;
|                         pthread_create(&th, 0, start_routine, 0);
|                         pthread_join(th, 0);
|                         pthread_attr_init(&attr);
|                         pthread_cleanup_push(routine, 0);
|                         pthread_cleanup_pop(0) /* ; */
|   ;
|   return 0;
| }
configure:14473: result: no
configure:14370: checking whether pthreads work with -kthread
configure:14463: gcc -o conftest -g -O2 -kthread    conftest.c   >&5
gcc: error: unrecognized command line option '-kthread'
configure:14463: $? = 1
configure: failed program was:
| /* confdefs.h */
| #define PACKAGE_NAME "libwebp"
| #define PACKAGE_TARNAME "libwebp"
| #define PACKAGE_VERSION "1.3.1"
| #define PACKAGE_STRING "libwebp 1.3.1"
| #define PACKAGE_BUGREPORT "https://bugs.chromium.org/p/webp"
| #define PACKAGE_URL "https://developers.google.com/speed/webp"
| #define PACKAGE "libwebp"
| #define VERSION "1.3.1"
| #define HAVE_STDIO_H 1
| #define HAVE_STDLIB_H 1
| #define HAVE_STRING_H 1
| #define HAVE_INTTYPES_H 1
| #define HAVE_STDINT_H 1
| #define HAVE_STRINGS_H 1
| #define HAVE_SYS_STAT_H 1
| #define HAVE_SYS_TYPES_H 1
| #define HAVE_UNISTD_H 1
| #define STDC_HEADERS 1
| #define HAVE_DLFCN_H 1
| #define LT_OBJDIR ".libs/"
| #define WEBP_HAVE_SSE41 1
| #define WEBP_HAVE_SSE2 1
| #define HAVE_BUILTIN_BSWAP16 1
| #define HAVE_BUILTIN_BSWAP32 1
| #define HAVE_BUILTIN_BSWAP64 1
| /* end confdefs.h.  */
| #include <pthread.h>
|                         static void routine(void *a) { a = 0; }
|                         static void *start_routine(void *a) { return a; }
| int
| main (void)
| {
| pthread_t th; pthread_attr_t attr;
|                         pthread_create(&th, 0, start_routine, 0);
|                         pthread_join(th, 0);
|                         pthread_attr_init(&attr);
|                         pthread_cleanup_push(routine, 0);
|                         pthread_cleanup_pop(0) /* ; */
|   ;
|   return 0;
| }
configure:14473: result: no
configure:14425: checking for the pthreads library -llthread
configure:14463: gcc -o conftest -g -O2     conftest.c -llthread  >&5
/usr/local/bin/ld: cannot find -llthread
collect2: error: ld returned 1 exit status
configure:14463: $? = 1
configure: failed program was:
| /* confdefs.h */
| #define PACKAGE_NAME "libwebp"
| #define PACKAGE_TARNAME "libwebp"
| #define PACKAGE_VERSION "1.3.1"
| #define PACKAGE_STRING "libwebp 1.3.1"
| #define PACKAGE_BUGREPORT "https://bugs.chromium.org/p/webp"
| #define PACKAGE_URL "https://developers.google.com/speed/webp"
| #define PACKAGE "libwebp"
| #define VERSION "1.3.1"
| #define HAVE_STDIO_H 1
| #define HAVE_STDLIB_H 1
| #define HAVE_STRING_H 1
| #define HAVE_INTTYPES_H 1
| #define HAVE_STDINT_H 1
| #define HAVE_STRINGS_H 1
| #define HAVE_SYS_STAT_H 1
| #define HAVE_SYS_TYPES_H 1
| #define HAVE_UNISTD_H 1
| #define STDC_HEADERS 1
| #define HAVE_DLFCN_H 1
| #define LT_OBJDIR ".libs/"
| #define WEBP_HAVE_SSE41 1
| #define WEBP_HAVE_SSE2 1
| #define HAVE_BUILTIN_BSWAP16 1
| #define HAVE_BUILTIN_BSWAP32 1
| #define HAVE_BUILTIN_BSWAP64 1
| /* end confdefs.h.  */
| #include <pthread.h>
|                         static void routine(void *a) { a = 0; }
|                         static void *start_routine(void *a) { return a; }
| int
| main (void)
| {
| pthread_t th; pthread_attr_t attr;
|                         pthread_create(&th, 0, start_routine, 0);
|                         pthread_join(th, 0);
|                         pthread_attr_init(&attr);
|                         pthread_cleanup_push(routine, 0);
|                         pthread_cleanup_pop(0) /* ; */
|   ;
|   return 0;
| }
configure:14473: result: no
configure:14370: checking whether pthreads work with -pthread
configure:14463: gcc -o conftest -g -O2 -pthread    conftest.c   >&5
configure:14463: $? = 0
configure:14473: result: yes
configure:14492: checking for joinable pthread attribute
configure:14507: gcc -o conftest -g -O2 -pthread   conftest.c   >&5
configure:14507: $? = 0
configure:14514: result: PTHREAD_CREATE_JOINABLE
configure:14522: checking if more special flags are required for pthreads
configure:14537: result: no
configure:14543: checking for PTHREAD_PRIO_INHERIT
configure:14561: gcc -o conftest -g -O2 -pthread   conftest.c   >&5
configure:14561: $? = 0
configure:14571: result: yes
configure:14691: checking if threading is enabled... yes
configure:14772: checking for GL/glut.h
configure:14772: gcc -c -g -O2 -pthread   conftest.c >&5
conftest.c:58:21: fatal error: GL/glut.h: No such file or directory
compilation terminated.
configure:14772: $? = 1
configure: failed program was:
| /* confdefs.h */
| #define PACKAGE_NAME "libwebp"
| #define PACKAGE_TARNAME "libwebp"
| #define PACKAGE_VERSION "1.3.1"
| #define PACKAGE_STRING "libwebp 1.3.1"
| #define PACKAGE_BUGREPORT "https://bugs.chromium.org/p/webp"
| #define PACKAGE_URL "https://developers.google.com/speed/webp"
| #define PACKAGE "libwebp"
| #define VERSION "1.3.1"
| #define HAVE_STDIO_H 1
| #define HAVE_STDLIB_H 1
| #define HAVE_STRING_H 1
| #define HAVE_INTTYPES_H 1
| #define HAVE_STDINT_H 1
| #define HAVE_STRINGS_H 1
| #define HAVE_SYS_STAT_H 1
| #define HAVE_SYS_TYPES_H 1
| #define HAVE_UNISTD_H 1
| #define STDC_HEADERS 1
| #define HAVE_DLFCN_H 1
| #define LT_OBJDIR ".libs/"
| #define WEBP_HAVE_SSE41 1
| #define WEBP_HAVE_SSE2 1
| #define HAVE_BUILTIN_BSWAP16 1
| #define HAVE_BUILTIN_BSWAP32 1
| #define HAVE_BUILTIN_BSWAP64 1
| #define HAVE_PTHREAD_PRIO_INHERIT 1
| #define WEBP_USE_THREAD 1
| /* end confdefs.h.  */
| #include <stddef.h>
| #ifdef HAVE_STDIO_H
| # include <stdio.h>
| #endif
| #ifdef HAVE_STDLIB_H
| # include <stdlib.h>
| #endif
| #ifdef HAVE_STRING_H
| # include <string.h>
| #endif
| #ifdef HAVE_INTTYPES_H
| # include <inttypes.h>
| #endif
| #ifdef HAVE_STDINT_H
| # include <stdint.h>
| #endif
| #ifdef HAVE_STRINGS_H
| # include <strings.h>
| #endif
| #ifdef HAVE_SYS_TYPES_H
| # include <sys/types.h>
| #endif
| #ifdef HAVE_SYS_STAT_H
| # include <sys/stat.h>
| #endif
| #ifdef HAVE_UNISTD_H
| # include <unistd.h>
| #endif
| #include <GL/glut.h>
configure:14772: result: no
configure:14772: checking for GLUT/glut.h
configure:14772: gcc -c -g -O2 -pthread   conftest.c >&5
conftest.c:58:23: fatal error: GLUT/glut.h: No such file or directory
compilation terminated.
configure:14772: $? = 1
configure: failed program was:
| /* confdefs.h */
| #define PACKAGE_NAME "libwebp"
| #define PACKAGE_TARNAME "libwebp"
| #define PACKAGE_VERSION "1.3.1"
| #define PACKAGE_STRING "libwebp 1.3.1"
| #define PACKAGE_BUGREPORT "https://bugs.chromium.org/p/webp"
| #define PACKAGE_URL "https://developers.google.com/speed/webp"
| #define PACKAGE "libwebp"
| #define VERSION "1.3.1"
| #define HAVE_STDIO_H 1
| #define HAVE_STDLIB_H 1
| #define HAVE_STRING_H 1
| #define HAVE_INTTYPES_H 1
| #define HAVE_STDINT_H 1
| #define HAVE_STRINGS_H 1
| #define HAVE_SYS_STAT_H 1
| #define HAVE_SYS_TYPES_H 1
| #define HAVE_UNISTD_H 1
| #define STDC_HEADERS 1
| #define HAVE_DLFCN_H 1
| #define LT_OBJDIR ".libs/"
| #define WEBP_HAVE_SSE41 1
| #define WEBP_HAVE_SSE2 1
| #define HAVE_BUILTIN_BSWAP16 1
| #define HAVE_BUILTIN_BSWAP32 1
| #define HAVE_BUILTIN_BSWAP64 1
| #define HAVE_PTHREAD_PRIO_INHERIT 1
| #define WEBP_USE_THREAD 1
| /* end confdefs.h.  */
| #include <stddef.h>
| #ifdef HAVE_STDIO_H
| # include <stdio.h>
| #endif
| #ifdef HAVE_STDLIB_H
| # include <stdlib.h>
| #endif
| #ifdef HAVE_STRING_H
| # include <string.h>
| #endif
| #ifdef HAVE_INTTYPES_H
| # include <inttypes.h>
| #endif
| #ifdef HAVE_STDINT_H
| # include <stdint.h>
| #endif
| #ifdef HAVE_STRINGS_H
| # include <strings.h>
| #endif
| #ifdef HAVE_SYS_TYPES_H
| # include <sys/types.h>
| #endif
| #ifdef HAVE_SYS_STAT_H
| # include <sys/stat.h>
| #endif
| #ifdef HAVE_UNISTD_H
| # include <unistd.h>
| #endif
| #include <GLUT/glut.h>
configure:14772: result: no
configure:14772: checking for OpenGL/glut.h
configure:14772: gcc -c -g -O2 -pthread   conftest.c >&5
conftest.c:58:25: fatal error: OpenGL/glut.h: No such file or directory
compilation terminated.
configure:14772: $? = 1
configure: failed program was:
| /* confdefs.h */
| #define PACKAGE_NAME "libwebp"
| #define PACKAGE_TARNAME "libwebp"
| #define PACKAGE_VERSION "1.3.1"
| #define PACKAGE_STRING "libwebp 1.3.1"
| #define PACKAGE_BUGREPORT "https://bugs.chromium.org/p/webp"
| #define PACKAGE_URL "https://developers.google.com/speed/webp"
| #define PACKAGE "libwebp"
| #define VERSION "1.3.1"
| #define HAVE_STDIO_H 1
| #define HAVE_STDLIB_H 1
| #define HAVE_STRING_H 1
| #define HAVE_INTTYPES_H 1
| #define HAVE_STDINT_H 1
| #define HAVE_STRINGS_H 1
| #define HAVE_SYS_STAT_H 1
| #define HAVE_SYS_TYPES_H 1
| #define HAVE_UNISTD_H 1
| #define STDC_HEADERS 1
| #define HAVE_DLFCN_H 1
| #define LT_OBJDIR ".libs/"
| #define WEBP_HAVE_SSE41 1
| #define WEBP_HAVE_SSE2 1
| #define HAVE_BUILTIN_BSWAP16 1
| #define HAVE_BUILTIN_BSWAP32 1
| #define HAVE_BUILTIN_BSWAP64 1
| #define HAVE_PTHREAD_PRIO_INHERIT 1
| #define WEBP_USE_THREAD 1
| /* end confdefs.h.  */
| #include <stddef.h>
| #ifdef HAVE_STDIO_H
| # include <stdio.h>
| #endif
| #ifdef HAVE_STDLIB_H
| # include <stdlib.h>
| #endif
| #ifdef HAVE_STRING_H
| # include <string.h>
| #endif
| #ifdef HAVE_INTTYPES_H
| # include <inttypes.h>
| #endif
| #ifdef HAVE_STDINT_H
| # include <stdint.h>
| #endif
| #ifdef HAVE_STRINGS_H
| # include <strings.h>
| #endif
| #ifdef HAVE_SYS_TYPES_H
| # include <sys/types.h>
| #endif
| #ifdef HAVE_SYS_STAT_H
| # include <sys/stat.h>
| #endif
| #ifdef HAVE_UNISTD_H
| # include <unistd.h>
| #endif
| #include <OpenGL/glut.h>
configure:14772: result: no
configure:14934: Not building vwebp. OpenGL libraries and --enable-libwebpdemux are required.
configure:14963: checking for sdl-config
configure:15001: result: no
configure:15034: checking for SDL/SDL.h
configure:15034: gcc -c -g -O2 -pthread   conftest.c >&5
conftest.c:58:21: fatal error: SDL/SDL.h: No such file or directory
compilation terminated.
configure:15034: $? = 1
configure: failed program was:
| /* confdefs.h */
| #define PACKAGE_NAME "libwebp"
| #define PACKAGE_TARNAME "libwebp"
| #define PACKAGE_VERSION "1.3.1"
| #define PACKAGE_STRING "libwebp 1.3.1"
| #define PACKAGE_BUGREPORT "https://bugs.chromium.org/p/webp"
| #define PACKAGE_URL "https://developers.google.com/speed/webp"
| #define PACKAGE "libwebp"
| #define VERSION "1.3.1"
| #define HAVE_STDIO_H 1
| #define HAVE_STDLIB_H 1
| #define HAVE_STRING_H 1
| #define HAVE_INTTYPES_H 1
| #define HAVE_STDINT_H 1
| #define HAVE_STRINGS_H 1
| #define HAVE_SYS_STAT_H 1
| #define HAVE_SYS_TYPES_H 1
| #define HAVE_UNISTD_H 1
| #define STDC_HEADERS 1
| #define HAVE_DLFCN_H 1
| #define LT_OBJDIR ".libs/"
| #define WEBP_HAVE_SSE41 1
| #define WEBP_HAVE_SSE2 1
| #define HAVE_BUILTIN_BSWAP16 1
| #define HAVE_BUILTIN_BSWAP32 1
| #define HAVE_BUILTIN_BSWAP64 1
| #define HAVE_PTHREAD_PRIO_INHERIT 1
| #define WEBP_USE_THREAD 1
| /* end confdefs.h.  */
| #include <stddef.h>
| #ifdef HAVE_STDIO_H
| # include <stdio.h>
| #endif
| #ifdef HAVE_STDLIB_H
| # include <stdlib.h>
| #endif
| #ifdef HAVE_STRING_H
| # include <string.h>
| #endif
| #ifdef HAVE_INTTYPES_H
| # include <inttypes.h>
| #endif
| #ifdef HAVE_STDINT_H
| # include <stdint.h>
| #endif
| #ifdef HAVE_STRINGS_H
| # include <strings.h>
| #endif
| #ifdef HAVE_SYS_TYPES_H
| # include <sys/types.h>
| #endif
| #ifdef HAVE_SYS_STAT_H
| # include <sys/stat.h>
| #endif
| #ifdef HAVE_UNISTD_H
| # include <unistd.h>
| #endif
| #include <SDL/SDL.h>
configure:15034: result: no
configure:15039: checking for SDL.h
configure:15039: gcc -c -g -O2 -pthread   conftest.c >&5
conftest.c:58:17: fatal error: SDL.h: No such file or directory
compilation terminated.
configure:15039: $? = 1
configure: failed program was:
| /* confdefs.h */
| #define PACKAGE_NAME "libwebp"
| #define PACKAGE_TARNAME "libwebp"
| #define PACKAGE_VERSION "1.3.1"
| #define PACKAGE_STRING "libwebp 1.3.1"
| #define PACKAGE_BUGREPORT "https://bugs.chromium.org/p/webp"
| #define PACKAGE_URL "https://developers.google.com/speed/webp"
| #define PACKAGE "libwebp"
| #define VERSION "1.3.1"
| #define HAVE_STDIO_H 1
| #define HAVE_STDLIB_H 1
| #define HAVE_STRING_H 1
| #define HAVE_INTTYPES_H 1
| #define HAVE_STDINT_H 1
| #define HAVE_STRINGS_H 1
| #define HAVE_SYS_STAT_H 1
| #define HAVE_SYS_TYPES_H 1
| #define HAVE_UNISTD_H 1
| #define STDC_HEADERS 1
| #define HAVE_DLFCN_H 1
| #define LT_OBJDIR ".libs/"
| #define WEBP_HAVE_SSE41 1
| #define WEBP_HAVE_SSE2 1
| #define HAVE_BUILTIN_BSWAP16 1
| #define HAVE_BUILTIN_BSWAP32 1
| #define HAVE_BUILTIN_BSWAP64 1
| #define HAVE_PTHREAD_PRIO_INHERIT 1
| #define WEBP_USE_THREAD 1
| /* end confdefs.h.  */
| #include <stddef.h>
| #ifdef HAVE_STDIO_H
| # include <stdio.h>
| #endif
| #ifdef HAVE_STDLIB_H
| # include <stdlib.h>
| #endif
| #ifdef HAVE_STRING_H
| # include <string.h>
| #endif
| #ifdef HAVE_INTTYPES_H
| # include <inttypes.h>
| #endif
| #ifdef HAVE_STDINT_H
| # include <stdint.h>
| #endif
| #ifdef HAVE_STRINGS_H
| # include <strings.h>
| #endif
| #ifdef HAVE_SYS_TYPES_H
| # include <sys/types.h>
| #endif
| #ifdef HAVE_SYS_STAT_H
| # include <sys/stat.h>
| #endif
| #ifdef HAVE_UNISTD_H
| # include <unistd.h>
| #endif
| #include <SDL.h>
configure:15039: result: no
configure:15044: WARNING: SDL library not available - no sdl.h
configure:15105: Not building vwebp-sdl. SDL library is required.
configure:15136: checking for libpng-config
configure:15174: result: no
configure:15136: checking for libpng16-config
configure:15174: result: no
configure:15136: checking for libpng15-config
configure:15174: result: no
configure:15136: checking for libpng14-config
configure:15174: result: no
configure:15136: checking for libpng12-config
configure:15174: result: no
configure:15206: checking for png.h
configure:15206: gcc -c -g -O2 -pthread   conftest.c >&5
conftest.c:58:17: fatal error: png.h: No such file or directory
compilation terminated.
configure:15206: $? = 1
configure: failed program was:
| /* confdefs.h */
| #define PACKAGE_NAME "libwebp"
| #define PACKAGE_TARNAME "libwebp"
| #define PACKAGE_VERSION "1.3.1"
| #define PACKAGE_STRING "libwebp 1.3.1"
| #define PACKAGE_BUGREPORT "https://bugs.chromium.org/p/webp"
| #define PACKAGE_URL "https://developers.google.com/speed/webp"
| #define PACKAGE "libwebp"
| #define VERSION "1.3.1"
| #define HAVE_STDIO_H 1
| #define HAVE_STDLIB_H 1
| #define HAVE_STRING_H 1
| #define HAVE_INTTYPES_H 1
| #define HAVE_STDINT_H 1
| #define HAVE_STRINGS_H 1
| #define HAVE_SYS_STAT_H 1
| #define HAVE_SYS_TYPES_H 1
| #define HAVE_UNISTD_H 1
| #define STDC_HEADERS 1
| #define HAVE_DLFCN_H 1
| #define LT_OBJDIR ".libs/"
| #define WEBP_HAVE_SSE41 1
| #define WEBP_HAVE_SSE2 1
| #define HAVE_BUILTIN_BSWAP16 1
| #define HAVE_BUILTIN_BSWAP32 1
| #define HAVE_BUILTIN_BSWAP64 1
| #define HAVE_PTHREAD_PRIO_INHERIT 1
| #define WEBP_USE_THREAD 1
| /* end confdefs.h.  */
| #include <stddef.h>
| #ifdef HAVE_STDIO_H
| # include <stdio.h>
| #endif
| #ifdef HAVE_STDLIB_H
| # include <stdlib.h>
| #endif
| #ifdef HAVE_STRING_H
| # include <string.h>
| #endif
| #ifdef HAVE_INTTYPES_H
| # include <inttypes.h>
| #endif
| #ifdef HAVE_STDINT_H
| # include <stdint.h>
| #endif
| #ifdef HAVE_STRINGS_H
| # include <strings.h>
| #endif
| #ifdef HAVE_SYS_TYPES_H
| # include <sys/types.h>
| #endif
| #ifdef HAVE_SYS_STAT_H
| # include <sys/stat.h>
| #endif
| #ifdef HAVE_UNISTD_H
| # include <unistd.h>
| #endif
| #include <png.h>
configure:15206: result: no
configure:15282: WARNING: png library not available - no png.h
configure:15326: checking for jpeglib.h
configure:15326: gcc -c -g -O2 -pthread   conftest.c >&5
conftest.c:58:21: fatal error: jpeglib.h: No such file or directory
compilation terminated.
configure:15326: $? = 1
configure: failed program was:
| /* confdefs.h */
| #define PACKAGE_NAME "libwebp"
| #define PACKAGE_TARNAME "libwebp"
| #define PACKAGE_VERSION "1.3.1"
| #define PACKAGE_STRING "libwebp 1.3.1"
| #define PACKAGE_BUGREPORT "https://bugs.chromium.org/p/webp"
| #define PACKAGE_URL "https://developers.google.com/speed/webp"
| #define PACKAGE "libwebp"
| #define VERSION "1.3.1"
| #define HAVE_STDIO_H 1
| #define HAVE_STDLIB_H 1
| #define HAVE_STRING_H 1
| #define HAVE_INTTYPES_H 1
| #define HAVE_STDINT_H 1
| #define HAVE_STRINGS_H 1
| #define HAVE_SYS_STAT_H 1
| #define HAVE_SYS_TYPES_H 1
| #define HAVE_UNISTD_H 1
| #define STDC_HEADERS 1
| #define HAVE_DLFCN_H 1
| #define LT_OBJDIR ".libs/"
| #define WEBP_HAVE_SSE41 1
| #define WEBP_HAVE_SSE2 1
| #define HAVE_BUILTIN_BSWAP16 1
| #define HAVE_BUILTIN_BSWAP32 1
| #define HAVE_BUILTIN_BSWAP64 1
| #define HAVE_PTHREAD_PRIO_INHERIT 1
| #define WEBP_USE_THREAD 1
| /* end confdefs.h.  */
| #include <stddef.h>
| #ifdef HAVE_STDIO_H
| # include <stdio.h>
| #endif
| #ifdef HAVE_STDLIB_H
| # include <stdlib.h>
| #endif
| #ifdef HAVE_STRING_H
| # include <string.h>
| #endif
| #ifdef HAVE_INTTYPES_H
| # include <inttypes.h>
| #endif
| #ifdef HAVE_STDINT_H
| # include <stdint.h>
| #endif
| #ifdef HAVE_STRINGS_H
| # include <strings.h>
| #endif
| #ifdef HAVE_SYS_TYPES_H
| # include <sys/types.h>
| #endif
| #ifdef HAVE_SYS_STAT_H
| # include <sys/stat.h>
| #endif
| #ifdef HAVE_UNISTD_H
| # include <unistd.h>
| #endif
| #include <jpeglib.h>
configure:15326: result: no
configure:15379: WARNING: jpeg library not available - no jpeglib.h
configure:15421: checking for tiffio.h
configure:15421: gcc -c -g -O2 -pthread   conftest.c >&5
conftest.c:58:20: fatal error: tiffio.h: No such file or directory
compilation terminated.
configure:15421: $? = 1
configure: failed program was:
| /* confdefs.h */
| #define PACKAGE_NAME "libwebp"
| #define PACKAGE_TARNAME "libwebp"
| #define PACKAGE_VERSION "1.3.1"
| #define PACKAGE_STRING "libwebp 1.3.1"
| #define PACKAGE_BUGREPORT "https://bugs.chromium.org/p/webp"
| #define PACKAGE_URL "https://developers.google.com/speed/webp"
| #define PACKAGE "libwebp"
| #define VERSION "1.3.1"
| #define HAVE_STDIO_H 1
| #define HAVE_STDLIB_H 1
| #define HAVE_STRING_H 1
| #define HAVE_INTTYPES_H 1
| #define HAVE_STDINT_H 1
| #define HAVE_STRINGS_H 1
| #define HAVE_SYS_STAT_H 1
| #define HAVE_SYS_TYPES_H 1
| #define HAVE_UNISTD_H 1
| #define STDC_HEADERS 1
| #define HAVE_DLFCN_H 1
| #define LT_OBJDIR ".libs/"
| #define WEBP_HAVE_SSE41 1
| #define WEBP_HAVE_SSE2 1
| #define HAVE_BUILTIN_BSWAP16 1
| #define HAVE_BUILTIN_BSWAP32 1
| #define HAVE_BUILTIN_BSWAP64 1
| #define HAVE_PTHREAD_PRIO_INHERIT 1
| #define WEBP_USE_THREAD 1
| /* end confdefs.h.  */
| #include <stddef.h>
| #ifdef HAVE_STDIO_H
| # include <stdio.h>
| #endif
| #ifdef HAVE_STDLIB_H
| # include <stdlib.h>
| #endif
| #ifdef HAVE_STRING_H
| # include <string.h>
| #endif
| #ifdef HAVE_INTTYPES_H
| # include <inttypes.h>
| #endif
| #ifdef HAVE_STDINT_H
| # include <stdint.h>
| #endif
| #ifdef HAVE_STRINGS_H
| # include <strings.h>
| #endif
| #ifdef HAVE_SYS_TYPES_H
| # include <sys/types.h>
| #endif
| #ifdef HAVE_SYS_STAT_H
| # include <sys/stat.h>
| #endif
| #ifdef HAVE_UNISTD_H
| # include <unistd.h>
| #endif
| #include <tiffio.h>
configure:15421: result: no
configure:15474: WARNING: tiff library not available - no tiffio.h
configure:15516: checking for gif_lib.h
configure:15516: gcc -c -g -O2 -pthread   conftest.c >&5
conftest.c:58:21: fatal error: gif_lib.h: No such file or directory
compilation terminated.
configure:15516: $? = 1
configure: failed program was:
| /* confdefs.h */
| #define PACKAGE_NAME "libwebp"
| #define PACKAGE_TARNAME "libwebp"
| #define PACKAGE_VERSION "1.3.1"
| #define PACKAGE_STRING "libwebp 1.3.1"
| #define PACKAGE_BUGREPORT "https://bugs.chromium.org/p/webp"
| #define PACKAGE_URL "https://developers.google.com/speed/webp"
| #define PACKAGE "libwebp"
| #define VERSION "1.3.1"
| #define HAVE_STDIO_H 1
| #define HAVE_STDLIB_H 1
| #define HAVE_STRING_H 1
| #define HAVE_INTTYPES_H 1
| #define HAVE_STDINT_H 1
| #define HAVE_STRINGS_H 1
| #define HAVE_SYS_STAT_H 1
| #define HAVE_SYS_TYPES_H 1
| #define HAVE_UNISTD_H 1
| #define STDC_HEADERS 1
| #define HAVE_DLFCN_H 1
| #define LT_OBJDIR ".libs/"
| #define WEBP_HAVE_SSE41 1
| #define WEBP_HAVE_SSE2 1
| #define HAVE_BUILTIN_BSWAP16 1
| #define HAVE_BUILTIN_BSWAP32 1
| #define HAVE_BUILTIN_BSWAP64 1
| #define HAVE_PTHREAD_PRIO_INHERIT 1
| #define WEBP_USE_THREAD 1
| /* end confdefs.h.  */
| #include <stddef.h>
| #ifdef HAVE_STDIO_H
| # include <stdio.h>
| #endif
| #ifdef HAVE_STDLIB_H
| # include <stdlib.h>
| #endif
| #ifdef HAVE_STRING_H
| # include <string.h>
| #endif
| #ifdef HAVE_INTTYPES_H
| # include <inttypes.h>
| #endif
| #ifdef HAVE_STDINT_H
| # include <stdint.h>
| #endif
| #ifdef HAVE_STRINGS_H
| # include <strings.h>
| #endif
| #ifdef HAVE_SYS_TYPES_H
| # include <sys/types.h>
| #endif
| #ifdef HAVE_SYS_STAT_H
| # include <sys/stat.h>
| #endif
| #ifdef HAVE_UNISTD_H
| # include <unistd.h>
| #endif
| #include <gif_lib.h>
configure:15516: result: no
configure:15568: WARNING: gif library not available - no gif_lib.h
configure:15582: Not building anim_diff. libgif and --enable-libwebpdemux are required.
configure:15590: Not building gif2webp. libgif and --enable-libwebpmux are required.
configure:15736: checking if --enable-swap-16bit-csp option is specified
configure:15747: result: no
configure:15755: checking if --disable-near-lossless option is specified
configure:15772: result: no
configure:15894: checking that generated files are newer than configure
configure:15900: result: done
configure:15964: creating ./config.status

## ---------------------- ##
## Running config.status. ##
## ---------------------- ##

This file was extended by libwebp config.status 1.3.1, which was
generated by GNU Autoconf 2.71.  Invocation command line was

  CONFIG_FILES    = 
  CONFIG_HEADERS  = 
  CONFIG_LINKS    = 
  CONFIG_COMMANDS = 
  $ ./config.status 

on VM-63-145-centos

config.status:1155: creating Makefile
config.status:1155: creating src/Makefile
config.status:1155: creating man/Makefile
config.status:1155: creating examples/Makefile
config.status:1155: creating extras/Makefile
config.status:1155: creating imageio/Makefile
config.status:1155: creating sharpyuv/Makefile
config.status:1155: creating sharpyuv/libsharpyuv.pc
config.status:1155: creating src/dec/Makefile
config.status:1155: creating src/enc/Makefile
config.status:1155: creating src/dsp/Makefile
config.status:1155: creating src/demux/Makefile
config.status:1155: creating src/mux/Makefile
config.status:1155: creating src/utils/Makefile
config.status:1155: creating src/libwebp.pc
config.status:1155: creating src/libwebpdecoder.pc
config.status:1155: creating src/demux/libwebpdemux.pc
config.status:1155: creating src/mux/libwebpmux.pc
config.status:1155: creating src/webp/config.h
config.status:1384: executing depfiles commands
config.status:1461: cd examples       && sed -e '/# am--include-marker/d' Makefile         | make -f - am--depfiles
config.status:1466: $? = 0
config.status:1461: cd extras       && sed -e '/# am--include-marker/d' Makefile         | make -f - am--depfiles
config.status:1466: $? = 0
config.status:1461: cd imageio       && sed -e '/# am--include-marker/d' Makefile         | make -f - am--depfiles
config.status:1466: $? = 0
config.status:1461: cd sharpyuv       && sed -e '/# am--include-marker/d' Makefile         | make -f - am--depfiles
config.status:1466: $? = 0
config.status:1461: cd src/dec       && sed -e '/# am--include-marker/d' Makefile         | make -f - am--depfiles
config.status:1466: $? = 0
config.status:1461: cd src/enc       && sed -e '/# am--include-marker/d' Makefile         | make -f - am--depfiles
config.status:1466: $? = 0
config.status:1461: cd src/dsp       && sed -e '/# am--include-marker/d' Makefile         | make -f - am--depfiles
config.status:1466: $? = 0
config.status:1461: cd src/demux       && sed -e '/# am--include-marker/d' Makefile         | make -f - am--depfiles
config.status:1466: $? = 0
config.status:1461: cd src/mux       && sed -e '/# am--include-marker/d' Makefile         | make -f - am--depfiles
config.status:1466: $? = 0
config.status:1461: cd src/utils       && sed -e '/# am--include-marker/d' Makefile         | make -f - am--depfiles
config.status:1466: $? = 0
config.status:1384: executing libtool commands
configure:18132:
WebP Configuration Summary
--------------------------

Shared libraries: yes
Static libraries: yes
Threading support: yes
libwebp: yes
libwebpdecoder: no
libwebpdemux: yes
libwebpmux: yes
libwebpextras: no

Tools:
cwebp : yes
  Input format support
  ====================
  JPEG : no
  PNG  : no
  TIFF : no
  WIC  : no
dwebp : yes
  Output format support
  =====================
  PNG  : no
  WIC  : no
GIF support : no
anim_diff   : no
gif2webp    : no
img2webp    : yes
webpmux     : yes
vwebp       : no
webpinfo    : yes
SDL support : no
vwebp_sdl   : no


## ---------------- ##
## Cache variables. ##
## ---------------- ##

ac_cv_build=x86_64-pc-linux-gnu
ac_cv_c_bigendian=no
ac_cv_c_compiler_gnu=yes
ac_cv_env_CC_set=
ac_cv_env_CC_value=
ac_cv_env_CFLAGS_set=
ac_cv_env_CFLAGS_value=
ac_cv_env_CPPFLAGS_set=
ac_cv_env_CPPFLAGS_value=
ac_cv_env_LDFLAGS_set=
ac_cv_env_LDFLAGS_value=
ac_cv_env_LIBS_set=
ac_cv_env_LIBS_value=
ac_cv_env_LT_SYS_LIBRARY_PATH_set=
ac_cv_env_LT_SYS_LIBRARY_PATH_value=
ac_cv_env_build_alias_set=
ac_cv_env_build_alias_value=
ac_cv_env_host_alias_set=
ac_cv_env_host_alias_value=
ac_cv_env_target_alias_set=
ac_cv_env_target_alias_value=
ac_cv_header_GLUT_glut_h=no
ac_cv_header_GL_glut_h=no
ac_cv_header_OpenGL_glut_h=no
ac_cv_header_SDL_SDL_h=no
ac_cv_header_SDL_h=no
ac_cv_header_dlfcn_h=yes
ac_cv_header_emmintrin_h=yes
ac_cv_header_gif_lib_h=no
ac_cv_header_inttypes_h=yes
ac_cv_header_jpeglib_h=no
ac_cv_header_png_h=no
ac_cv_header_smmintrin_h=yes
ac_cv_header_stdint_h=yes
ac_cv_header_stdio_h=yes
ac_cv_header_stdlib_h=yes
ac_cv_header_string_h=yes
ac_cv_header_strings_h=yes
ac_cv_header_sys_stat_h=yes
ac_cv_header_sys_types_h=yes
ac_cv_header_tiffio_h=no
ac_cv_header_unistd_h=yes
ac_cv_host=x86_64-pc-linux-gnu
ac_cv_objext=o
ac_cv_path_EGREP='/usr/bin/grep -E'
ac_cv_path_FGREP='/usr/bin/grep -F'
ac_cv_path_GREP=/usr/bin/grep
ac_cv_path_SED=/usr/bin/sed
ac_cv_path_install='/usr/bin/install -c'
ac_cv_path_lt_DD=/usr/bin/dd
ac_cv_path_mkdir=/usr/bin/mkdir
ac_cv_prog_AWK=gawk
ac_cv_prog_ac_ct_AR=ar
ac_cv_prog_ac_ct_CC=gcc
ac_cv_prog_ac_ct_FILECMD=file
ac_cv_prog_ac_ct_OBJDUMP=objdump
ac_cv_prog_ac_ct_RANLIB=ranlib
ac_cv_prog_ac_ct_STRIP=strip
ac_cv_prog_cc_c11=
ac_cv_prog_cc_g=yes
ac_cv_prog_cc_stdc=
ac_cv_prog_make_make_set=yes
am_cv_CC_dependencies_compiler_type=gcc3
am_cv_ar_interface=ar
am_cv_make_support_nested_variables=yes
am_cv_prog_cc_c_o=yes
ax_cv_PTHREAD_PRIO_INHERIT=yes
lt_cv_ar_at_file=@
lt_cv_archive_cmds_need_lc=no
lt_cv_deplibs_check_method=pass_all
lt_cv_file_magic_cmd='$MAGIC_CMD'
lt_cv_file_magic_test_file=
lt_cv_ld_reload_flag=-r
lt_cv_nm_interface='BSD nm'
lt_cv_objdir=.libs
lt_cv_path_LD=/usr/local/bin/ld
lt_cv_path_NM='/usr/local/bin/nm -B'
lt_cv_path_mainfest_tool=no
lt_cv_prog_compiler_c_o=yes
lt_cv_prog_compiler_pic='-fPIC -DPIC'
lt_cv_prog_compiler_pic_works=yes
lt_cv_prog_compiler_rtti_exceptions=no
lt_cv_prog_compiler_static_works=yes
lt_cv_prog_gnu_ld=yes
lt_cv_sharedlib_from_linklib_cmd='printf %s\n'
lt_cv_shlibpath_overrides_runpath=no
lt_cv_sys_global_symbol_pipe='/usr/bin/sed -n -e '\''s/^.*[	 ]\([ABCDGIRSTW][ABCDGIRSTW]*\)[	 ][	 ]*\([_A-Za-z][_A-Za-z0-9]*\)$/\1 \2 \2/p'\'' | /usr/bin/sed '\''/ __gnu_lto/d'\'''
lt_cv_sys_global_symbol_to_c_name_address='/usr/bin/sed -n -e '\''s/^: \(.*\) .*$/  {"\1", (void *) 0},/p'\'' -e '\''s/^[ABCDGIRSTW][ABCDGIRSTW]* .* \(.*\)$/  {"\1", (void *) \&\1},/p'\'''
lt_cv_sys_global_symbol_to_c_name_address_lib_prefix='/usr/bin/sed -n -e '\''s/^: \(.*\) .*$/  {"\1", (void *) 0},/p'\'' -e '\''s/^[ABCDGIRSTW][ABCDGIRSTW]* .* \(lib.*\)$/  {"\1", (void *) \&\1},/p'\'' -e '\''s/^[ABCDGIRSTW][ABCDGIRSTW]* .* \(.*\)$/  {"lib\1", (void *) \&\1},/p'\'''
lt_cv_sys_global_symbol_to_cdecl='/usr/bin/sed -n -e '\''s/^T .* \(.*\)$/extern int \1();/p'\'' -e '\''s/^[ABCDGIRSTW][ABCDGIRSTW]* .* \(.*\)$/extern char \1;/p'\'''
lt_cv_sys_global_symbol_to_import=
lt_cv_sys_max_cmd_len=1572864
lt_cv_to_host_file_cmd=func_convert_file_noop
lt_cv_to_tool_file_cmd=func_convert_file_noop
lt_cv_truncate_bin='/usr/bin/dd bs=4096 count=1'

## ----------------- ##
## Output variables. ##
## ----------------- ##

ACLOCAL='${SHELL} '\''/data/nginx/SecNginx1202/3partylib/libheif/libwebp-1.3.1/missing'\'' aclocal-1.16'
AMDEPBACKSLASH='\'
AMDEP_FALSE='#'
AMDEP_TRUE=''
AMTAR='$${TAR-tar}'
AM_BACKSLASH='\'
AM_CFLAGS=' -fvisibility=hidden -Wall -Wdeclaration-after-statement -Wextra -Wfloat-conversion -Wformat -Wformat-nonliteral -Wformat -Wformat-security -Wmissing-declarations -Wmissing-prototypes -Wold-style-definition -Wshadow -Wundef -Wunreachable-code -Wunused-but-set-variable -Wunused -Wvla'
AM_CPPFLAGS=' -DNDEBUG'
AM_DEFAULT_V='$(AM_DEFAULT_VERBOSITY)'
AM_DEFAULT_VERBOSITY='0'
AM_V='$(V)'
AR='ar'
AUTOCONF='${SHELL} '\''/data/nginx/SecNginx1202/3partylib/libheif/libwebp-1.3.1/missing'\'' autoconf'
AUTOHEADER='${SHELL} '\''/data/nginx/SecNginx1202/3partylib/libheif/libwebp-1.3.1/missing'\'' autoheader'
AUTOMAKE='${SHELL} '\''/data/nginx/SecNginx1202/3partylib/libheif/libwebp-1.3.1/missing'\'' automake-1.16'
AWK='gawk'
BUILD_ANIMDIFF_FALSE=''
BUILD_ANIMDIFF_TRUE='#'
BUILD_DEMUX_FALSE='#'
BUILD_DEMUX_TRUE=''
BUILD_EXTRAS_FALSE=''
BUILD_EXTRAS_TRUE='#'
BUILD_GIF2WEBP_FALSE=''
BUILD_GIF2WEBP_TRUE='#'
BUILD_IMG2WEBP_FALSE='#'
BUILD_IMG2WEBP_TRUE=''
BUILD_LIBWEBPDECODER_FALSE=''
BUILD_LIBWEBPDECODER_TRUE='#'
BUILD_MUX_FALSE='#'
BUILD_MUX_TRUE=''
BUILD_VWEBP_FALSE=''
BUILD_VWEBP_SDL_FALSE=''
BUILD_VWEBP_SDL_TRUE='#'
BUILD_VWEBP_TRUE='#'
BUILD_WEBPINFO_FALSE='#'
BUILD_WEBPINFO_TRUE=''
CC='gcc'
CCDEPMODE='depmode=gcc3'
CFLAGS='-g -O2 -pthread'
CPPFLAGS=''
CSCOPE='cscope'
CTAGS='ctags'
CYGPATH_W='echo'
DEFS='-DHAVE_CONFIG_H'
DEPDIR='.deps'
DLLTOOL='false'
DSYMUTIL=''
DUMPBIN=''
ECHO_C=''
ECHO_N='-n'
ECHO_T=''
EGREP='/usr/bin/grep -E'
ETAGS='etags'
EXEEXT=''
FGREP='/usr/bin/grep -F'
FILECMD='file'
GIF_INCLUDES=''
GIF_LIBS=''
GL_INCLUDES=''
GL_LIBS=''
GREP='/usr/bin/grep'
INSTALL_DATA='${INSTALL} -m 644'
INSTALL_PROGRAM='${INSTALL}'
INSTALL_SCRIPT='${INSTALL}'
INSTALL_STRIP_PROGRAM='$(install_sh) -c -s'
JPEG_INCLUDES=''
JPEG_LIBS=''
LD='/usr/local/bin/ld -m elf_x86_64'
LDFLAGS=''
LIBOBJS=''
LIBPNG_CONFIG=''
LIBS=' '
LIBSDL_CONFIG=''
LIBTOOL='$(SHELL) $(top_builddir)/libtool'
LIPO=''
LN_S='ln -s'
LTLIBOBJS=''
LT_SYS_LIBRARY_PATH=''
MAKEINFO='${SHELL} '\''/data/nginx/SecNginx1202/3partylib/libheif/libwebp-1.3.1/missing'\'' makeinfo'
MANIFEST_TOOL=':'
MKDIR_P='/usr/bin/mkdir -p'
NEON_FLAGS=''
NM='/usr/local/bin/nm -B'
NMEDIT=''
OBJDUMP='objdump'
OBJEXT='o'
OTOOL64=''
OTOOL=''
PACKAGE='libwebp'
PACKAGE_BUGREPORT='https://bugs.chromium.org/p/webp'
PACKAGE_NAME='libwebp'
PACKAGE_STRING='libwebp 1.3.1'
PACKAGE_TARNAME='libwebp'
PACKAGE_URL='https://developers.google.com/speed/webp'
PACKAGE_VERSION='1.3.1'
PATH_SEPARATOR=':'
PNG_INCLUDES=''
PNG_LIBS=''
PTHREAD_CC='gcc'
PTHREAD_CFLAGS='-pthread'
PTHREAD_LIBS=''
RANLIB='ranlib'
SDL_INCLUDES=''
SDL_LIBS=''
SED='/usr/bin/sed'
SET_MAKE=''
SHELL='/bin/sh'
SSE2_FLAGS='  -msse2'
SSE41_FLAGS='  -msse4.1'
STRIP='strip'
TIFF_INCLUDES=''
TIFF_LIBS=''
USE_SWAP_16BIT_CSP=''
VERSION='1.3.1'
ac_ct_AR='ar'
ac_ct_CC='gcc'
ac_ct_DUMPBIN=''
am__EXEEXT_FALSE=''
am__EXEEXT_TRUE='#'
am__fastdepCC_FALSE='#'
am__fastdepCC_TRUE=''
am__include='include'
am__isrc=''
am__leading_dot='.'
am__nodep='_no'
am__quote=''
am__tar='$${TAR-tar} chof - "$$tardir"'
am__untar='$${TAR-tar} xf -'
ax_pthread_config=''
bindir='${exec_prefix}/bin'
build='x86_64-pc-linux-gnu'
build_alias=''
build_cpu='x86_64'
build_os='linux-gnu'
build_vendor='pc'
datadir='${datarootdir}'
datarootdir='${prefix}/share'
docdir='${datarootdir}/doc/${PACKAGE_TARNAME}'
dvidir='${docdir}'
exec_prefix='${prefix}'
host='x86_64-pc-linux-gnu'
host_alias=''
host_cpu='x86_64'
host_os='linux-gnu'
host_vendor='pc'
htmldir='${docdir}'
includedir='${prefix}/include'
infodir='${datarootdir}/info'
install_sh='${SHELL} /data/nginx/SecNginx1202/3partylib/libheif/libwebp-1.3.1/install-sh'
libdir='${exec_prefix}/lib'
libexecdir='${exec_prefix}/libexec'
localedir='${datarootdir}/locale'
localstatedir='${prefix}/var'
mandir='${datarootdir}/man'
mkdir_p='$(MKDIR_P)'
oldincludedir='/usr/include'
pdfdir='${docdir}'
pkgconfigdir='${libdir}/pkgconfig'
prefix='/data/nginx/SecNginx1202/3partylib/libheif/libwebp131'
program_transform_name='s,x,x,'
psdir='${docdir}'
runstatedir='${localstatedir}/run'
sbindir='${exec_prefix}/sbin'
sharedstatedir='${prefix}/com'
sysconfdir='${prefix}/etc'
target_alias=''
webp_libname_prefix=''

## ----------- ##
## confdefs.h. ##
## ----------- ##

/* confdefs.h */
#define PACKAGE_NAME "libwebp"
#define PACKAGE_TARNAME "libwebp"
#define PACKAGE_VERSION "1.3.1"
#define PACKAGE_STRING "libwebp 1.3.1"
#define PACKAGE_BUGREPORT "https://bugs.chromium.org/p/webp"
#define PACKAGE_URL "https://developers.google.com/speed/webp"
#define PACKAGE "libwebp"
#define VERSION "1.3.1"
#define HAVE_STDIO_H 1
#define HAVE_STDLIB_H 1
#define HAVE_STRING_H 1
#define HAVE_INTTYPES_H 1
#define HAVE_STDINT_H 1
#define HAVE_STRINGS_H 1
#define HAVE_SYS_STAT_H 1
#define HAVE_SYS_TYPES_H 1
#define HAVE_UNISTD_H 1
#define STDC_HEADERS 1
#define HAVE_DLFCN_H 1
#define LT_OBJDIR ".libs/"
#define WEBP_HAVE_SSE41 1
#define WEBP_HAVE_SSE2 1
#define HAVE_BUILTIN_BSWAP16 1
#define HAVE_BUILTIN_BSWAP32 1
#define HAVE_BUILTIN_BSWAP64 1
#define HAVE_PTHREAD_PRIO_INHERIT 1
#define WEBP_USE_THREAD 1
#define WEBP_NEAR_LOSSLESS 1

configure: exit 0
