This file contains any messages produced by compilers while
running configure, to aid debugging if configure makes a mistake.

It was created by GD configure 2.3.2, which was
generated by GNU Autoconf 2.69.  Invocation command line was

  $ ./configure --prefix=/data/nginx/nginxCDN/nginx-1.24.0/3partylib/libgd232 --with-webp=/data/nginx/nginxCDN/nginx-1.24.0/3partylib/libwebp131 --with-png=/data/nginx/nginxCDN/nginx-1.24.0/3partylib/libpng1639 --with-jpeg=/data/nginx/nginxCDN/nginx-1.24.0/3partylib/jpeg9e

## --------- ##
## Platform. ##
## --------- ##

hostname = VM-63-145-centos
uname -m = x86_64
uname -r = 3.10.107-1-tlinux2_kvm_guest-0054
uname -s = Linux
uname -v = #1 SMP Mon Apr 26 14:24:08 CST 2021

/usr/bin/uname -p = x86_64
/bin/uname -X     = unknown

/bin/arch              = x86_64
/usr/bin/arch -k       = unknown
/usr/convex/getsysinfo = unknown
/usr/bin/hostinfo      = unknown
/bin/machine           = unknown
/usr/bin/oslevel       = unknown
/bin/universe          = unknown

PATH: /usr/local/sbin
PATH: /usr/local/bin
PATH: /usr/sbin
PATH: /usr/bin
PATH: /usr/local/go/bin
PATH: /root/go/bin
PATH: /root/.ft
PATH: /root/bin


## ----------- ##
## Core tests. ##
## ----------- ##

configure:2435: checking build system type
configure:2449: result: x86_64-pc-linux-gnu
configure:2469: checking host system type
configure:2482: result: x86_64-pc-linux-gnu
configure:2535: checking for a BSD-compatible install
configure:2603: result: /usr/bin/install -c
configure:2614: checking whether build environment is sane
configure:2669: result: yes
configure:2815: checking for a thread-safe mkdir -p
configure:2854: result: /usr/bin/mkdir -p
configure:2861: checking for gawk
configure:2877: found /usr/bin/gawk
configure:2888: result: gawk
configure:2899: checking whether make sets $(MAKE)
configure:2921: result: yes
configure:2950: checking whether make supports nested variables
configure:2967: result: yes
configure:3100: checking whether make supports the include directive
configure:3115: make -f confmf.GNU && cat confinc.out
this is the am__doit target
configure:3118: $? = 0
configure:3137: result: yes (GNU style)
configure:3207: checking for gcc
configure:3223: found /usr/bin/gcc
configure:3234: result: gcc
configure:3463: checking for C compiler version
configure:3472: gcc --version >&5
gcc (GCC) 4.8.5 20150623 (Red Hat 4.8.5-4)
Copyright (C) 2015 Free Software Foundation, Inc.
This is free software; see the source for copying conditions.  There is NO
warranty; not even for MERCHANTABILITY or FITNESS FOR A PARTICULAR PURPOSE.

configure:3483: $? = 0
configure:3472: gcc -v >&5
Using built-in specs.
COLLECT_GCC=gcc
COLLECT_LTO_WRAPPER=/usr/libexec/gcc/x86_64-redhat-linux/4.8.5/lto-wrapper
Target: x86_64-redhat-linux
Configured with: ../configure --prefix=/usr --mandir=/usr/share/man --infodir=/usr/share/info --with-bugurl=http://bugzilla.redhat.com/bugzilla --enable-bootstrap --enable-shared --enable-threads=posix --enable-checking=release --with-system-zlib --enable-__cxa_atexit --disable-libunwind-exceptions --enable-gnu-unique-object --enable-linker-build-id --with-linker-hash-style=gnu --enable-languages=c,c++,objc,obj-c++,java,fortran,ada,go,lto --enable-plugin --enable-initfini-array --disable-libgcj --with-isl=/builddir/build/BUILD/gcc-4.8.5-20150702/obj-x86_64-redhat-linux/isl-install --with-cloog=/builddir/build/BUILD/gcc-4.8.5-20150702/obj-x86_64-redhat-linux/cloog-install --enable-gnu-indirect-function --with-tune=generic --with-arch_32=x86-64 --build=x86_64-redhat-linux
Thread model: posix
gcc version 4.8.5 20150623 (Red Hat 4.8.5-4) (GCC) 
configure:3483: $? = 0
configure:3472: gcc -V >&5
gcc: error: unrecognized command line option '-V'
gcc: fatal error: no input files
compilation terminated.
configure:3483: $? = 4
configure:3472: gcc -qversion >&5
gcc: error: unrecognized command line option '-qversion'
gcc: fatal error: no input files
compilation terminated.
configure:3483: $? = 4
configure:3503: checking whether the C compiler works
configure:3525: gcc    conftest.c  >&5
configure:3529: $? = 0
configure:3577: result: yes
configure:3580: checking for C compiler default output file name
configure:3582: result: a.out
configure:3588: checking for suffix of executables
configure:3595: gcc -o conftest    conftest.c  >&5
configure:3599: $? = 0
configure:3621: result: 
configure:3643: checking whether we are cross compiling
configure:3651: gcc -o conftest    conftest.c  >&5
configure:3655: $? = 0
configure:3662: ./conftest
configure:3666: $? = 0
configure:3681: result: no
configure:3686: checking for suffix of object files
configure:3708: gcc -c   conftest.c >&5
configure:3712: $? = 0
configure:3733: result: o
configure:3737: checking whether we are using the GNU C compiler
configure:3756: gcc -c   conftest.c >&5
configure:3756: $? = 0
configure:3765: result: yes
configure:3774: checking whether gcc accepts -g
configure:3794: gcc -c -g  conftest.c >&5
configure:3794: $? = 0
configure:3835: result: yes
configure:3852: checking for gcc option to accept ISO C89
configure:3915: gcc  -c -g -O2  conftest.c >&5
configure:3915: $? = 0
configure:3928: result: none needed
configure:3953: checking whether gcc understands -c and -o together
configure:3975: gcc -c conftest.c -o conftest2.o
configure:3978: $? = 0
configure:3975: gcc -c conftest.c -o conftest2.o
configure:3978: $? = 0
configure:3990: result: yes
configure:4009: checking dependency style of gcc
configure:4120: result: gcc3
configure:4185: checking for ar
configure:4201: found /usr/local/bin/ar
configure:4212: result: ar
configure:4238: checking the archiver (ar) interface
configure:4254: gcc -c -g -O2  conftest.c >&5
configure:4254: $? = 0
configure:4256: ar cru libconftest.a conftest.o >&5
configure:4259: $? = 0
configure:4287: result: ar
configure:4311: checking for gcc option to accept ISO C99
configure:4460: gcc  -c -g -O2  conftest.c >&5
conftest.c:61:29: error: expected ';', ',' or ')' before 'text'
 test_restrict (ccp restrict text)
                             ^
conftest.c: In function 'main':
conftest.c:115:18: error: expected '=', ',', ';', 'asm' or '__attribute__' before 'newvar'
   char *restrict newvar = "Another string";
                  ^
conftest.c:115:18: error: 'newvar' undeclared (first use in this function)
conftest.c:115:18: note: each undeclared identifier is reported only once for each function it appears in
conftest.c:125:3: error: 'for' loop initial declarations are only allowed in C99 mode
   for (int i = 0; i < ia->datasize; ++i)
   ^
conftest.c:125:3: note: use option -std=c99 or -std=gnu99 to compile your code
configure:4460: $? = 1
configure: failed program was:
| /* confdefs.h */
| #define PACKAGE_NAME "GD"
| #define PACKAGE_TARNAME "libgd"
| #define PACKAGE_VERSION "2.3.2"
| #define PACKAGE_STRING "GD 2.3.2"
| #define PACKAGE_BUGREPORT "https://github.com/libgd/libgd/issues"
| #define PACKAGE_URL "http://lib.gd"
| #define PACKAGE "libgd"
| #define VERSION "2.3.2"
| /* end confdefs.h.  */
| #include <stdarg.h>
| #include <stdbool.h>
| #include <stdlib.h>
| #include <wchar.h>
| #include <stdio.h>
| 
| // Check varargs macros.  These examples are taken from C99 6.10.3.5.
| #define debug(...) fprintf (stderr, __VA_ARGS__)
| #define showlist(...) puts (#__VA_ARGS__)
| #define report(test,...) ((test) ? puts (#test) : printf (__VA_ARGS__))
| static void
| test_varargs_macros (void)
| {
|   int x = 1234;
|   int y = 5678;
|   debug ("Flag");
|   debug ("X = %d\n", x);
|   showlist (The first, second, and third items.);
|   report (x>y, "x is %d but y is %d", x, y);
| }
| 
| // Check long long types.
| #define BIG64 18446744073709551615ull
| #define BIG32 4294967295ul
| #define BIG_OK (BIG64 / BIG32 == 4294967297ull && BIG64 % BIG32 == 0)
| #if !BIG_OK
|   your preprocessor is broken;
| #endif
| #if BIG_OK
| #else
|   your preprocessor is broken;
| #endif
| static long long int bignum = -9223372036854775807LL;
| static unsigned long long int ubignum = BIG64;
| 
| struct incomplete_array
| {
|   int datasize;
|   double data[];
| };
| 
| struct named_init {
|   int number;
|   const wchar_t *name;
|   double average;
| };
| 
| typedef const char *ccp;
| 
| static inline int
| test_restrict (ccp restrict text)
| {
|   // See if C++-style comments work.
|   // Iterate through items via the restricted pointer.
|   // Also check for declarations in for loops.
|   for (unsigned int i = 0; *(text+i) != '\0'; ++i)
|     continue;
|   return 0;
| }
| 
| // Check varargs and va_copy.
| static void
| test_varargs (const char *format, ...)
| {
|   va_list args;
|   va_start (args, format);
|   va_list args_copy;
|   va_copy (args_copy, args);
| 
|   const char *str;
|   int number;
|   float fnumber;
| 
|   while (*format)
|     {
|       switch (*format++)
| 	{
| 	case 's': // string
| 	  str = va_arg (args_copy, const char *);
| 	  break;
| 	case 'd': // int
| 	  number = va_arg (args_copy, int);
| 	  break;
| 	case 'f': // float
| 	  fnumber = va_arg (args_copy, double);
| 	  break;
| 	default:
| 	  break;
| 	}
|     }
|   va_end (args_copy);
|   va_end (args);
| }
| 
| int
| main ()
| {
| 
|   // Check bool.
|   _Bool success = false;
| 
|   // Check restrict.
|   if (test_restrict ("String literal") == 0)
|     success = true;
|   char *restrict newvar = "Another string";
| 
|   // Check varargs.
|   test_varargs ("s, d' f .", "string", 65, 34.234);
|   test_varargs_macros ();
| 
|   // Check flexible array members.
|   struct incomplete_array *ia =
|     malloc (sizeof (struct incomplete_array) + (sizeof (double) * 10));
|   ia->datasize = 10;
|   for (int i = 0; i < ia->datasize; ++i)
|     ia->data[i] = i * 1.234;
| 
|   // Check named initializers.
|   struct named_init ni = {
|     .number = 34,
|     .name = L"Test wide string",
|     .average = 543.34343,
|   };
| 
|   ni.number = 58;
| 
|   int dynamic_array[ni.number];
|   dynamic_array[ni.number - 1] = 543;
| 
|   // work around unused variable warnings
|   return (!success || bignum == 0LL || ubignum == 0uLL || newvar[0] == 'x'
| 	  || dynamic_array[ni.number - 1] != 543);
| 
|   ;
|   return 0;
| }
configure:4460: gcc -std=gnu99 -c -g -O2  conftest.c >&5
configure:4460: $? = 0
configure:4480: result: -std=gnu99
configure:4581: checking for gcc -std=gnu99 option to accept ISO Standard C
configure:4595: result: -std=gnu99
configure:4647: checking how to print strings
configure:4674: result: printf
configure:4695: checking for a sed that does not truncate output
configure:4759: result: /usr/bin/sed
configure:4777: checking for grep that handles long lines and -e
configure:4835: result: /usr/bin/grep
configure:4840: checking for egrep
configure:4902: result: /usr/bin/grep -E
configure:4907: checking for fgrep
configure:4969: result: /usr/bin/grep -F
configure:5004: checking for ld used by gcc -std=gnu99
configure:5071: result: /usr/local/bin/ld
configure:5078: checking if the linker (/usr/local/bin/ld) is GNU ld
configure:5093: result: yes
configure:5105: checking for BSD- or MS-compatible name lister (nm)
configure:5159: result: /usr/local/bin/nm -B
configure:5289: checking the name lister (/usr/local/bin/nm -B) interface
configure:5296: gcc -std=gnu99 -c -g -O2  conftest.c >&5
configure:5299: /usr/local/bin/nm -B "conftest.o"
configure:5302: output
0000000000000000 B some_variable
configure:5309: result: BSD nm
configure:5312: checking whether ln -s works
configure:5316: result: yes
configure:5324: checking the maximum length of command line arguments
configure:5460: result: 1572864
configure:5508: checking how to convert x86_64-pc-linux-gnu file names to x86_64-pc-linux-gnu format
configure:5548: result: func_convert_file_noop
configure:5555: checking how to convert x86_64-pc-linux-gnu file names to toolchain format
configure:5575: result: func_convert_file_noop
configure:5582: checking for /usr/local/bin/ld option to reload object files
configure:5589: result: -r
configure:5663: checking for objdump
configure:5679: found /usr/local/bin/objdump
configure:5690: result: objdump
configure:5722: checking how to recognize dependent libraries
configure:5922: result: pass_all
configure:6007: checking for dlltool
configure:6037: result: no
configure:6067: checking how to associate runtime and link libraries
configure:6094: result: printf %s\n
configure:6218: checking for archiver @FILE support
configure:6235: gcc -std=gnu99 -c -g -O2  conftest.c >&5
configure:6235: $? = 0
configure:6238: ar cru libconftest.a @conftest.lst >&5
configure:6241: $? = 0
configure:6246: ar cru libconftest.a @conftest.lst >&5
ar: conftest.o: No such file or directory
configure:6249: $? = 1
configure:6261: result: @
configure:6319: checking for strip
configure:6335: found /usr/local/bin/strip
configure:6346: result: strip
configure:6418: checking for ranlib
configure:6434: found /usr/local/bin/ranlib
configure:6445: result: ranlib
configure:6547: checking command to parse /usr/local/bin/nm -B output from gcc -std=gnu99 object
configure:6700: gcc -std=gnu99 -c -g -O2  conftest.c >&5
configure:6703: $? = 0
configure:6707: /usr/local/bin/nm -B conftest.o \| sed -n -e 's/^.*[ ]\([ABCDGIRSTW][ABCDGIRSTW]*\)[ ][ ]*\([_A-Za-z][_A-Za-z0-9]*\)$/\1 \2 \2/p' | sed '/ __gnu_lto/d' \> conftest.nm
configure:6710: $? = 0
configure:6776: gcc -std=gnu99 -o conftest -g -O2   conftest.c conftstm.o >&5
configure:6779: $? = 0
configure:6817: result: ok
configure:6864: checking for sysroot
configure:6894: result: no
configure:6901: checking for a working dd
configure:6939: result: /usr/bin/dd
configure:6943: checking how to truncate binary pipes
configure:6958: result: /usr/bin/dd bs=4096 count=1
configure:7094: gcc -std=gnu99 -c -g -O2  conftest.c >&5
configure:7097: $? = 0
configure:7287: checking for mt
configure:7317: result: no
configure:7337: checking if : is a manifest tool
configure:7343: : '-?'
configure:7351: result: no
configure:8028: checking how to run the C preprocessor
configure:8059: gcc -std=gnu99 -E  conftest.c
configure:8059: $? = 0
configure:8073: gcc -std=gnu99 -E  conftest.c
conftest.c:11:28: fatal error: ac_nonexistent.h: No such file or directory
 #include <ac_nonexistent.h>
                            ^
compilation terminated.
configure:8073: $? = 1
configure: failed program was:
| /* confdefs.h */
| #define PACKAGE_NAME "GD"
| #define PACKAGE_TARNAME "libgd"
| #define PACKAGE_VERSION "2.3.2"
| #define PACKAGE_STRING "GD 2.3.2"
| #define PACKAGE_BUGREPORT "https://github.com/libgd/libgd/issues"
| #define PACKAGE_URL "http://lib.gd"
| #define PACKAGE "libgd"
| #define VERSION "2.3.2"
| /* end confdefs.h.  */
| #include <ac_nonexistent.h>
configure:8098: result: gcc -std=gnu99 -E
configure:8118: gcc -std=gnu99 -E  conftest.c
configure:8118: $? = 0
configure:8132: gcc -std=gnu99 -E  conftest.c
conftest.c:11:28: fatal error: ac_nonexistent.h: No such file or directory
 #include <ac_nonexistent.h>
                            ^
compilation terminated.
configure:8132: $? = 1
configure: failed program was:
| /* confdefs.h */
| #define PACKAGE_NAME "GD"
| #define PACKAGE_TARNAME "libgd"
| #define PACKAGE_VERSION "2.3.2"
| #define PACKAGE_STRING "GD 2.3.2"
| #define PACKAGE_BUGREPORT "https://github.com/libgd/libgd/issues"
| #define PACKAGE_URL "http://lib.gd"
| #define PACKAGE "libgd"
| #define VERSION "2.3.2"
| /* end confdefs.h.  */
| #include <ac_nonexistent.h>
configure:8161: checking for ANSI C header files
configure:8181: gcc -std=gnu99 -c -g -O2  conftest.c >&5
configure:8181: $? = 0
configure:8254: gcc -std=gnu99 -o conftest -g -O2   conftest.c  >&5
configure:8254: $? = 0
configure:8254: ./conftest
configure:8254: $? = 0
configure:8265: result: yes
configure:8278: checking for sys/types.h
configure:8278: gcc -std=gnu99 -c -g -O2  conftest.c >&5
configure:8278: $? = 0
configure:8278: result: yes
configure:8278: checking for sys/stat.h
configure:8278: gcc -std=gnu99 -c -g -O2  conftest.c >&5
configure:8278: $? = 0
configure:8278: result: yes
configure:8278: checking for stdlib.h
configure:8278: gcc -std=gnu99 -c -g -O2  conftest.c >&5
configure:8278: $? = 0
configure:8278: result: yes
configure:8278: checking for string.h
configure:8278: gcc -std=gnu99 -c -g -O2  conftest.c >&5
configure:8278: $? = 0
configure:8278: result: yes
configure:8278: checking for memory.h
configure:8278: gcc -std=gnu99 -c -g -O2  conftest.c >&5
configure:8278: $? = 0
configure:8278: result: yes
configure:8278: checking for strings.h
configure:8278: gcc -std=gnu99 -c -g -O2  conftest.c >&5
configure:8278: $? = 0
configure:8278: result: yes
configure:8278: checking for inttypes.h
configure:8278: gcc -std=gnu99 -c -g -O2  conftest.c >&5
configure:8278: $? = 0
configure:8278: result: yes
configure:8278: checking for stdint.h
configure:8278: gcc -std=gnu99 -c -g -O2  conftest.c >&5
configure:8278: $? = 0
configure:8278: result: yes
configure:8278: checking for unistd.h
configure:8278: gcc -std=gnu99 -c -g -O2  conftest.c >&5
configure:8278: $? = 0
configure:8278: result: yes
configure:8292: checking for dlfcn.h
configure:8292: gcc -std=gnu99 -c -g -O2  conftest.c >&5
configure:8292: $? = 0
configure:8292: result: yes
configure:8548: checking for objdir
configure:8563: result: .libs
configure:8827: checking if gcc -std=gnu99 supports -fno-rtti -fno-exceptions
configure:8845: gcc -std=gnu99 -c -g -O2  -fno-rtti -fno-exceptions conftest.c >&5
cc1: warning: command line option '-fno-rtti' is valid for C++/ObjC++ but not for C [enabled by default]
configure:8849: $? = 0
configure:8862: result: no
configure:9220: checking for gcc -std=gnu99 option to produce PIC
configure:9227: result: -fPIC -DPIC
configure:9235: checking if gcc -std=gnu99 PIC flag -fPIC -DPIC works
configure:9253: gcc -std=gnu99 -c -g -O2  -fPIC -DPIC -DPIC conftest.c >&5
configure:9257: $? = 0
configure:9270: result: yes
configure:9299: checking if gcc -std=gnu99 static flag -static works
configure:9327: result: yes
configure:9342: checking if gcc -std=gnu99 supports -c -o file.o
configure:9363: gcc -std=gnu99 -c -g -O2  -o out/conftest2.o conftest.c >&5
configure:9367: $? = 0
configure:9389: result: yes
configure:9397: checking if gcc -std=gnu99 supports -c -o file.o
configure:9444: result: yes
configure:9477: checking whether the gcc -std=gnu99 linker (/usr/local/bin/ld -m elf_x86_64) supports shared libraries
configure:10736: result: yes
configure:10773: checking whether -lc should be explicitly linked in
configure:10781: gcc -std=gnu99 -c -g -O2  conftest.c >&5
configure:10784: $? = 0
configure:10799: gcc -std=gnu99 -shared  -fPIC -DPIC conftest.o  -v -Wl,-soname -Wl,conftest -o conftest 2\>\&1 \| /usr/bin/grep  -lc  \>/dev/null 2\>\&1
configure:10802: $? = 0
configure:10816: result: no
configure:10976: checking dynamic linker characteristics
configure:11570: gcc -std=gnu99 -o conftest -g -O2   -Wl,-rpath -Wl,/foo conftest.c  >&5
configure:11570: $? = 0
configure:11807: result: GNU/Linux ld.so
configure:11929: checking how to hardcode library paths into programs
configure:11954: result: immediate
configure:12502: checking whether stripping libraries is possible
configure:12507: result: yes
configure:12542: checking if libtool supports shared libraries
configure:12544: result: yes
configure:12547: checking whether to build shared libraries
configure:12572: result: yes
configure:12575: checking whether to build static libraries
configure:12579: result: yes
configure:12616: checking whether ln -s works
configure:12620: result: yes
configure:12627: checking whether make sets $(MAKE)
configure:12649: result: yes
configure:12713: checking for pkg-config
configure:12731: found /usr/bin/pkg-config
configure:12743: result: /usr/bin/pkg-config
configure:12768: checking pkg-config is at least version 0.9.0
configure:12771: result: yes
configure:12780: checking for X
configure:12919: gcc -std=gnu99 -o conftest -g -O2   conftest.c -lX11  >&5
configure:12919: $? = 0
configure:12969: result: libraries , headers 
configure:12981: checking for ANSI C header files
configure:13085: result: yes
configure:13099: checking for dirent.h
configure:13099: gcc -std=gnu99 -c -g -O2  conftest.c >&5
configure:13099: $? = 0
configure:13099: result: yes
configure:13099: checking for inttypes.h
configure:13099: result: yes
configure:13099: checking for stdint.h
configure:13099: result: yes
configure:13099: checking for strings.h
configure:13099: result: yes
configure:13099: checking for unistd.h
configure:13099: result: yes
configure:13099: checking for sys/stat.h
configure:13099: result: yes
configure:13099: checking for sys/types.h
configure:13099: result: yes
configure:13168: checking for ld used by gcc -std=gnu99
configure:13235: result: /usr/local/bin/ld -m elf_x86_64
configure:13242: checking if the linker (/usr/local/bin/ld -m elf_x86_64) is GNU ld
configure:13257: result: yes
configure:13264: checking for shared library run path origin
configure:13277: result: done
configure:13855: checking for iconv
configure:13879: gcc -std=gnu99 -o conftest -g -O2   conftest.c  >&5
configure:13879: $? = 0
configure:13913: result: yes
configure:13916: checking for working iconv
configure:14045: gcc -std=gnu99 -o conftest -g -O2   conftest.c  >&5
configure:14045: $? = 0
configure:14045: ./conftest
configure:14045: $? = 0
configure:14057: result: yes
configure:14085: checking for iconv declaration
configure:14114: gcc -std=gnu99 -c -g -O2  conftest.c >&5
configure:14114: $? = 0
configure:14125: result:
         extern size_t iconv (iconv_t cd, char * *inbuf, size_t *inbytesleft, char * *outbuf, size_t *outbytesleft);
configure:14142: checking iconv.h usability
configure:14142: gcc -std=gnu99 -c -g -O2  conftest.c >&5
configure:14142: $? = 0
configure:14142: result: yes
configure:14142: checking iconv.h presence
configure:14142: gcc -std=gnu99 -E  conftest.c
configure:14142: $? = 0
configure:14142: result: yes
configure:14142: checking for iconv.h
configure:14142: result: yes
configure:14147: checking whether iconv.h defines iconv_t
configure:14156: result: yes
configure:14181: checking for sin
configure:14181: gcc -std=gnu99 -o conftest -g -O2   conftest.c  >&5
conftest.c:58:6: warning: conflicting types for built-in function 'sin' [enabled by default]
 char sin ();
      ^
/tmp/ccMTuDIN.o: In function `main':
/data/nginx/nginxCDN/nginx-1.24.0/3partylib/libgd-2.3.2/conftest.c:69: undefined reference to `sin'
collect2: error: ld returned 1 exit status
configure:14181: $? = 1
configure: failed program was:
| /* confdefs.h */
| #define PACKAGE_NAME "GD"
| #define PACKAGE_TARNAME "libgd"
| #define PACKAGE_VERSION "2.3.2"
| #define PACKAGE_STRING "GD 2.3.2"
| #define PACKAGE_BUGREPORT "https://github.com/libgd/libgd/issues"
| #define PACKAGE_URL "http://lib.gd"
| #define PACKAGE "libgd"
| #define VERSION "2.3.2"
| #define STDC_HEADERS 1
| #define HAVE_SYS_TYPES_H 1
| #define HAVE_SYS_STAT_H 1
| #define HAVE_STDLIB_H 1
| #define HAVE_STRING_H 1
| #define HAVE_MEMORY_H 1
| #define HAVE_STRINGS_H 1
| #define HAVE_INTTYPES_H 1
| #define HAVE_STDINT_H 1
| #define HAVE_UNISTD_H 1
| #define HAVE_DLFCN_H 1
| #define LT_OBJDIR ".libs/"
| #define STDC_HEADERS 1
| #define HAVE_DIRENT_H 1
| #define HAVE_INTTYPES_H 1
| #define HAVE_STDINT_H 1
| #define HAVE_STRINGS_H 1
| #define HAVE_UNISTD_H 1
| #define HAVE_SYS_STAT_H 1
| #define HAVE_SYS_TYPES_H 1
| #define HAVE_ICONV 1
| #define ICONV_CONST 
| #define HAVE_ICONV_H 1
| #define HAVE_ICONV_T_DEF 1
| /* end confdefs.h.  */
| /* Define sin to an innocuous variant, in case <limits.h> declares sin.
|    For example, HP-UX 11i <limits.h> declares gettimeofday.  */
| #define sin innocuous_sin
| 
| /* System header to define __stub macros and hopefully few prototypes,
|     which can conflict with char sin (); below.
|     Prefer <limits.h> to <assert.h> if __STDC__ is defined, since
|     <limits.h> exists even on freestanding compilers.  */
| 
| #ifdef __STDC__
| # include <limits.h>
| #else
| # include <assert.h>
| #endif
| 
| #undef sin
| 
| /* Override any GCC internal prototype to avoid an error.
|    Use char because int might match the return type of a GCC
|    builtin and then its argument prototype would still apply.  */
| #ifdef __cplusplus
| extern "C"
| #endif
| char sin ();
| /* The GNU C library defines this for functions which it implements
|     to always fail with ENOSYS.  Some functions are actually named
|     something starting with __ and the normal name is an alias.  */
| #if defined __stub_sin || defined __stub___sin
| choke me
| #endif
| 
| int
| main ()
| {
| return sin ();
|   ;
|   return 0;
| }
configure:14181: result: no
configure:14185: checking for sin in -lm
configure:14210: gcc -std=gnu99 -o conftest -g -O2   conftest.c -lm   >&5
conftest.c:42:6: warning: conflicting types for built-in function 'sin' [enabled by default]
 char sin ();
      ^
configure:14210: $? = 0
configure:14219: result: yes
configure:14416: checking whether gcc -std=gnu99 is Clang
configure:14441: result: no
configure:14564: checking whether pthreads work with -pthread
configure:14658: gcc -std=gnu99 -o conftest -g -O2 -pthread   conftest.c  -lm  >&5
configure:14658: $? = 0
configure:14667: result: yes
configure:14686: checking for joinable pthread attribute
configure:14704: gcc -std=gnu99 -o conftest -g -O2 -pthread   conftest.c  -lm  >&5
configure:14704: $? = 0
configure:14712: result: PTHREAD_CREATE_JOINABLE
configure:14726: checking whether more special flags are required for pthreads
configure:14739: result: no
configure:14747: checking for PTHREAD_PRIO_INHERIT
configure:14763: gcc -std=gnu99 -o conftest -g -O2 -pthread   conftest.c  -lm  >&5
configure:14763: $? = 0
configure:14772: result: yes
configure:14876: checking for OpenMP flag of C compiler
configure:14916: gcc -std=gnu99 -o conftest -g -O2 -fopenmp   conftest.c -lm  >&5
configure:14916: $? = 0
configure:14925: result: -fopenmp
configure:14939: checking whether to support gd image formats
configure:14948: result: yes
configure:14973: checking whether to support zlib
configure:14983: result: auto
configure:15008: checking for zlib
configure:15015: $PKG_CONFIG --exists --print-errors "zlib"
configure:15018: $? = 0
configure:15032: $PKG_CONFIG --exists --print-errors "zlib"
configure:15035: $? = 0
configure:15157: result: yes
configure:15197: checking whether to support png
configure:15207: result: /data/nginx/nginxCDN/nginx-1.24.0/3partylib/libpng1639
configure:15232: checking for libpng
configure:15239: $PKG_CONFIG --exists --print-errors "libpng"
Package libpng was not found in the pkg-config search path.
Perhaps you should add the directory containing `libpng.pc'
to the PKG_CONFIG_PATH environment variable
No package 'libpng' found
configure:15242: $? = 1
configure:15256: $PKG_CONFIG --exists --print-errors "libpng"
Package libpng was not found in the pkg-config search path.
Perhaps you should add the directory containing `libpng.pc'
to the PKG_CONFIG_PATH environment variable
No package 'libpng' found
configure:15259: $? = 1
configure:15273: result: no
No package 'libpng' found
configure:15351: checking whether to support freetype
configure:15361: result: auto
configure:15386: checking for freetype2 >= 9.8.3
configure:15393: $PKG_CONFIG --exists --print-errors "freetype2 >= 9.8.3"
Package freetype2 was not found in the pkg-config search path.
Perhaps you should add the directory containing `freetype2.pc'
to the PKG_CONFIG_PATH environment variable
No package 'freetype2' found
configure:15396: $? = 1
configure:15410: $PKG_CONFIG --exists --print-errors "freetype2 >= 9.8.3"
Package freetype2 was not found in the pkg-config search path.
Perhaps you should add the directory containing `freetype2.pc'
to the PKG_CONFIG_PATH environment variable
No package 'freetype2' found
configure:15413: $? = 1
configure:15427: result: no
No package 'freetype2' found
configure:15489: Disabling support for freetype
configure:15510: checking whether to support raqm
configure:15520: result: auto
configure:15545: checking for raqm
configure:15552: $PKG_CONFIG --exists --print-errors "raqm"
Package raqm was not found in the pkg-config search path.
Perhaps you should add the directory containing `raqm.pc'
to the PKG_CONFIG_PATH environment variable
No package 'raqm' found
configure:15555: $? = 1
configure:15569: $PKG_CONFIG --exists --print-errors "raqm"
Package raqm was not found in the pkg-config search path.
Perhaps you should add the directory containing `raqm.pc'
to the PKG_CONFIG_PATH environment variable
No package 'raqm' found
configure:15572: $? = 1
configure:15586: result: no
No package 'raqm' found
configure:15603: checking for raqm_create in -lraqm
configure:15628: gcc -std=gnu99 -o conftest -g -O2     -I/data/nginx/nginxCDN/nginx-1.24.0/3partylib/libpng1639/include -I/data/nginx/nginxCDN/nginx-1.24.0/3partylib/libpng1639/include/libpng16  conftest.c -lraqm  -lm   -lz   -L/data/nginx/nginxCDN/nginx-1.24.0/3partylib/libpng1639/lib -L/data/nginx/nginxCDN/nginx-1.24.0/3partylib/libpng1639/lib -lpng16 >&5
/usr/local/bin/ld: cannot find -lraqm
collect2: error: ld returned 1 exit status
configure:15628: $? = 1
configure: failed program was:
| /* confdefs.h */
| #define PACKAGE_NAME "GD"
| #define PACKAGE_TARNAME "libgd"
| #define PACKAGE_VERSION "2.3.2"
| #define PACKAGE_STRING "GD 2.3.2"
| #define PACKAGE_BUGREPORT "https://github.com/libgd/libgd/issues"
| #define PACKAGE_URL "http://lib.gd"
| #define PACKAGE "libgd"
| #define VERSION "2.3.2"
| #define STDC_HEADERS 1
| #define HAVE_SYS_TYPES_H 1
| #define HAVE_SYS_STAT_H 1
| #define HAVE_STDLIB_H 1
| #define HAVE_STRING_H 1
| #define HAVE_MEMORY_H 1
| #define HAVE_STRINGS_H 1
| #define HAVE_INTTYPES_H 1
| #define HAVE_STDINT_H 1
| #define HAVE_UNISTD_H 1
| #define HAVE_DLFCN_H 1
| #define LT_OBJDIR ".libs/"
| #define STDC_HEADERS 1
| #define HAVE_DIRENT_H 1
| #define HAVE_INTTYPES_H 1
| #define HAVE_STDINT_H 1
| #define HAVE_STRINGS_H 1
| #define HAVE_UNISTD_H 1
| #define HAVE_SYS_STAT_H 1
| #define HAVE_SYS_TYPES_H 1
| #define HAVE_ICONV 1
| #define ICONV_CONST 
| #define HAVE_ICONV_H 1
| #define HAVE_ICONV_T_DEF 1
| #define HAVE_LIBM 1
| #define HAVE_PTHREAD_PRIO_INHERIT 1
| #define HAVE_PTHREAD 1
| #define HAVE_OPENMP 1
| #define ENABLE_GD_FORMATS 1
| #define HAVE_LIBZ 1
| #define HAVE_LIBPNG 1
| /* end confdefs.h.  */
| 
| /* Override any GCC internal prototype to avoid an error.
|    Use char because int might match the return type of a GCC
|    builtin and then its argument prototype would still apply.  */
| #ifdef __cplusplus
| extern "C"
| #endif
| char raqm_create ();
| int
| main ()
| {
| return raqm_create ();
|   ;
|   return 0;
| }
configure:15637: result: no
configure:15720: Disabling support for raqm
configure:15736: checking whether to support fontconfig
configure:15746: result: auto
configure:15771: checking for fontconfig
configure:15778: $PKG_CONFIG --exists --print-errors "fontconfig"
Package fontconfig was not found in the pkg-config search path.
Perhaps you should add the directory containing `fontconfig.pc'
to the PKG_CONFIG_PATH environment variable
No package 'fontconfig' found
configure:15781: $? = 1
configure:15795: $PKG_CONFIG --exists --print-errors "fontconfig"
Package fontconfig was not found in the pkg-config search path.
Perhaps you should add the directory containing `fontconfig.pc'
to the PKG_CONFIG_PATH environment variable
No package 'fontconfig' found
configure:15798: $? = 1
configure:15812: result: no
No package 'fontconfig' found
configure:15829: checking for FcInit in -lfontconfig
configure:15854: gcc -std=gnu99 -o conftest -g -O2     -I/data/nginx/nginxCDN/nginx-1.24.0/3partylib/libpng1639/include -I/data/nginx/nginxCDN/nginx-1.24.0/3partylib/libpng1639/include/libpng16  conftest.c -lfontconfig  -lm   -lz   -L/data/nginx/nginxCDN/nginx-1.24.0/3partylib/libpng1639/lib -L/data/nginx/nginxCDN/nginx-1.24.0/3partylib/libpng1639/lib -lpng16 >&5
/usr/local/bin/ld: cannot find -lfontconfig
collect2: error: ld returned 1 exit status
configure:15854: $? = 1
configure: failed program was:
| /* confdefs.h */
| #define PACKAGE_NAME "GD"
| #define PACKAGE_TARNAME "libgd"
| #define PACKAGE_VERSION "2.3.2"
| #define PACKAGE_STRING "GD 2.3.2"
| #define PACKAGE_BUGREPORT "https://github.com/libgd/libgd/issues"
| #define PACKAGE_URL "http://lib.gd"
| #define PACKAGE "libgd"
| #define VERSION "2.3.2"
| #define STDC_HEADERS 1
| #define HAVE_SYS_TYPES_H 1
| #define HAVE_SYS_STAT_H 1
| #define HAVE_STDLIB_H 1
| #define HAVE_STRING_H 1
| #define HAVE_MEMORY_H 1
| #define HAVE_STRINGS_H 1
| #define HAVE_INTTYPES_H 1
| #define HAVE_STDINT_H 1
| #define HAVE_UNISTD_H 1
| #define HAVE_DLFCN_H 1
| #define LT_OBJDIR ".libs/"
| #define STDC_HEADERS 1
| #define HAVE_DIRENT_H 1
| #define HAVE_INTTYPES_H 1
| #define HAVE_STDINT_H 1
| #define HAVE_STRINGS_H 1
| #define HAVE_UNISTD_H 1
| #define HAVE_SYS_STAT_H 1
| #define HAVE_SYS_TYPES_H 1
| #define HAVE_ICONV 1
| #define ICONV_CONST 
| #define HAVE_ICONV_H 1
| #define HAVE_ICONV_T_DEF 1
| #define HAVE_LIBM 1
| #define HAVE_PTHREAD_PRIO_INHERIT 1
| #define HAVE_PTHREAD 1
| #define HAVE_OPENMP 1
| #define ENABLE_GD_FORMATS 1
| #define HAVE_LIBZ 1
| #define HAVE_LIBPNG 1
| /* end confdefs.h.  */
| 
| /* Override any GCC internal prototype to avoid an error.
|    Use char because int might match the return type of a GCC
|    builtin and then its argument prototype would still apply.  */
| #ifdef __cplusplus
| extern "C"
| #endif
| char FcInit ();
| int
| main ()
| {
| return FcInit ();
|   ;
|   return 0;
| }
configure:15863: result: no
configure:15946: Disabling support for fontconfig
configure:15962: checking whether to support jpeg
configure:15972: result: /data/nginx/nginxCDN/nginx-1.24.0/3partylib/jpeg9e
configure:15997: checking for libjpeg
configure:16004: $PKG_CONFIG --exists --print-errors "libjpeg"
Package libjpeg was not found in the pkg-config search path.
Perhaps you should add the directory containing `libjpeg.pc'
to the PKG_CONFIG_PATH environment variable
No package 'libjpeg' found
configure:16007: $? = 1
configure:16021: $PKG_CONFIG --exists --print-errors "libjpeg"
Package libjpeg was not found in the pkg-config search path.
Perhaps you should add the directory containing `libjpeg.pc'
to the PKG_CONFIG_PATH environment variable
No package 'libjpeg' found
configure:16024: $? = 1
configure:16038: result: no
No package 'libjpeg' found
configure:16055: checking for jpeg_set_defaults in -ljpeg
configure:16080: gcc -std=gnu99 -o conftest -g -O2     -I/data/nginx/nginxCDN/nginx-1.24.0/3partylib/libpng1639/include -I/data/nginx/nginxCDN/nginx-1.24.0/3partylib/libpng1639/include/libpng16 -I/data/nginx/nginxCDN/nginx-1.24.0/3partylib/jpeg9e/include  -L/data/nginx/nginxCDN/nginx-1.24.0/3partylib/jpeg9e/lib conftest.c -ljpeg  -lm   -lz   -L/data/nginx/nginxCDN/nginx-1.24.0/3partylib/libpng1639/lib -L/data/nginx/nginxCDN/nginx-1.24.0/3partylib/libpng1639/lib -lpng16 >&5
configure:16080: $? = 0
configure:16089: result: yes
configure:16188: checking whether to support liq
configure:16198: result: auto
configure:16222: checking libimagequant.h usability
configure:16222: gcc -std=gnu99 -c -g -O2     -I/data/nginx/nginxCDN/nginx-1.24.0/3partylib/libpng1639/include -I/data/nginx/nginxCDN/nginx-1.24.0/3partylib/libpng1639/include/libpng16 -I/data/nginx/nginxCDN/nginx-1.24.0/3partylib/jpeg9e/include  conftest.c >&5
conftest.c:76:27: fatal error: libimagequant.h: No such file or directory
 #include <libimagequant.h>
                           ^
compilation terminated.
configure:16222: $? = 1
configure: failed program was:
| /* confdefs.h */
| #define PACKAGE_NAME "GD"
| #define PACKAGE_TARNAME "libgd"
| #define PACKAGE_VERSION "2.3.2"
| #define PACKAGE_STRING "GD 2.3.2"
| #define PACKAGE_BUGREPORT "https://github.com/libgd/libgd/issues"
| #define PACKAGE_URL "http://lib.gd"
| #define PACKAGE "libgd"
| #define VERSION "2.3.2"
| #define STDC_HEADERS 1
| #define HAVE_SYS_TYPES_H 1
| #define HAVE_SYS_STAT_H 1
| #define HAVE_STDLIB_H 1
| #define HAVE_STRING_H 1
| #define HAVE_MEMORY_H 1
| #define HAVE_STRINGS_H 1
| #define HAVE_INTTYPES_H 1
| #define HAVE_STDINT_H 1
| #define HAVE_UNISTD_H 1
| #define HAVE_DLFCN_H 1
| #define LT_OBJDIR ".libs/"
| #define STDC_HEADERS 1
| #define HAVE_DIRENT_H 1
| #define HAVE_INTTYPES_H 1
| #define HAVE_STDINT_H 1
| #define HAVE_STRINGS_H 1
| #define HAVE_UNISTD_H 1
| #define HAVE_SYS_STAT_H 1
| #define HAVE_SYS_TYPES_H 1
| #define HAVE_ICONV 1
| #define ICONV_CONST 
| #define HAVE_ICONV_H 1
| #define HAVE_ICONV_T_DEF 1
| #define HAVE_LIBM 1
| #define HAVE_PTHREAD_PRIO_INHERIT 1
| #define HAVE_PTHREAD 1
| #define HAVE_OPENMP 1
| #define ENABLE_GD_FORMATS 1
| #define HAVE_LIBZ 1
| #define HAVE_LIBPNG 1
| #define HAVE_LIBJPEG 1
| /* end confdefs.h.  */
| #include <stdio.h>
| #ifdef HAVE_SYS_TYPES_H
| # include <sys/types.h>
| #endif
| #ifdef HAVE_SYS_STAT_H
| # include <sys/stat.h>
| #endif
| #ifdef STDC_HEADERS
| # include <stdlib.h>
| # include <stddef.h>
| #else
| # ifdef HAVE_STDLIB_H
| #  include <stdlib.h>
| # endif
| #endif
| #ifdef HAVE_STRING_H
| # if !defined STDC_HEADERS && defined HAVE_MEMORY_H
| #  include <memory.h>
| # endif
| # include <string.h>
| #endif
| #ifdef HAVE_STRINGS_H
| # include <strings.h>
| #endif
| #ifdef HAVE_INTTYPES_H
| # include <inttypes.h>
| #endif
| #ifdef HAVE_STDINT_H
| # include <stdint.h>
| #endif
| #ifdef HAVE_UNISTD_H
| # include <unistd.h>
| #endif
| #include <libimagequant.h>
configure:16222: result: no
configure:16222: checking libimagequant.h presence
configure:16222: gcc -std=gnu99 -E     -I/data/nginx/nginxCDN/nginx-1.24.0/3partylib/libpng1639/include -I/data/nginx/nginxCDN/nginx-1.24.0/3partylib/libpng1639/include/libpng16 -I/data/nginx/nginxCDN/nginx-1.24.0/3partylib/jpeg9e/include  conftest.c
conftest.c:43:27: fatal error: libimagequant.h: No such file or directory
 #include <libimagequant.h>
                           ^
compilation terminated.
configure:16222: $? = 1
configure: failed program was:
| /* confdefs.h */
| #define PACKAGE_NAME "GD"
| #define PACKAGE_TARNAME "libgd"
| #define PACKAGE_VERSION "2.3.2"
| #define PACKAGE_STRING "GD 2.3.2"
| #define PACKAGE_BUGREPORT "https://github.com/libgd/libgd/issues"
| #define PACKAGE_URL "http://lib.gd"
| #define PACKAGE "libgd"
| #define VERSION "2.3.2"
| #define STDC_HEADERS 1
| #define HAVE_SYS_TYPES_H 1
| #define HAVE_SYS_STAT_H 1
| #define HAVE_STDLIB_H 1
| #define HAVE_STRING_H 1
| #define HAVE_MEMORY_H 1
| #define HAVE_STRINGS_H 1
| #define HAVE_INTTYPES_H 1
| #define HAVE_STDINT_H 1
| #define HAVE_UNISTD_H 1
| #define HAVE_DLFCN_H 1
| #define LT_OBJDIR ".libs/"
| #define STDC_HEADERS 1
| #define HAVE_DIRENT_H 1
| #define HAVE_INTTYPES_H 1
| #define HAVE_STDINT_H 1
| #define HAVE_STRINGS_H 1
| #define HAVE_UNISTD_H 1
| #define HAVE_SYS_STAT_H 1
| #define HAVE_SYS_TYPES_H 1
| #define HAVE_ICONV 1
| #define ICONV_CONST 
| #define HAVE_ICONV_H 1
| #define HAVE_ICONV_T_DEF 1
| #define HAVE_LIBM 1
| #define HAVE_PTHREAD_PRIO_INHERIT 1
| #define HAVE_PTHREAD 1
| #define HAVE_OPENMP 1
| #define ENABLE_GD_FORMATS 1
| #define HAVE_LIBZ 1
| #define HAVE_LIBPNG 1
| #define HAVE_LIBJPEG 1
| /* end confdefs.h.  */
| #include <libimagequant.h>
configure:16222: result: no
configure:16222: checking for libimagequant.h
configure:16222: result: no
configure:16294: Disabling support for liq
configure:16309: checking whether to support xpm
configure:16319: result: auto
configure:16344: checking for xpm
configure:16351: $PKG_CONFIG --exists --print-errors "xpm"
configure:16354: $? = 0
configure:16368: $PKG_CONFIG --exists --print-errors "xpm"
configure:16371: $? = 0
configure:16495: result: yes
configure:16535: checking whether to support tiff
configure:16545: result: auto
configure:16570: checking for libtiff-4
configure:16577: $PKG_CONFIG --exists --print-errors "libtiff-4"
Package libtiff-4 was not found in the pkg-config search path.
Perhaps you should add the directory containing `libtiff-4.pc'
to the PKG_CONFIG_PATH environment variable
No package 'libtiff-4' found
configure:16580: $? = 1
configure:16594: $PKG_CONFIG --exists --print-errors "libtiff-4"
Package libtiff-4 was not found in the pkg-config search path.
Perhaps you should add the directory containing `libtiff-4.pc'
to the PKG_CONFIG_PATH environment variable
No package 'libtiff-4' found
configure:16597: $? = 1
configure:16611: result: no
No package 'libtiff-4' found
configure:16628: checking for TIFFClientOpen in -ltiff
configure:16653: gcc -std=gnu99 -o conftest -g -O2     -I/data/nginx/nginxCDN/nginx-1.24.0/3partylib/libpng1639/include -I/data/nginx/nginxCDN/nginx-1.24.0/3partylib/libpng1639/include/libpng16 -I/data/nginx/nginxCDN/nginx-1.24.0/3partylib/jpeg9e/include      conftest.c -ltiff  -lm   -lz   -L/data/nginx/nginxCDN/nginx-1.24.0/3partylib/libpng1639/lib -L/data/nginx/nginxCDN/nginx-1.24.0/3partylib/libpng1639/lib -lpng16 -L/data/nginx/nginxCDN/nginx-1.24.0/3partylib/jpeg9e/lib  -ljpeg  -lXpm -lX11   >&5
/usr/local/bin/ld: cannot find -ltiff
collect2: error: ld returned 1 exit status
configure:16653: $? = 1
configure: failed program was:
| /* confdefs.h */
| #define PACKAGE_NAME "GD"
| #define PACKAGE_TARNAME "libgd"
| #define PACKAGE_VERSION "2.3.2"
| #define PACKAGE_STRING "GD 2.3.2"
| #define PACKAGE_BUGREPORT "https://github.com/libgd/libgd/issues"
| #define PACKAGE_URL "http://lib.gd"
| #define PACKAGE "libgd"
| #define VERSION "2.3.2"
| #define STDC_HEADERS 1
| #define HAVE_SYS_TYPES_H 1
| #define HAVE_SYS_STAT_H 1
| #define HAVE_STDLIB_H 1
| #define HAVE_STRING_H 1
| #define HAVE_MEMORY_H 1
| #define HAVE_STRINGS_H 1
| #define HAVE_INTTYPES_H 1
| #define HAVE_STDINT_H 1
| #define HAVE_UNISTD_H 1
| #define HAVE_DLFCN_H 1
| #define LT_OBJDIR ".libs/"
| #define STDC_HEADERS 1
| #define HAVE_DIRENT_H 1
| #define HAVE_INTTYPES_H 1
| #define HAVE_STDINT_H 1
| #define HAVE_STRINGS_H 1
| #define HAVE_UNISTD_H 1
| #define HAVE_SYS_STAT_H 1
| #define HAVE_SYS_TYPES_H 1
| #define HAVE_ICONV 1
| #define ICONV_CONST 
| #define HAVE_ICONV_H 1
| #define HAVE_ICONV_T_DEF 1
| #define HAVE_LIBM 1
| #define HAVE_PTHREAD_PRIO_INHERIT 1
| #define HAVE_PTHREAD 1
| #define HAVE_OPENMP 1
| #define ENABLE_GD_FORMATS 1
| #define HAVE_LIBZ 1
| #define HAVE_LIBPNG 1
| #define HAVE_LIBJPEG 1
| #define HAVE_LIBXPM 1
| /* end confdefs.h.  */
| 
| /* Override any GCC internal prototype to avoid an error.
|    Use char because int might match the return type of a GCC
|    builtin and then its argument prototype would still apply.  */
| #ifdef __cplusplus
| extern "C"
| #endif
| char TIFFClientOpen ();
| int
| main ()
| {
| return TIFFClientOpen ();
|   ;
|   return 0;
| }
configure:16662: result: no
configure:16745: Disabling support for tiff
configure:16761: checking whether to support webp
configure:16771: result: /data/nginx/nginxCDN/nginx-1.24.0/3partylib/libwebp131
configure:16796: checking for libwebp
configure:16803: $PKG_CONFIG --exists --print-errors "libwebp"
Package libwebp was not found in the pkg-config search path.
Perhaps you should add the directory containing `libwebp.pc'
to the PKG_CONFIG_PATH environment variable
No package 'libwebp' found
configure:16806: $? = 1
configure:16820: $PKG_CONFIG --exists --print-errors "libwebp"
Package libwebp was not found in the pkg-config search path.
Perhaps you should add the directory containing `libwebp.pc'
to the PKG_CONFIG_PATH environment variable
No package 'libwebp' found
configure:16823: $? = 1
configure:16837: result: no
No package 'libwebp' found
configure:16854: checking for WebPGetInfo in -lwebp
configure:16879: gcc -std=gnu99 -o conftest -g -O2     -I/data/nginx/nginxCDN/nginx-1.24.0/3partylib/libpng1639/include -I/data/nginx/nginxCDN/nginx-1.24.0/3partylib/libpng1639/include/libpng16 -I/data/nginx/nginxCDN/nginx-1.24.0/3partylib/jpeg9e/include     -I/data/nginx/nginxCDN/nginx-1.24.0/3partylib/libwebp131/include  -L/data/nginx/nginxCDN/nginx-1.24.0/3partylib/libwebp131/lib conftest.c -lwebp  -lm   -lz   -L/data/nginx/nginxCDN/nginx-1.24.0/3partylib/libpng1639/lib -L/data/nginx/nginxCDN/nginx-1.24.0/3partylib/libpng1639/lib -lpng16 -L/data/nginx/nginxCDN/nginx-1.24.0/3partylib/jpeg9e/lib  -ljpeg  -lXpm -lX11   >&5
configure:16879: $? = 0
configure:16888: result: yes
configure:16987: checking whether to support heif
configure:16997: result: auto
configure:17022: checking for libheif >= 1.7.0
configure:17029: $PKG_CONFIG --exists --print-errors "libheif >= 1.7.0"
Package libheif was not found in the pkg-config search path.
Perhaps you should add the directory containing `libheif.pc'
to the PKG_CONFIG_PATH environment variable
No package 'libheif' found
configure:17032: $? = 1
configure:17046: $PKG_CONFIG --exists --print-errors "libheif >= 1.7.0"
Package libheif was not found in the pkg-config search path.
Perhaps you should add the directory containing `libheif.pc'
to the PKG_CONFIG_PATH environment variable
No package 'libheif' found
configure:17049: $? = 1
configure:17063: result: no
No package 'libheif' found
configure:17080: checking for heif_get_version in -lheif
configure:17105: gcc -std=gnu99 -o conftest -g -O2     -I/data/nginx/nginxCDN/nginx-1.24.0/3partylib/libpng1639/include -I/data/nginx/nginxCDN/nginx-1.24.0/3partylib/libpng1639/include/libpng16 -I/data/nginx/nginxCDN/nginx-1.24.0/3partylib/jpeg9e/include     -I/data/nginx/nginxCDN/nginx-1.24.0/3partylib/libwebp131/include   conftest.c -lheif  -lm   -lz   -L/data/nginx/nginxCDN/nginx-1.24.0/3partylib/libpng1639/lib -L/data/nginx/nginxCDN/nginx-1.24.0/3partylib/libpng1639/lib -lpng16 -L/data/nginx/nginxCDN/nginx-1.24.0/3partylib/jpeg9e/lib  -ljpeg  -lXpm -lX11   -L/data/nginx/nginxCDN/nginx-1.24.0/3partylib/libwebp131/lib  -lwebp >&5
/usr/local/bin/ld: cannot find -lheif
collect2: error: ld returned 1 exit status
configure:17105: $? = 1
configure: failed program was:
| /* confdefs.h */
| #define PACKAGE_NAME "GD"
| #define PACKAGE_TARNAME "libgd"
| #define PACKAGE_VERSION "2.3.2"
| #define PACKAGE_STRING "GD 2.3.2"
| #define PACKAGE_BUGREPORT "https://github.com/libgd/libgd/issues"
| #define PACKAGE_URL "http://lib.gd"
| #define PACKAGE "libgd"
| #define VERSION "2.3.2"
| #define STDC_HEADERS 1
| #define HAVE_SYS_TYPES_H 1
| #define HAVE_SYS_STAT_H 1
| #define HAVE_STDLIB_H 1
| #define HAVE_STRING_H 1
| #define HAVE_MEMORY_H 1
| #define HAVE_STRINGS_H 1
| #define HAVE_INTTYPES_H 1
| #define HAVE_STDINT_H 1
| #define HAVE_UNISTD_H 1
| #define HAVE_DLFCN_H 1
| #define LT_OBJDIR ".libs/"
| #define STDC_HEADERS 1
| #define HAVE_DIRENT_H 1
| #define HAVE_INTTYPES_H 1
| #define HAVE_STDINT_H 1
| #define HAVE_STRINGS_H 1
| #define HAVE_UNISTD_H 1
| #define HAVE_SYS_STAT_H 1
| #define HAVE_SYS_TYPES_H 1
| #define HAVE_ICONV 1
| #define ICONV_CONST 
| #define HAVE_ICONV_H 1
| #define HAVE_ICONV_T_DEF 1
| #define HAVE_LIBM 1
| #define HAVE_PTHREAD_PRIO_INHERIT 1
| #define HAVE_PTHREAD 1
| #define HAVE_OPENMP 1
| #define ENABLE_GD_FORMATS 1
| #define HAVE_LIBZ 1
| #define HAVE_LIBPNG 1
| #define HAVE_LIBJPEG 1
| #define HAVE_LIBXPM 1
| #define HAVE_LIBWEBP 1
| /* end confdefs.h.  */
| 
| /* Override any GCC internal prototype to avoid an error.
|    Use char because int might match the return type of a GCC
|    builtin and then its argument prototype would still apply.  */
| #ifdef __cplusplus
| extern "C"
| #endif
| char heif_get_version ();
| int
| main ()
| {
| return heif_get_version ();
|   ;
|   return 0;
| }
configure:17114: result: no
configure:17195: Disabling support for heif
configure:17211: checking whether to support avif
configure:17221: result: auto
configure:17246: checking for libavif >= 0.8.2
configure:17253: $PKG_CONFIG --exists --print-errors "libavif >= 0.8.2"
Package libavif was not found in the pkg-config search path.
Perhaps you should add the directory containing `libavif.pc'
to the PKG_CONFIG_PATH environment variable
No package 'libavif' found
configure:17256: $? = 1
configure:17270: $PKG_CONFIG --exists --print-errors "libavif >= 0.8.2"
Package libavif was not found in the pkg-config search path.
Perhaps you should add the directory containing `libavif.pc'
to the PKG_CONFIG_PATH environment variable
No package 'libavif' found
configure:17273: $? = 1
configure:17287: result: no
No package 'libavif' found
configure:17304: checking for avifVersion in -lavif
configure:17329: gcc -std=gnu99 -o conftest -g -O2     -I/data/nginx/nginxCDN/nginx-1.24.0/3partylib/libpng1639/include -I/data/nginx/nginxCDN/nginx-1.24.0/3partylib/libpng1639/include/libpng16 -I/data/nginx/nginxCDN/nginx-1.24.0/3partylib/jpeg9e/include     -I/data/nginx/nginxCDN/nginx-1.24.0/3partylib/libwebp131/include   conftest.c -lavif  -lm   -lz   -L/data/nginx/nginxCDN/nginx-1.24.0/3partylib/libpng1639/lib -L/data/nginx/nginxCDN/nginx-1.24.0/3partylib/libpng1639/lib -lpng16 -L/data/nginx/nginxCDN/nginx-1.24.0/3partylib/jpeg9e/lib  -ljpeg  -lXpm -lX11   -L/data/nginx/nginxCDN/nginx-1.24.0/3partylib/libwebp131/lib  -lwebp >&5
/usr/local/bin/ld: cannot find -lavif
collect2: error: ld returned 1 exit status
configure:17329: $? = 1
configure: failed program was:
| /* confdefs.h */
| #define PACKAGE_NAME "GD"
| #define PACKAGE_TARNAME "libgd"
| #define PACKAGE_VERSION "2.3.2"
| #define PACKAGE_STRING "GD 2.3.2"
| #define PACKAGE_BUGREPORT "https://github.com/libgd/libgd/issues"
| #define PACKAGE_URL "http://lib.gd"
| #define PACKAGE "libgd"
| #define VERSION "2.3.2"
| #define STDC_HEADERS 1
| #define HAVE_SYS_TYPES_H 1
| #define HAVE_SYS_STAT_H 1
| #define HAVE_STDLIB_H 1
| #define HAVE_STRING_H 1
| #define HAVE_MEMORY_H 1
| #define HAVE_STRINGS_H 1
| #define HAVE_INTTYPES_H 1
| #define HAVE_STDINT_H 1
| #define HAVE_UNISTD_H 1
| #define HAVE_DLFCN_H 1
| #define LT_OBJDIR ".libs/"
| #define STDC_HEADERS 1
| #define HAVE_DIRENT_H 1
| #define HAVE_INTTYPES_H 1
| #define HAVE_STDINT_H 1
| #define HAVE_STRINGS_H 1
| #define HAVE_UNISTD_H 1
| #define HAVE_SYS_STAT_H 1
| #define HAVE_SYS_TYPES_H 1
| #define HAVE_ICONV 1
| #define ICONV_CONST 
| #define HAVE_ICONV_H 1
| #define HAVE_ICONV_T_DEF 1
| #define HAVE_LIBM 1
| #define HAVE_PTHREAD_PRIO_INHERIT 1
| #define HAVE_PTHREAD 1
| #define HAVE_OPENMP 1
| #define ENABLE_GD_FORMATS 1
| #define HAVE_LIBZ 1
| #define HAVE_LIBPNG 1
| #define HAVE_LIBJPEG 1
| #define HAVE_LIBXPM 1
| #define HAVE_LIBWEBP 1
| /* end confdefs.h.  */
| 
| /* Override any GCC internal prototype to avoid an error.
|    Use char because int might match the return type of a GCC
|    builtin and then its argument prototype would still apply.  */
| #ifdef __cplusplus
| extern "C"
| #endif
| char avifVersion ();
| int
| main ()
| {
| return avifVersion ();
|   ;
|   return 0;
| }
configure:17338: result: no
configure:17421: Disabling support for avif
configure:17442: checking for simple visibility declarations
configure:17464: gcc -std=gnu99 -c -g -O2 -fvisibility=hidden     -I/data/nginx/nginxCDN/nginx-1.24.0/3partylib/libpng1639/include -I/data/nginx/nginxCDN/nginx-1.24.0/3partylib/libpng1639/include/libpng16 -I/data/nginx/nginxCDN/nginx-1.24.0/3partylib/jpeg9e/include     -I/data/nginx/nginxCDN/nginx-1.24.0/3partylib/libwebp131/include  conftest.c >&5
configure:17464: $? = 0
configure:17473: result: yes
configure:17490: checking whether we are building for a Win32 host
configure:17502: gcc -std=gnu99 -c -g -O2 -fvisibility=hidden     -I/data/nginx/nginxCDN/nginx-1.24.0/3partylib/libpng1639/include -I/data/nginx/nginxCDN/nginx-1.24.0/3partylib/libpng1639/include/libpng16 -I/data/nginx/nginxCDN/nginx-1.24.0/3partylib/jpeg9e/include     -I/data/nginx/nginxCDN/nginx-1.24.0/3partylib/libwebp131/include  conftest.c >&5
configure:17502: $? = 0
configure:17509: result: no
configure:17524: checking CFLAGS for maximum warnings
configure:17544: gcc -std=gnu99 -c -g -O2 -fvisibility=hidden -warn all  -warn all     -I/data/nginx/nginxCDN/nginx-1.24.0/3partylib/libpng1639/include -I/data/nginx/nginxCDN/nginx-1.24.0/3partylib/libpng1639/include/libpng16 -I/data/nginx/nginxCDN/nginx-1.24.0/3partylib/jpeg9e/include     -I/data/nginx/nginxCDN/nginx-1.24.0/3partylib/libwebp131/include  conftest.c >&5
gcc: error: all: No such file or directory
gcc: error: all: No such file or directory
gcc: error: unrecognized command line option '-warn'
gcc: error: unrecognized command line option '-warn'
configure:17544: $? = 1
configure: failed program was:
| /* confdefs.h */
| #define PACKAGE_NAME "GD"
| #define PACKAGE_TARNAME "libgd"
| #define PACKAGE_VERSION "2.3.2"
| #define PACKAGE_STRING "GD 2.3.2"
| #define PACKAGE_BUGREPORT "https://github.com/libgd/libgd/issues"
| #define PACKAGE_URL "http://lib.gd"
| #define PACKAGE "libgd"
| #define VERSION "2.3.2"
| #define STDC_HEADERS 1
| #define HAVE_SYS_TYPES_H 1
| #define HAVE_SYS_STAT_H 1
| #define HAVE_STDLIB_H 1
| #define HAVE_STRING_H 1
| #define HAVE_MEMORY_H 1
| #define HAVE_STRINGS_H 1
| #define HAVE_INTTYPES_H 1
| #define HAVE_STDINT_H 1
| #define HAVE_UNISTD_H 1
| #define HAVE_DLFCN_H 1
| #define LT_OBJDIR ".libs/"
| #define STDC_HEADERS 1
| #define HAVE_DIRENT_H 1
| #define HAVE_INTTYPES_H 1
| #define HAVE_STDINT_H 1
| #define HAVE_STRINGS_H 1
| #define HAVE_UNISTD_H 1
| #define HAVE_SYS_STAT_H 1
| #define HAVE_SYS_TYPES_H 1
| #define HAVE_ICONV 1
| #define ICONV_CONST 
| #define HAVE_ICONV_H 1
| #define HAVE_ICONV_T_DEF 1
| #define HAVE_LIBM 1
| #define HAVE_PTHREAD_PRIO_INHERIT 1
| #define HAVE_PTHREAD 1
| #define HAVE_OPENMP 1
| #define ENABLE_GD_FORMATS 1
| #define HAVE_LIBZ 1
| #define HAVE_LIBPNG 1
| #define HAVE_LIBJPEG 1
| #define HAVE_LIBXPM 1
| #define HAVE_LIBWEBP 1
| #define HAVE_VISIBILITY 1
| /* end confdefs.h.  */
| 
| int
| main ()
| {
| 
|   ;
|   return 0;
| }
configure:17544: gcc -std=gnu99 -c -g -O2 -fvisibility=hidden -pedantic  -Wall     -I/data/nginx/nginxCDN/nginx-1.24.0/3partylib/libpng1639/include -I/data/nginx/nginxCDN/nginx-1.24.0/3partylib/libpng1639/include/libpng16 -I/data/nginx/nginxCDN/nginx-1.24.0/3partylib/jpeg9e/include     -I/data/nginx/nginxCDN/nginx-1.24.0/3partylib/libwebp131/include  conftest.c >&5
configure:17544: $? = 0
configure:17552: result: -Wall
configure:17572: : CFLAGS="$CFLAGS"
configure:17575: $? = 0
configure:17629: result:
** Configuration summary for libgd 2.3.2:

   Support for gd/gd2 images:        yes
   Support for Zlib:                 yes
   Support for PNG library:          yes
   Support for JPEG library:         yes
   Support for WebP library:         yes
   Support for HEIF library:         no
   Support for AVIF library:         no
   Support for TIFF library:         no
   Support for Freetype 2.x library: no
   Support for Fontconfig library:   no
   Support for Xpm library:          yes
   Support for liq library:          no
   Support for complex text:         no
   Support for pthreads:             yes

configure:17761: checking that generated files are newer than configure
configure:17767: result: done
configure:17842: creating ./config.status

## ---------------------- ##
## Running config.status. ##
## ---------------------- ##

This file was extended by GD config.status 2.3.2, which was
generated by GNU Autoconf 2.69.  Invocation command line was

  CONFIG_FILES    = 
  CONFIG_HEADERS  = 
  CONFIG_LINKS    = 
  CONFIG_COMMANDS = 
  $ ./config.status 

on VM-63-145-centos

config.status:1179: creating Makefile
config.status:1179: creating src/Makefile
config.status:1179: creating tests/Makefile
config.status:1179: creating config/Makefile
config.status:1179: creating config/gdlib.pc
config.status:1179: creating src/config.h
config.status:1360: src/config.h is unchanged
config.status:1408: executing depfiles commands
config.status:1485: cd src       && sed -e '/# am--include-marker/d' Makefile         | make -f - am--depfiles
make: Nothing to be done for `am--depfiles'.
config.status:1490: $? = 0
config.status:1485: cd tests       && sed -e '/# am--include-marker/d' Makefile         | make -f - am--depfiles
make: Nothing to be done for `am--depfiles'.
config.status:1490: $? = 0
config.status:1408: executing libtool commands

## ---------------- ##
## Cache variables. ##
## ---------------- ##

ac_cv_build=x86_64-pc-linux-gnu
ac_cv_c_compiler_gnu=yes
ac_cv_cflags_warn_all=-Wall
ac_cv_env_CC_set=
ac_cv_env_CC_value=
ac_cv_env_CFLAGS_set=
ac_cv_env_CFLAGS_value=
ac_cv_env_CPPFLAGS_set=
ac_cv_env_CPPFLAGS_value=
ac_cv_env_CPP_set=
ac_cv_env_CPP_value=
ac_cv_env_LDFLAGS_set=
ac_cv_env_LDFLAGS_value=
ac_cv_env_LIBAVIF_CFLAGS_set=
ac_cv_env_LIBAVIF_CFLAGS_value=
ac_cv_env_LIBAVIF_LIBS_set=
ac_cv_env_LIBAVIF_LIBS_value=
ac_cv_env_LIBFONTCONFIG_CFLAGS_set=
ac_cv_env_LIBFONTCONFIG_CFLAGS_value=
ac_cv_env_LIBFONTCONFIG_LIBS_set=
ac_cv_env_LIBFONTCONFIG_LIBS_value=
ac_cv_env_LIBFREETYPE_CFLAGS_set=
ac_cv_env_LIBFREETYPE_CFLAGS_value=
ac_cv_env_LIBFREETYPE_LIBS_set=
ac_cv_env_LIBFREETYPE_LIBS_value=
ac_cv_env_LIBHEIF_CFLAGS_set=
ac_cv_env_LIBHEIF_CFLAGS_value=
ac_cv_env_LIBHEIF_LIBS_set=
ac_cv_env_LIBHEIF_LIBS_value=
ac_cv_env_LIBJPEG_CFLAGS_set=
ac_cv_env_LIBJPEG_CFLAGS_value=
ac_cv_env_LIBJPEG_LIBS_set=
ac_cv_env_LIBJPEG_LIBS_value=
ac_cv_env_LIBPNG_CFLAGS_set=
ac_cv_env_LIBPNG_CFLAGS_value=
ac_cv_env_LIBPNG_LIBS_set=
ac_cv_env_LIBPNG_LIBS_value=
ac_cv_env_LIBRAQM_CFLAGS_set=
ac_cv_env_LIBRAQM_CFLAGS_value=
ac_cv_env_LIBRAQM_LIBS_set=
ac_cv_env_LIBRAQM_LIBS_value=
ac_cv_env_LIBS_set=
ac_cv_env_LIBS_value=
ac_cv_env_LIBTIFF_CFLAGS_set=
ac_cv_env_LIBTIFF_CFLAGS_value=
ac_cv_env_LIBTIFF_LIBS_set=
ac_cv_env_LIBTIFF_LIBS_value=
ac_cv_env_LIBWEBP_CFLAGS_set=
ac_cv_env_LIBWEBP_CFLAGS_value=
ac_cv_env_LIBWEBP_LIBS_set=
ac_cv_env_LIBWEBP_LIBS_value=
ac_cv_env_LIBXPM_CFLAGS_set=
ac_cv_env_LIBXPM_CFLAGS_value=
ac_cv_env_LIBXPM_LIBS_set=
ac_cv_env_LIBXPM_LIBS_value=
ac_cv_env_LIBZ_CFLAGS_set=
ac_cv_env_LIBZ_CFLAGS_value=
ac_cv_env_LIBZ_LIBS_set=
ac_cv_env_LIBZ_LIBS_value=
ac_cv_env_LT_SYS_LIBRARY_PATH_set=
ac_cv_env_LT_SYS_LIBRARY_PATH_value=
ac_cv_env_PKG_CONFIG_LIBDIR_set=
ac_cv_env_PKG_CONFIG_LIBDIR_value=
ac_cv_env_PKG_CONFIG_PATH_set=
ac_cv_env_PKG_CONFIG_PATH_value=
ac_cv_env_PKG_CONFIG_set=
ac_cv_env_PKG_CONFIG_value=
ac_cv_env_XMKMF_set=
ac_cv_env_XMKMF_value=
ac_cv_env_build_alias_set=
ac_cv_env_build_alias_value=
ac_cv_env_host_alias_set=
ac_cv_env_host_alias_value=
ac_cv_env_target_alias_set=
ac_cv_env_target_alias_value=
ac_cv_func_sin=no
ac_cv_have_x='have_x=yes	ac_x_includes='\'''\''	ac_x_libraries='\'''\'''
ac_cv_header_dirent_h=yes
ac_cv_header_dlfcn_h=yes
ac_cv_header_iconv_h=yes
ac_cv_header_inttypes_h=yes
ac_cv_header_libimagequant_h=no
ac_cv_header_memory_h=yes
ac_cv_header_stdc=yes
ac_cv_header_stdint_h=yes
ac_cv_header_stdlib_h=yes
ac_cv_header_string_h=yes
ac_cv_header_strings_h=yes
ac_cv_header_sys_stat_h=yes
ac_cv_header_sys_types_h=yes
ac_cv_header_unistd_h=yes
ac_cv_host=x86_64-pc-linux-gnu
ac_cv_lib_avif_avifVersion=no
ac_cv_lib_fontconfig_FcInit=no
ac_cv_lib_heif_heif_get_version=no
ac_cv_lib_jpeg_jpeg_set_defaults=yes
ac_cv_lib_m_sin=yes
ac_cv_lib_raqm_raqm_create=no
ac_cv_lib_tiff_TIFFClientOpen=no
ac_cv_lib_webp_WebPGetInfo=yes
ac_cv_objext=o
ac_cv_path_EGREP='/usr/bin/grep -E'
ac_cv_path_FGREP='/usr/bin/grep -F'
ac_cv_path_GREP=/usr/bin/grep
ac_cv_path_SED=/usr/bin/sed
ac_cv_path_ac_pt_PKG_CONFIG=/usr/bin/pkg-config
ac_cv_path_install='/usr/bin/install -c'
ac_cv_path_lt_DD=/usr/bin/dd
ac_cv_path_mkdir=/usr/bin/mkdir
ac_cv_prog_AWK=gawk
ac_cv_prog_CPP='gcc -std=gnu99 -E'
ac_cv_prog_ac_ct_AR=ar
ac_cv_prog_ac_ct_CC=gcc
ac_cv_prog_ac_ct_OBJDUMP=objdump
ac_cv_prog_ac_ct_RANLIB=ranlib
ac_cv_prog_ac_ct_STRIP=strip
ac_cv_prog_cc_c89=
ac_cv_prog_cc_c99=-std=gnu99
ac_cv_prog_cc_g=yes
ac_cv_prog_cc_stdc=-std=gnu99
ac_cv_prog_make_make_set=yes
acl_cv_hardcode_direct=no
acl_cv_hardcode_libdir_flag_spec='${wl}-rpath ${wl}$libdir'
acl_cv_hardcode_libdir_separator=
acl_cv_hardcode_minus_L=no
acl_cv_libext=a
acl_cv_libname_spec='lib$name'
acl_cv_library_names_spec='$libname$shrext'
acl_cv_path_LD='/usr/local/bin/ld -m elf_x86_64'
acl_cv_prog_gnu_ld=yes
acl_cv_rpath=done
acl_cv_shlibext=so
acl_cv_wl=-Wl,
am_cv_CC_dependencies_compiler_type=gcc3
am_cv_ar_interface=ar
am_cv_func_iconv=yes
am_cv_func_iconv_works=yes
am_cv_lib_iconv=no
am_cv_make_support_nested_variables=yes
am_cv_prog_cc_c_o=yes
am_cv_proto_iconv='extern size_t iconv (iconv_t cd, char * *inbuf, size_t *inbytesleft, char * *outbuf, size_t *outbytesleft);'
am_cv_proto_iconv_arg1=
ax_cv_PTHREAD_CLANG=no
ax_cv_PTHREAD_JOINABLE_ATTR=PTHREAD_CREATE_JOINABLE
ax_cv_PTHREAD_PRIO_INHERIT=yes
ax_cv_PTHREAD_SPECIAL_FLAGS=no
ax_cv_c_openmp=-fopenmp
gl_cv_cc_visibility=yes
lt_cv_ar_at_file=@
lt_cv_archive_cmds_need_lc=no
lt_cv_deplibs_check_method=pass_all
lt_cv_file_magic_cmd='$MAGIC_CMD'
lt_cv_file_magic_test_file=
lt_cv_ld_reload_flag=-r
lt_cv_nm_interface='BSD nm'
lt_cv_objdir=.libs
lt_cv_path_LD=/usr/local/bin/ld
lt_cv_path_NM='/usr/local/bin/nm -B'
lt_cv_path_mainfest_tool=no
lt_cv_prog_compiler_c_o=yes
lt_cv_prog_compiler_pic='-fPIC -DPIC'
lt_cv_prog_compiler_pic_works=yes
lt_cv_prog_compiler_rtti_exceptions=no
lt_cv_prog_compiler_static_works=yes
lt_cv_prog_gnu_ld=yes
lt_cv_sharedlib_from_linklib_cmd='printf %s\n'
lt_cv_shlibpath_overrides_runpath=no
lt_cv_sys_global_symbol_pipe='sed -n -e '\''s/^.*[	 ]\([ABCDGIRSTW][ABCDGIRSTW]*\)[	 ][	 ]*\([_A-Za-z][_A-Za-z0-9]*\)$/\1 \2 \2/p'\'' | sed '\''/ __gnu_lto/d'\'''
lt_cv_sys_global_symbol_to_c_name_address='sed -n -e '\''s/^: \(.*\) .*$/  {"\1", (void *) 0},/p'\'' -e '\''s/^[ABCDGIRSTW][ABCDGIRSTW]* .* \(.*\)$/  {"\1", (void *) \&\1},/p'\'''
lt_cv_sys_global_symbol_to_c_name_address_lib_prefix='sed -n -e '\''s/^: \(.*\) .*$/  {"\1", (void *) 0},/p'\'' -e '\''s/^[ABCDGIRSTW][ABCDGIRSTW]* .* \(lib.*\)$/  {"\1", (void *) \&\1},/p'\'' -e '\''s/^[ABCDGIRSTW][ABCDGIRSTW]* .* \(.*\)$/  {"lib\1", (void *) \&\1},/p'\'''
lt_cv_sys_global_symbol_to_cdecl='sed -n -e '\''s/^T .* \(.*\)$/extern int \1();/p'\'' -e '\''s/^[ABCDGIRSTW][ABCDGIRSTW]* .* \(.*\)$/extern char \1;/p'\'''
lt_cv_sys_global_symbol_to_import=
lt_cv_sys_max_cmd_len=1572864
lt_cv_to_host_file_cmd=func_convert_file_noop
lt_cv_to_tool_file_cmd=func_convert_file_noop
lt_cv_truncate_bin='/usr/bin/dd bs=4096 count=1'
mingw_cv_win32_host=no
pkg_cv_LIBXPM_CFLAGS=' '
pkg_cv_LIBXPM_LIBS='-lXpm -lX11  '
pkg_cv_LIBZ_CFLAGS=' '
pkg_cv_LIBZ_LIBS='-lz  '

## ----------------- ##
## Output variables. ##
## ----------------- ##

ACLOCAL='${SHELL} '\''/data/nginx/nginxCDN/nginx-1.24.0/3partylib/libgd-2.3.2/config/missing'\'' aclocal-1.16'
AMDEPBACKSLASH='\'
AMDEP_FALSE='#'
AMDEP_TRUE=''
AMTAR='$${TAR-tar}'
AM_BACKSLASH='\'
AM_DEFAULT_V='$(AM_DEFAULT_VERBOSITY)'
AM_DEFAULT_VERBOSITY='1'
AM_V='$(V)'
AR='ar'
AUTOCONF='${SHELL} '\''/data/nginx/nginxCDN/nginx-1.24.0/3partylib/libgd-2.3.2/config/missing'\'' autoconf'
AUTOHEADER='${SHELL} '\''/data/nginx/nginxCDN/nginx-1.24.0/3partylib/libgd-2.3.2/config/missing'\'' autoheader'
AUTOMAKE='${SHELL} '\''/data/nginx/nginxCDN/nginx-1.24.0/3partylib/libgd-2.3.2/config/missing'\'' automake-1.16'
AWK='gawk'
CC='gcc -std=gnu99'
CCDEPMODE='depmode=gcc3'
CFLAGS='-g -O2 -fvisibility=hidden -Wall'
CFLAG_VISIBILITY='-fvisibility=hidden'
CPP='gcc -std=gnu99 -E'
CPPFLAGS='    -I/data/nginx/nginxCDN/nginx-1.24.0/3partylib/libpng1639/include -I/data/nginx/nginxCDN/nginx-1.24.0/3partylib/libpng1639/include/libpng16 -I/data/nginx/nginxCDN/nginx-1.24.0/3partylib/jpeg9e/include     -I/data/nginx/nginxCDN/nginx-1.24.0/3partylib/libwebp131/include '
CYGPATH_W='echo'
DEFS='-DHAVE_CONFIG_H'
DEPDIR='.deps'
DLLTOOL='false'
DSYMUTIL=''
DUMPBIN=''
ECHO_C=''
ECHO_N='-n'
ECHO_T=''
EGREP='/usr/bin/grep -E'
ENABLE_GD_FORMATS_FALSE='#'
ENABLE_GD_FORMATS_TRUE=''
EXEEXT=''
FGREP='/usr/bin/grep -F'
GDLIB_LT_AGE='0'
GDLIB_LT_CURRENT='3'
GDLIB_LT_REVISION='10'
GREP='/usr/bin/grep'
HAVE_LIBAVIF_FALSE=''
HAVE_LIBAVIF_TRUE='#'
HAVE_LIBFONTCONFIG_FALSE=''
HAVE_LIBFONTCONFIG_TRUE='#'
HAVE_LIBFREETYPE_FALSE=''
HAVE_LIBFREETYPE_TRUE='#'
HAVE_LIBHEIF_FALSE=''
HAVE_LIBHEIF_TRUE='#'
HAVE_LIBIMAGEQUANT_FALSE=''
HAVE_LIBIMAGEQUANT_TRUE='#'
HAVE_LIBJPEG_FALSE='#'
HAVE_LIBJPEG_TRUE=''
HAVE_LIBPNG_FALSE='#'
HAVE_LIBPNG_TRUE=''
HAVE_LIBRAQM_FALSE=''
HAVE_LIBRAQM_TRUE='#'
HAVE_LIBTIFF_FALSE=''
HAVE_LIBTIFF_TRUE='#'
HAVE_LIBWEBP_FALSE='#'
HAVE_LIBWEBP_TRUE=''
HAVE_LIBXPM_FALSE='#'
HAVE_LIBXPM_TRUE=''
HAVE_LIBZ_FALSE='#'
HAVE_LIBZ_TRUE=''
HAVE_VISIBILITY='1'
INSTALL_DATA='${INSTALL} -m 644'
INSTALL_PROGRAM='${INSTALL}'
INSTALL_SCRIPT='${INSTALL}'
INSTALL_STRIP_PROGRAM='$(install_sh) -c -s'
LD='/usr/local/bin/ld -m elf_x86_64'
LDFLAGS=''
LIBAVIF_CFLAGS=''
LIBAVIF_LIBS=''
LIBFONTCONFIG_CFLAGS=''
LIBFONTCONFIG_LIBS=''
LIBFREETYPE_CFLAGS=''
LIBFREETYPE_LIBS=''
LIBHEIF_CFLAGS=''
LIBHEIF_LIBS=''
LIBICONV=''
LIBJPEG_CFLAGS='-I/data/nginx/nginxCDN/nginx-1.24.0/3partylib/jpeg9e/include '
LIBJPEG_LIBS='-L/data/nginx/nginxCDN/nginx-1.24.0/3partylib/jpeg9e/lib  -ljpeg'
LIBOBJS=''
LIBPNG_CFLAGS='-I/data/nginx/nginxCDN/nginx-1.24.0/3partylib/libpng1639/include -I/data/nginx/nginxCDN/nginx-1.24.0/3partylib/libpng1639/include/libpng16'
LIBPNG_LIBS='-L/data/nginx/nginxCDN/nginx-1.24.0/3partylib/libpng1639/lib -L/data/nginx/nginxCDN/nginx-1.24.0/3partylib/libpng1639/lib -lpng16'
LIBRAQM_CFLAGS=''
LIBRAQM_LIBS=''
LIBS='-lm   -lz   -L/data/nginx/nginxCDN/nginx-1.24.0/3partylib/libpng1639/lib -L/data/nginx/nginxCDN/nginx-1.24.0/3partylib/libpng1639/lib -lpng16 -L/data/nginx/nginxCDN/nginx-1.24.0/3partylib/jpeg9e/lib  -ljpeg  -lXpm -lX11   -L/data/nginx/nginxCDN/nginx-1.24.0/3partylib/libwebp131/lib  -lwebp'
LIBS_PRIVATES=' -L/data/nginx/nginxCDN/nginx-1.24.0/3partylib/libpng1639/lib -L/data/nginx/nginxCDN/nginx-1.24.0/3partylib/libpng1639/lib -lpng16 -L/data/nginx/nginxCDN/nginx-1.24.0/3partylib/jpeg9e/lib  -ljpeg -L/data/nginx/nginxCDN/nginx-1.24.0/3partylib/libwebp131/lib  -lwebp'
LIBTIFF_CFLAGS=''
LIBTIFF_LIBS=''
LIBTOOL='$(SHELL) $(top_builddir)/libtool'
LIBWEBP_CFLAGS='-I/data/nginx/nginxCDN/nginx-1.24.0/3partylib/libwebp131/include '
LIBWEBP_LIBS='-L/data/nginx/nginxCDN/nginx-1.24.0/3partylib/libwebp131/lib  -lwebp'
LIBXPM_CFLAGS='  '
LIBXPM_LIBS=' -lXpm -lX11  '
LIBZ_CFLAGS='  '
LIBZ_LIBS=' -lz  '
LIPO=''
LN_S='ln -s'
LTLIBICONV=''
LTLIBOBJS=''
LT_SYS_LIBRARY_PATH=''
MAKEINFO='${SHELL} '\''/data/nginx/nginxCDN/nginx-1.24.0/3partylib/libgd-2.3.2/config/missing'\'' makeinfo'
MANIFEST_TOOL=':'
MKDIR_P='/usr/bin/mkdir -p'
NM='/usr/local/bin/nm -B'
NMEDIT=''
OBJDUMP='objdump'
OBJEXT='o'
OTOOL64=''
OTOOL=''
PACKAGE='libgd'
PACKAGE_BUGREPORT='https://github.com/libgd/libgd/issues'
PACKAGE_NAME='GD'
PACKAGE_STRING='GD 2.3.2'
PACKAGE_TARNAME='libgd'
PACKAGE_URL='http://lib.gd'
PACKAGE_VERSION='2.3.2'
PATH_SEPARATOR=':'
PKG_CONFIG='/usr/bin/pkg-config'
PKG_CONFIG_LIBDIR=''
PKG_CONFIG_PATH=''
PKG_REQUIRES_PRIVATES='  zlib  xpm'
PTHREAD_CC='gcc -std=gnu99'
PTHREAD_CFLAGS='-pthread'
PTHREAD_LIBS=''
RANLIB='ranlib'
SED='/usr/bin/sed'
SET_MAKE=''
SHELL='/bin/sh'
STRIP='strip'
VERSION='2.3.2'
XMKMF=''
ac_ct_AR='ar'
ac_ct_CC='gcc'
ac_ct_DUMPBIN=''
am__EXEEXT_FALSE=''
am__EXEEXT_TRUE='#'
am__fastdepCC_FALSE='#'
am__fastdepCC_TRUE=''
am__include='include'
am__isrc=''
am__leading_dot='.'
am__nodep='_no'
am__quote=''
am__tar='$${TAR-tar} chof - "$$tardir"'
am__untar='$${TAR-tar} xf -'
ax_pthread_config=''
bindir='${exec_prefix}/bin'
build='x86_64-pc-linux-gnu'
build_alias=''
build_cpu='x86_64'
build_os='linux-gnu'
build_vendor='pc'
datadir='${datarootdir}'
datarootdir='${prefix}/share'
docdir='${datarootdir}/doc/${PACKAGE_TARNAME}'
dvidir='${docdir}'
exec_prefix='${prefix}'
host='x86_64-pc-linux-gnu'
host_alias=''
host_cpu='x86_64'
host_os='linux-gnu'
host_vendor='pc'
htmldir='${docdir}'
includedir='${prefix}/include'
infodir='${datarootdir}/info'
install_sh='${SHELL} /data/nginx/nginxCDN/nginx-1.24.0/3partylib/libgd-2.3.2/config/install-sh'
libdir='${exec_prefix}/lib'
libexecdir='${exec_prefix}/libexec'
localedir='${datarootdir}/locale'
localstatedir='${prefix}/var'
mandir='${datarootdir}/man'
mkdir_p='$(MKDIR_P)'
oldincludedir='/usr/include'
pdfdir='${docdir}'
prefix='/data/nginx/nginxCDN/nginx-1.24.0/3partylib/libgd232'
program_transform_name='s,x,x,'
psdir='${docdir}'
sbindir='${exec_prefix}/sbin'
sharedstatedir='${prefix}/com'
sysconfdir='${prefix}/etc'
target_alias=''

## ----------- ##
## confdefs.h. ##
## ----------- ##

/* confdefs.h */
#define PACKAGE_NAME "GD"
#define PACKAGE_TARNAME "libgd"
#define PACKAGE_VERSION "2.3.2"
#define PACKAGE_STRING "GD 2.3.2"
#define PACKAGE_BUGREPORT "https://github.com/libgd/libgd/issues"
#define PACKAGE_URL "http://lib.gd"
#define PACKAGE "libgd"
#define VERSION "2.3.2"
#define STDC_HEADERS 1
#define HAVE_SYS_TYPES_H 1
#define HAVE_SYS_STAT_H 1
#define HAVE_STDLIB_H 1
#define HAVE_STRING_H 1
#define HAVE_MEMORY_H 1
#define HAVE_STRINGS_H 1
#define HAVE_INTTYPES_H 1
#define HAVE_STDINT_H 1
#define HAVE_UNISTD_H 1
#define HAVE_DLFCN_H 1
#define LT_OBJDIR ".libs/"
#define STDC_HEADERS 1
#define HAVE_DIRENT_H 1
#define HAVE_INTTYPES_H 1
#define HAVE_STDINT_H 1
#define HAVE_STRINGS_H 1
#define HAVE_UNISTD_H 1
#define HAVE_SYS_STAT_H 1
#define HAVE_SYS_TYPES_H 1
#define HAVE_ICONV 1
#define ICONV_CONST 
#define HAVE_ICONV_H 1
#define HAVE_ICONV_T_DEF 1
#define HAVE_LIBM 1
#define HAVE_PTHREAD_PRIO_INHERIT 1
#define HAVE_PTHREAD 1
#define HAVE_OPENMP 1
#define ENABLE_GD_FORMATS 1
#define HAVE_LIBZ 1
#define HAVE_LIBPNG 1
#define HAVE_LIBJPEG 1
#define HAVE_LIBXPM 1
#define HAVE_LIBWEBP 1
#define HAVE_VISIBILITY 1

configure: exit 0
