Performing C SOURCE FILE Test CMAKE_HAVE_LIBC_PTHREAD failed with the following output:
Change Dir: /root/data/nginx/SecNginx1202/3partylib/libavif-0.11.1/ext/ffmpeg-6.0/aom/aom_build/CMakeFiles/CMakeTmp

Run Build Command(s):/usr/bin/gmake cmTC_b7ef9/fast && /usr/bin/gmake  -f CMakeFiles/cmTC_b7ef9.dir/build.make CMakeFiles/cmTC_b7ef9.dir/build
gmake[1]: Entering directory `/data/nginx/SecNginx1202/3partylib/libavif-0.11.1/ext/ffmpeg-6.0/aom/aom_build/CMakeFiles/CMakeTmp'
Building C object CMakeFiles/cmTC_b7ef9.dir/src.c.o
/root/data/iauto/tools/gcc550/bin/cc   -DCMAKE_HAVE_LIBC_PTHREAD   -o CMakeFiles/cmTC_b7ef9.dir/src.c.o   -c /root/data/nginx/SecNginx1202/3partylib/libavif-0.11.1/ext/ffmpeg-6.0/aom/aom_build/CMakeFiles/CMakeTmp/src.c
Linking C executable cmTC_b7ef9
/usr/bin/cmake3 -E cmake_link_script CMakeFiles/cmTC_b7ef9.dir/link.txt --verbose=1
/root/data/iauto/tools/gcc550/bin/cc  -DCMAKE_HAVE_LIBC_PTHREAD    CMakeFiles/cmTC_b7ef9.dir/src.c.o  -o cmTC_b7ef9 
CMakeFiles/cmTC_b7ef9.dir/src.c.o: In function `main':
src.c:(.text+0x2d): undefined reference to `pthread_create'
src.c:(.text+0x39): undefined reference to `pthread_detach'
src.c:(.text+0x45): undefined reference to `pthread_cancel'
src.c:(.text+0x56): undefined reference to `pthread_join'
src.c:(.text+0x6a): undefined reference to `pthread_atfork'
collect2: error: ld returned 1 exit status
gmake[1]: *** [cmTC_b7ef9] Error 1
gmake[1]: Leaving directory `/data/nginx/SecNginx1202/3partylib/libavif-0.11.1/ext/ffmpeg-6.0/aom/aom_build/CMakeFiles/CMakeTmp'
gmake: *** [cmTC_b7ef9/fast] Error 2


Source file was:
#include <pthread.h>

void* test_func(void* data)
{
  return data;
}

int main(void)
{
  pthread_t thread;
  pthread_create(&thread, NULL, test_func, NULL);
  pthread_detach(thread);
  pthread_cancel(thread);
  pthread_join(thread, NULL);
  pthread_atfork(NULL, NULL, NULL);
  pthread_exit(NULL);

  return 0;
}

Determining if the function pthread_create exists in the pthreads failed with the following output:
Change Dir: /root/data/nginx/SecNginx1202/3partylib/libavif-0.11.1/ext/ffmpeg-6.0/aom/aom_build/CMakeFiles/CMakeTmp

Run Build Command(s):/usr/bin/gmake cmTC_479b7/fast && /usr/bin/gmake  -f CMakeFiles/cmTC_479b7.dir/build.make CMakeFiles/cmTC_479b7.dir/build
gmake[1]: Entering directory `/data/nginx/SecNginx1202/3partylib/libavif-0.11.1/ext/ffmpeg-6.0/aom/aom_build/CMakeFiles/CMakeTmp'
Building C object CMakeFiles/cmTC_479b7.dir/CheckFunctionExists.c.o
/root/data/iauto/tools/gcc550/bin/cc   -DCHECK_FUNCTION_EXISTS=pthread_create   -o CMakeFiles/cmTC_479b7.dir/CheckFunctionExists.c.o   -c /usr/share/cmake3/Modules/CheckFunctionExists.c
Linking C executable cmTC_479b7
/usr/bin/cmake3 -E cmake_link_script CMakeFiles/cmTC_479b7.dir/link.txt --verbose=1
/root/data/iauto/tools/gcc550/bin/cc  -DCHECK_FUNCTION_EXISTS=pthread_create    CMakeFiles/cmTC_479b7.dir/CheckFunctionExists.c.o  -o cmTC_479b7  -lpthreads 
/usr/local/bin/ld: cannot find -lpthreads
collect2: error: ld returned 1 exit status
gmake[1]: *** [cmTC_479b7] Error 1
gmake[1]: Leaving directory `/data/nginx/SecNginx1202/3partylib/libavif-0.11.1/ext/ffmpeg-6.0/aom/aom_build/CMakeFiles/CMakeTmp'
gmake: *** [cmTC_479b7/fast] Error 2



Performing C SOURCE FILE Test C_TEST_COMPILED failed with the following output:
Change Dir: /root/data/nginx/SecNginx1202/3partylib/libavif-0.11.1/ext/ffmpeg-6.0/aom/aom_build/CMakeFiles/CMakeTmp

Run Build Command(s):/usr/bin/gmake cmTC_a758e/fast && /usr/bin/gmake  -f CMakeFiles/cmTC_a758e.dir/build.make CMakeFiles/cmTC_a758e.dir/build
gmake[1]: Entering directory `/data/nginx/SecNginx1202/3partylib/libavif-0.11.1/ext/ffmpeg-6.0/aom/aom_build/CMakeFiles/CMakeTmp'
Building C object CMakeFiles/cmTC_a758e.dir/src.c.o
/root/data/iauto/tools/gcc550/bin/cc   -DC_TEST_COMPILED   -o CMakeFiles/cmTC_a758e.dir/src.c.o   -c /root/data/nginx/SecNginx1202/3partylib/libavif-0.11.1/ext/ffmpeg-6.0/aom/aom_build/CMakeFiles/CMakeTmp/src.c
/root/data/nginx/SecNginx1202/3partylib/libavif-0.11.1/ext/ffmpeg-6.0/aom/aom_build/CMakeFiles/CMakeTmp/src.c:3:28: error: #error Neither __pie__ or __PIE__ are set
                           #error Neither __pie__ or __PIE__ are set
                            ^
gmake[1]: *** [CMakeFiles/cmTC_a758e.dir/src.c.o] Error 1
gmake[1]: Leaving directory `/data/nginx/SecNginx1202/3partylib/libavif-0.11.1/ext/ffmpeg-6.0/aom/aom_build/CMakeFiles/CMakeTmp'
gmake: *** [cmTC_a758e/fast] Error 2


Source file was:

                          #if !(__pie__ || __PIE__)
                          #error Neither __pie__ or __PIE__ are set
                          #endif
                          extern void unused(void);
                          void unused(void) {} 
int main(void) { return 0; }
Checking whether the ASM_NASM compiler is GNU using "--version" did not match "(GNU assembler)|(GCC)|(Free Software Foundation)":
NASM version 2.13.03 compiled on Dec  3 2020
Checking whether the ASM_NASM compiler is Clang using "--version" did not match "(clang version)":
NASM version 2.13.03 compiled on Dec  3 2020
Checking whether the ASM_NASM compiler is AppleClang using "--version" did not match "(Apple LLVM version)":
NASM version 2.13.03 compiled on Dec  3 2020
Checking whether the ASM_NASM compiler is ARMClang using "--version" did not match "armclang":
NASM version 2.13.03 compiled on Dec  3 2020
Checking whether the ASM_NASM compiler is HP using "-V" did not match "HP C":
nasm: error: unrecognised option `-V'
type `nasm -h' for help
Checking whether the ASM_NASM compiler is Intel using "--version" did not match "(ICC)":
NASM version 2.13.03 compiled on Dec  3 2020
Checking whether the ASM_NASM compiler is SunPro using "-V" did not match "Sun C":
nasm: error: unrecognised option `-V'
type `nasm -h' for help
Checking whether the ASM_NASM compiler is XL using "-qversion" did not match "XL C":
nasm: error: unrecognised option `-q'
type `nasm -h' for help
Checking whether the ASM_NASM compiler is MSVC using "-?" did not match "Microsoft":
nasm: error: unrecognised option `-?'
type `nasm -h' for help
Checking whether the ASM_NASM compiler is TI using "-h" did not match "Texas Instruments":
usage: nasm [-@ response file] [-o outfile] [-f format] [-l listfile]
            [options...] [--] filename
    or nasm -v (or --v) for version info

    -t          assemble in SciTech TASM compatible mode
    -E (or -e)  preprocess only (writes output to stdout by default)
    -a          don't preprocess (assemble only)
    -M          generate Makefile dependencies on stdout
    -MG         d:o, missing files assumed generated
    -MF <file>  set Makefile dependency file
    -MD <file>  assemble and generate dependencies
    -MT <file>  dependency target name
    -MQ <file>  dependency target name (quoted)
    -MP         emit phony target

    -Z<file>    redirect error messages to file
    -s          redirect error messages to stdout

    -g          generate debugging information

    -F format   select a debugging format

    -gformat    same as -g -F format

    -o outfile  write output to an outfile

    -f format   select an output format

    -l listfile write listing to a listfile

    -I<path>    adds a pathname to the include file path
    -O<digit>   optimize branch offsets
                -O0: No optimization
                -O1: Minimal optimization
                -Ox: Multipass optimization (default)

    -P<file>    pre-includes a file
    -D<macro>[=<value>] pre-defines a macro
    -U<macro>   undefines a macro
    -X<format>  specifies error reporting format (gnu or vc)
    -w+foo      enables warning foo (equiv. -Wfoo)
    -w-foo      disable warning foo (equiv. -Wno-foo)

    -w[+-]error[=foo] can be used to promote warnings to errors
    -h           show invocation summary and exit

--prefix,--postfix
                these options prepend or append the given string
                to all extern and global variables

Response files should contain command line parameters,
one per line.

Warnings for the -W/-w options:
    other                   any warning not specifially mentioned below (default on)
    macro-params            macro calls with wrong parameter count (default on)
    macro-selfref           cyclic macro references (default off)
    macro-defaults          macros with more default than optional parameters (default on)
    orphan-labels           labels alone on lines without trailing `:' (default on)
    number-overflow         numeric constant does not fit (default on)
    gnu-elf-extensions      using 8- or 16-bit relocation in ELF32, a GNU extension (default off)
    float-overflow          floating point overflow (default on)
    float-denorm            floating point denormal (default off)
    float-underflow         floating point underflow (default off)
    float-toolong           too many digits in floating-point number (default on)
    user                    %warning directives (default on)
    lock                    lock prefix on unlockable instructions (default on)
    hle                     invalid hle prefixes (default on)
    bnd                     invalid bnd prefixes (default on)
    zext-reloc              relocation zero-extended to match output format (default on)
    ptr                     non-NASM keyword used in other assemblers (default on)
    bad-pragma              empty or malformed %pragma (default off)
    unknown-pragma          unknown %pragma facility or directive (default off)
    not-my-pragma           %pragma not applicable to this compilation (default off)
    unknown-warning         unknown warning in -W/-w or warning directive (default off)
    all                     all possible warnings

For a list of valid output formats, use -hf.
For a list of debug formats, use -f <form> -y.
Checking whether the ASM_NASM compiler is IAR using "" did not match "IAR Assembler":
nasm: error: no input file specified
type `nasm -h' for help
Checking whether the ASM_NASM compiler is ARMCC using "" did not match "(ARM Compiler)|(ARM Assembler)":
nasm: error: no input file specified
type `nasm -h' for help
Performing C SOURCE FILE Test CMAKE_HAVE_LIBC_PTHREAD failed with the following output:
Change Dir: /root/data/nginx/SecNginx1202/3partylib/libavif-0.11.1/ext/ffmpeg-6.0/aom/aom_build/CMakeFiles/CMakeTmp

Run Build Command(s):/usr/bin/gmake cmTC_8b7e4/fast && /usr/bin/gmake  -f CMakeFiles/cmTC_8b7e4.dir/build.make CMakeFiles/cmTC_8b7e4.dir/build
gmake[1]: Entering directory `/data/nginx/SecNginx1202/3partylib/libavif-0.11.1/ext/ffmpeg-6.0/aom/aom_build/CMakeFiles/CMakeTmp'
Building C object CMakeFiles/cmTC_8b7e4.dir/src.c.o
/root/data/iauto/tools/gcc550/bin/cc   -DCMAKE_HAVE_LIBC_PTHREAD   -o CMakeFiles/cmTC_8b7e4.dir/src.c.o   -c /root/data/nginx/SecNginx1202/3partylib/libavif-0.11.1/ext/ffmpeg-6.0/aom/aom_build/CMakeFiles/CMakeTmp/src.c
Linking C executable cmTC_8b7e4
/usr/bin/cmake3 -E cmake_link_script CMakeFiles/cmTC_8b7e4.dir/link.txt --verbose=1
/root/data/iauto/tools/gcc550/bin/cc  -DCMAKE_HAVE_LIBC_PTHREAD    CMakeFiles/cmTC_8b7e4.dir/src.c.o  -o cmTC_8b7e4 
CMakeFiles/cmTC_8b7e4.dir/src.c.o: In function `main':
src.c:(.text+0x2d): undefined reference to `pthread_create'
src.c:(.text+0x39): undefined reference to `pthread_detach'
src.c:(.text+0x45): undefined reference to `pthread_cancel'
src.c:(.text+0x56): undefined reference to `pthread_join'
src.c:(.text+0x6a): undefined reference to `pthread_atfork'
collect2: error: ld returned 1 exit status
gmake[1]: *** [cmTC_8b7e4] Error 1
gmake[1]: Leaving directory `/data/nginx/SecNginx1202/3partylib/libavif-0.11.1/ext/ffmpeg-6.0/aom/aom_build/CMakeFiles/CMakeTmp'
gmake: *** [cmTC_8b7e4/fast] Error 2


Source file was:
#include <pthread.h>

void* test_func(void* data)
{
  return data;
}

int main(void)
{
  pthread_t thread;
  pthread_create(&thread, NULL, test_func, NULL);
  pthread_detach(thread);
  pthread_cancel(thread);
  pthread_join(thread, NULL);
  pthread_atfork(NULL, NULL, NULL);
  pthread_exit(NULL);

  return 0;
}

Determining if the function pthread_create exists in the pthreads failed with the following output:
Change Dir: /root/data/nginx/SecNginx1202/3partylib/libavif-0.11.1/ext/ffmpeg-6.0/aom/aom_build/CMakeFiles/CMakeTmp

Run Build Command(s):/usr/bin/gmake cmTC_29ee7/fast && /usr/bin/gmake  -f CMakeFiles/cmTC_29ee7.dir/build.make CMakeFiles/cmTC_29ee7.dir/build
gmake[1]: Entering directory `/data/nginx/SecNginx1202/3partylib/libavif-0.11.1/ext/ffmpeg-6.0/aom/aom_build/CMakeFiles/CMakeTmp'
Building C object CMakeFiles/cmTC_29ee7.dir/CheckFunctionExists.c.o
/root/data/iauto/tools/gcc550/bin/cc   -DCHECK_FUNCTION_EXISTS=pthread_create   -o CMakeFiles/cmTC_29ee7.dir/CheckFunctionExists.c.o   -c /usr/share/cmake3/Modules/CheckFunctionExists.c
Linking C executable cmTC_29ee7
/usr/bin/cmake3 -E cmake_link_script CMakeFiles/cmTC_29ee7.dir/link.txt --verbose=1
/root/data/iauto/tools/gcc550/bin/cc  -DCHECK_FUNCTION_EXISTS=pthread_create    CMakeFiles/cmTC_29ee7.dir/CheckFunctionExists.c.o  -o cmTC_29ee7  -lpthreads 
/usr/local/bin/ld: cannot find -lpthreads
collect2: error: ld returned 1 exit status
gmake[1]: *** [cmTC_29ee7] Error 1
gmake[1]: Leaving directory `/data/nginx/SecNginx1202/3partylib/libavif-0.11.1/ext/ffmpeg-6.0/aom/aom_build/CMakeFiles/CMakeTmp'
gmake: *** [cmTC_29ee7/fast] Error 2



Performing C SOURCE FILE Test C_TEST_COMPILED failed with the following output:
Change Dir: /root/data/nginx/SecNginx1202/3partylib/libavif-0.11.1/ext/ffmpeg-6.0/aom/aom_build/CMakeFiles/CMakeTmp

Run Build Command(s):/usr/bin/gmake cmTC_f8ddd/fast && /usr/bin/gmake  -f CMakeFiles/cmTC_f8ddd.dir/build.make CMakeFiles/cmTC_f8ddd.dir/build
gmake[1]: Entering directory `/data/nginx/SecNginx1202/3partylib/libavif-0.11.1/ext/ffmpeg-6.0/aom/aom_build/CMakeFiles/CMakeTmp'
Building C object CMakeFiles/cmTC_f8ddd.dir/src.c.o
/root/data/iauto/tools/gcc550/bin/cc   -DC_TEST_COMPILED   -o CMakeFiles/cmTC_f8ddd.dir/src.c.o   -c /root/data/nginx/SecNginx1202/3partylib/libavif-0.11.1/ext/ffmpeg-6.0/aom/aom_build/CMakeFiles/CMakeTmp/src.c
/root/data/nginx/SecNginx1202/3partylib/libavif-0.11.1/ext/ffmpeg-6.0/aom/aom_build/CMakeFiles/CMakeTmp/src.c:3:28: error: #error Neither __pie__ or __PIE__ are set
                           #error Neither __pie__ or __PIE__ are set
                            ^
gmake[1]: *** [CMakeFiles/cmTC_f8ddd.dir/src.c.o] Error 1
gmake[1]: Leaving directory `/data/nginx/SecNginx1202/3partylib/libavif-0.11.1/ext/ffmpeg-6.0/aom/aom_build/CMakeFiles/CMakeTmp'
gmake: *** [cmTC_f8ddd/fast] Error 2


Source file was:

                          #if !(__pie__ || __PIE__)
                          #error Neither __pie__ or __PIE__ are set
                          #endif
                          extern void unused(void);
                          void unused(void) {} 
int main(void) { return 0; }
Checking whether the ASM_NASM compiler is GNU using "--version" did not match "(GNU assembler)|(GCC)|(Free Software Foundation)":
NASM version 2.13.03 compiled on Dec  3 2020
Checking whether the ASM_NASM compiler is Clang using "--version" did not match "(clang version)":
NASM version 2.13.03 compiled on Dec  3 2020
Checking whether the ASM_NASM compiler is AppleClang using "--version" did not match "(Apple LLVM version)":
NASM version 2.13.03 compiled on Dec  3 2020
Checking whether the ASM_NASM compiler is ARMClang using "--version" did not match "armclang":
NASM version 2.13.03 compiled on Dec  3 2020
Checking whether the ASM_NASM compiler is HP using "-V" did not match "HP C":
nasm: error: unrecognised option `-V'
type `nasm -h' for help
Checking whether the ASM_NASM compiler is Intel using "--version" did not match "(ICC)":
NASM version 2.13.03 compiled on Dec  3 2020
Checking whether the ASM_NASM compiler is SunPro using "-V" did not match "Sun C":
nasm: error: unrecognised option `-V'
type `nasm -h' for help
Checking whether the ASM_NASM compiler is XL using "-qversion" did not match "XL C":
nasm: error: unrecognised option `-q'
type `nasm -h' for help
Checking whether the ASM_NASM compiler is MSVC using "-?" did not match "Microsoft":
nasm: error: unrecognised option `-?'
type `nasm -h' for help
Checking whether the ASM_NASM compiler is TI using "-h" did not match "Texas Instruments":
usage: nasm [-@ response file] [-o outfile] [-f format] [-l listfile]
            [options...] [--] filename
    or nasm -v (or --v) for version info

    -t          assemble in SciTech TASM compatible mode
    -E (or -e)  preprocess only (writes output to stdout by default)
    -a          don't preprocess (assemble only)
    -M          generate Makefile dependencies on stdout
    -MG         d:o, missing files assumed generated
    -MF <file>  set Makefile dependency file
    -MD <file>  assemble and generate dependencies
    -MT <file>  dependency target name
    -MQ <file>  dependency target name (quoted)
    -MP         emit phony target

    -Z<file>    redirect error messages to file
    -s          redirect error messages to stdout

    -g          generate debugging information

    -F format   select a debugging format

    -gformat    same as -g -F format

    -o outfile  write output to an outfile

    -f format   select an output format

    -l listfile write listing to a listfile

    -I<path>    adds a pathname to the include file path
    -O<digit>   optimize branch offsets
                -O0: No optimization
                -O1: Minimal optimization
                -Ox: Multipass optimization (default)

    -P<file>    pre-includes a file
    -D<macro>[=<value>] pre-defines a macro
    -U<macro>   undefines a macro
    -X<format>  specifies error reporting format (gnu or vc)
    -w+foo      enables warning foo (equiv. -Wfoo)
    -w-foo      disable warning foo (equiv. -Wno-foo)

    -w[+-]error[=foo] can be used to promote warnings to errors
    -h           show invocation summary and exit

--prefix,--postfix
                these options prepend or append the given string
                to all extern and global variables

Response files should contain command line parameters,
one per line.

Warnings for the -W/-w options:
    other                   any warning not specifially mentioned below (default on)
    macro-params            macro calls with wrong parameter count (default on)
    macro-selfref           cyclic macro references (default off)
    macro-defaults          macros with more default than optional parameters (default on)
    orphan-labels           labels alone on lines without trailing `:' (default on)
    number-overflow         numeric constant does not fit (default on)
    gnu-elf-extensions      using 8- or 16-bit relocation in ELF32, a GNU extension (default off)
    float-overflow          floating point overflow (default on)
    float-denorm            floating point denormal (default off)
    float-underflow         floating point underflow (default off)
    float-toolong           too many digits in floating-point number (default on)
    user                    %warning directives (default on)
    lock                    lock prefix on unlockable instructions (default on)
    hle                     invalid hle prefixes (default on)
    bnd                     invalid bnd prefixes (default on)
    zext-reloc              relocation zero-extended to match output format (default on)
    ptr                     non-NASM keyword used in other assemblers (default on)
    bad-pragma              empty or malformed %pragma (default off)
    unknown-pragma          unknown %pragma facility or directive (default off)
    not-my-pragma           %pragma not applicable to this compilation (default off)
    unknown-warning         unknown warning in -W/-w or warning directive (default off)
    all                     all possible warnings

For a list of valid output formats, use -hf.
For a list of debug formats, use -f <form> -y.
Checking whether the ASM_NASM compiler is IAR using "" did not match "IAR Assembler":
nasm: error: no input file specified
type `nasm -h' for help
Checking whether the ASM_NASM compiler is ARMCC using "" did not match "(ARM Compiler)|(ARM Assembler)":
nasm: error: no input file specified
type `nasm -h' for help
Performing C SOURCE FILE Test C_FLAG_SUPPORTED failed with the following output:
Change Dir: /root/data/nginx/SecNginx1202/3partylib/libavif-0.11.1/ext/ffmpeg-6.0/aom/aom_build/CMakeFiles/CMakeTmp

Run Build Command(s):/usr/bin/gmake cmTC_f401d/fast && /usr/bin/gmake  -f CMakeFiles/cmTC_f401d.dir/build.make CMakeFiles/cmTC_f401d.dir/build
gmake[1]: Entering directory `/data/nginx/SecNginx1202/3partylib/libavif-0.11.1/ext/ffmpeg-6.0/aom/aom_build/CMakeFiles/CMakeTmp'
Building C object CMakeFiles/cmTC_f401d.dir/src.c.o
/root/data/iauto/tools/gcc550/bin/cc   -DC_FLAG_SUPPORTED   -Wextra-semi -o CMakeFiles/cmTC_f401d.dir/src.c.o   -c /root/data/nginx/SecNginx1202/3partylib/libavif-0.11.1/ext/ffmpeg-6.0/aom/aom_build/CMakeFiles/CMakeTmp/src.c
cc: error: unrecognized command line option '-Wextra-semi'
gmake[1]: *** [CMakeFiles/cmTC_f401d.dir/src.c.o] Error 1
gmake[1]: Leaving directory `/data/nginx/SecNginx1202/3partylib/libavif-0.11.1/ext/ffmpeg-6.0/aom/aom_build/CMakeFiles/CMakeTmp'
gmake: *** [cmTC_f401d/fast] Error 2


Source file was:
int main(void) { return 0; }
Performing C++ SOURCE FILE Test CXX_FLAG_SUPPORTED failed with the following output:
Change Dir: /root/data/nginx/SecNginx1202/3partylib/libavif-0.11.1/ext/ffmpeg-6.0/aom/aom_build/CMakeFiles/CMakeTmp

Run Build Command(s):/usr/bin/gmake cmTC_3937f/fast && /usr/bin/gmake  -f CMakeFiles/cmTC_3937f.dir/build.make CMakeFiles/cmTC_3937f.dir/build
gmake[1]: Entering directory `/data/nginx/SecNginx1202/3partylib/libavif-0.11.1/ext/ffmpeg-6.0/aom/aom_build/CMakeFiles/CMakeTmp'
Building CXX object CMakeFiles/cmTC_3937f.dir/src.cxx.o
/root/data/iauto/tools/gcc550/bin/c++    -DCXX_FLAG_SUPPORTED   -Wextra-semi -o CMakeFiles/cmTC_3937f.dir/src.cxx.o -c /root/data/nginx/SecNginx1202/3partylib/libavif-0.11.1/ext/ffmpeg-6.0/aom/aom_build/CMakeFiles/CMakeTmp/src.cxx
c++: error: unrecognized command line option '-Wextra-semi'
gmake[1]: *** [CMakeFiles/cmTC_3937f.dir/src.cxx.o] Error 1
gmake[1]: Leaving directory `/data/nginx/SecNginx1202/3partylib/libavif-0.11.1/ext/ffmpeg-6.0/aom/aom_build/CMakeFiles/CMakeTmp'
gmake: *** [cmTC_3937f/fast] Error 2


Source file was:
int main() { return 0; }
Performing C SOURCE FILE Test C_FLAG_SUPPORTED failed with the following output:
Change Dir: /root/data/nginx/SecNginx1202/3partylib/libavif-0.11.1/ext/ffmpeg-6.0/aom/aom_build/CMakeFiles/CMakeTmp

Run Build Command(s):/usr/bin/gmake cmTC_e7b9f/fast && /usr/bin/gmake  -f CMakeFiles/cmTC_e7b9f.dir/build.make CMakeFiles/cmTC_e7b9f.dir/build
gmake[1]: Entering directory `/data/nginx/SecNginx1202/3partylib/libavif-0.11.1/ext/ffmpeg-6.0/aom/aom_build/CMakeFiles/CMakeTmp'
Building C object CMakeFiles/cmTC_e7b9f.dir/src.c.o
/root/data/iauto/tools/gcc550/bin/cc   -DC_FLAG_SUPPORTED   -Wextra-semi-stmt -o CMakeFiles/cmTC_e7b9f.dir/src.c.o   -c /root/data/nginx/SecNginx1202/3partylib/libavif-0.11.1/ext/ffmpeg-6.0/aom/aom_build/CMakeFiles/CMakeTmp/src.c
cc: error: unrecognized command line option '-Wextra-semi-stmt'
gmake[1]: *** [CMakeFiles/cmTC_e7b9f.dir/src.c.o] Error 1
gmake[1]: Leaving directory `/data/nginx/SecNginx1202/3partylib/libavif-0.11.1/ext/ffmpeg-6.0/aom/aom_build/CMakeFiles/CMakeTmp'
gmake: *** [cmTC_e7b9f/fast] Error 2


Source file was:
int main(void) { return 0; }
Performing C++ SOURCE FILE Test CXX_FLAG_SUPPORTED failed with the following output:
Change Dir: /root/data/nginx/SecNginx1202/3partylib/libavif-0.11.1/ext/ffmpeg-6.0/aom/aom_build/CMakeFiles/CMakeTmp

Run Build Command(s):/usr/bin/gmake cmTC_79098/fast && /usr/bin/gmake  -f CMakeFiles/cmTC_79098.dir/build.make CMakeFiles/cmTC_79098.dir/build
gmake[1]: Entering directory `/data/nginx/SecNginx1202/3partylib/libavif-0.11.1/ext/ffmpeg-6.0/aom/aom_build/CMakeFiles/CMakeTmp'
Building CXX object CMakeFiles/cmTC_79098.dir/src.cxx.o
/root/data/iauto/tools/gcc550/bin/c++    -DCXX_FLAG_SUPPORTED   -Wextra-semi-stmt -o CMakeFiles/cmTC_79098.dir/src.cxx.o -c /root/data/nginx/SecNginx1202/3partylib/libavif-0.11.1/ext/ffmpeg-6.0/aom/aom_build/CMakeFiles/CMakeTmp/src.cxx
c++: error: unrecognized command line option '-Wextra-semi-stmt'
gmake[1]: *** [CMakeFiles/cmTC_79098.dir/src.cxx.o] Error 1
gmake[1]: Leaving directory `/data/nginx/SecNginx1202/3partylib/libavif-0.11.1/ext/ffmpeg-6.0/aom/aom_build/CMakeFiles/CMakeTmp'
gmake: *** [cmTC_79098/fast] Error 2


Source file was:
int main() { return 0; }
Performing C SOURCE FILE Test C_FLAG_SUPPORTED failed with the following output:
Change Dir: /root/data/nginx/SecNginx1202/3partylib/libavif-0.11.1/ext/ffmpeg-6.0/aom/aom_build/CMakeFiles/CMakeTmp

Run Build Command(s):/usr/bin/gmake cmTC_8bc21/fast && /usr/bin/gmake  -f CMakeFiles/cmTC_8bc21.dir/build.make CMakeFiles/cmTC_8bc21.dir/build
gmake[1]: Entering directory `/data/nginx/SecNginx1202/3partylib/libavif-0.11.1/ext/ffmpeg-6.0/aom/aom_build/CMakeFiles/CMakeTmp'
Building C object CMakeFiles/cmTC_8bc21.dir/src.c.o
/root/data/iauto/tools/gcc550/bin/cc   -DC_FLAG_SUPPORTED   -Wshorten-64-to-32 -o CMakeFiles/cmTC_8bc21.dir/src.c.o   -c /root/data/nginx/SecNginx1202/3partylib/libavif-0.11.1/ext/ffmpeg-6.0/aom/aom_build/CMakeFiles/CMakeTmp/src.c
cc: error: unrecognized command line option '-Wshorten-64-to-32'
gmake[1]: *** [CMakeFiles/cmTC_8bc21.dir/src.c.o] Error 1
gmake[1]: Leaving directory `/data/nginx/SecNginx1202/3partylib/libavif-0.11.1/ext/ffmpeg-6.0/aom/aom_build/CMakeFiles/CMakeTmp'
gmake: *** [cmTC_8bc21/fast] Error 2


Source file was:
int main(void) { return 0; }
Performing C++ SOURCE FILE Test CXX_FLAG_SUPPORTED failed with the following output:
Change Dir: /root/data/nginx/SecNginx1202/3partylib/libavif-0.11.1/ext/ffmpeg-6.0/aom/aom_build/CMakeFiles/CMakeTmp

Run Build Command(s):/usr/bin/gmake cmTC_ab8bb/fast && /usr/bin/gmake  -f CMakeFiles/cmTC_ab8bb.dir/build.make CMakeFiles/cmTC_ab8bb.dir/build
gmake[1]: Entering directory `/data/nginx/SecNginx1202/3partylib/libavif-0.11.1/ext/ffmpeg-6.0/aom/aom_build/CMakeFiles/CMakeTmp'
Building CXX object CMakeFiles/cmTC_ab8bb.dir/src.cxx.o
/root/data/iauto/tools/gcc550/bin/c++    -DCXX_FLAG_SUPPORTED   -Wshorten-64-to-32 -o CMakeFiles/cmTC_ab8bb.dir/src.cxx.o -c /root/data/nginx/SecNginx1202/3partylib/libavif-0.11.1/ext/ffmpeg-6.0/aom/aom_build/CMakeFiles/CMakeTmp/src.cxx
c++: error: unrecognized command line option '-Wshorten-64-to-32'
gmake[1]: *** [CMakeFiles/cmTC_ab8bb.dir/src.cxx.o] Error 1
gmake[1]: Leaving directory `/data/nginx/SecNginx1202/3partylib/libavif-0.11.1/ext/ffmpeg-6.0/aom/aom_build/CMakeFiles/CMakeTmp'
gmake: *** [cmTC_ab8bb/fast] Error 2


Source file was:
int main() { return 0; }
Performing C SOURCE FILE Test C_FLAG_SUPPORTED failed with the following output:
Change Dir: /root/data/nginx/SecNginx1202/3partylib/libavif-0.11.1/ext/ffmpeg-6.0/aom/aom_build/CMakeFiles/CMakeTmp

Run Build Command(s):/usr/bin/gmake cmTC_24f46/fast && /usr/bin/gmake  -f CMakeFiles/cmTC_24f46.dir/build.make CMakeFiles/cmTC_24f46.dir/build
gmake[1]: Entering directory `/data/nginx/SecNginx1202/3partylib/libavif-0.11.1/ext/ffmpeg-6.0/aom/aom_build/CMakeFiles/CMakeTmp'
Building C object CMakeFiles/cmTC_24f46.dir/src.c.o
/root/data/iauto/tools/gcc550/bin/cc   -DC_FLAG_SUPPORTED   -Wstring-conversion -o CMakeFiles/cmTC_24f46.dir/src.c.o   -c /root/data/nginx/SecNginx1202/3partylib/libavif-0.11.1/ext/ffmpeg-6.0/aom/aom_build/CMakeFiles/CMakeTmp/src.c
cc: error: unrecognized command line option '-Wstring-conversion'
gmake[1]: *** [CMakeFiles/cmTC_24f46.dir/src.c.o] Error 1
gmake[1]: Leaving directory `/data/nginx/SecNginx1202/3partylib/libavif-0.11.1/ext/ffmpeg-6.0/aom/aom_build/CMakeFiles/CMakeTmp'
gmake: *** [cmTC_24f46/fast] Error 2


Source file was:
int main(void) { return 0; }
Performing C++ SOURCE FILE Test CXX_FLAG_SUPPORTED failed with the following output:
Change Dir: /root/data/nginx/SecNginx1202/3partylib/libavif-0.11.1/ext/ffmpeg-6.0/aom/aom_build/CMakeFiles/CMakeTmp

Run Build Command(s):/usr/bin/gmake cmTC_10d62/fast && /usr/bin/gmake  -f CMakeFiles/cmTC_10d62.dir/build.make CMakeFiles/cmTC_10d62.dir/build
gmake[1]: Entering directory `/data/nginx/SecNginx1202/3partylib/libavif-0.11.1/ext/ffmpeg-6.0/aom/aom_build/CMakeFiles/CMakeTmp'
Building CXX object CMakeFiles/cmTC_10d62.dir/src.cxx.o
/root/data/iauto/tools/gcc550/bin/c++    -DCXX_FLAG_SUPPORTED   -Wstring-conversion -o CMakeFiles/cmTC_10d62.dir/src.cxx.o -c /root/data/nginx/SecNginx1202/3partylib/libavif-0.11.1/ext/ffmpeg-6.0/aom/aom_build/CMakeFiles/CMakeTmp/src.cxx
c++: error: unrecognized command line option '-Wstring-conversion'
gmake[1]: *** [CMakeFiles/cmTC_10d62.dir/src.cxx.o] Error 1
gmake[1]: Leaving directory `/data/nginx/SecNginx1202/3partylib/libavif-0.11.1/ext/ffmpeg-6.0/aom/aom_build/CMakeFiles/CMakeTmp'
gmake: *** [cmTC_10d62/fast] Error 2


Source file was:
int main() { return 0; }
Performing C SOURCE FILE Test C_FLAG_SUPPORTED failed with the following output:
Change Dir: /root/data/nginx/SecNginx1202/3partylib/libavif-0.11.1/ext/ffmpeg-6.0/aom/aom_build/CMakeFiles/CMakeTmp

Run Build Command(s):/usr/bin/gmake cmTC_5fb49/fast && /usr/bin/gmake  -f CMakeFiles/cmTC_5fb49.dir/build.make CMakeFiles/cmTC_5fb49.dir/build
gmake[1]: Entering directory `/data/nginx/SecNginx1202/3partylib/libavif-0.11.1/ext/ffmpeg-6.0/aom/aom_build/CMakeFiles/CMakeTmp'
Building C object CMakeFiles/cmTC_5fb49.dir/src.c.o
/root/data/iauto/tools/gcc550/bin/cc   -DC_FLAG_SUPPORTED   -Wunreachable-code-aggressive -o CMakeFiles/cmTC_5fb49.dir/src.c.o   -c /root/data/nginx/SecNginx1202/3partylib/libavif-0.11.1/ext/ffmpeg-6.0/aom/aom_build/CMakeFiles/CMakeTmp/src.c
cc: error: unrecognized command line option '-Wunreachable-code-aggressive'
gmake[1]: *** [CMakeFiles/cmTC_5fb49.dir/src.c.o] Error 1
gmake[1]: Leaving directory `/data/nginx/SecNginx1202/3partylib/libavif-0.11.1/ext/ffmpeg-6.0/aom/aom_build/CMakeFiles/CMakeTmp'
gmake: *** [cmTC_5fb49/fast] Error 2


Source file was:
int main(void) { return 0; }
Performing C++ SOURCE FILE Test CXX_FLAG_SUPPORTED failed with the following output:
Change Dir: /root/data/nginx/SecNginx1202/3partylib/libavif-0.11.1/ext/ffmpeg-6.0/aom/aom_build/CMakeFiles/CMakeTmp

Run Build Command(s):/usr/bin/gmake cmTC_fbe28/fast && /usr/bin/gmake  -f CMakeFiles/cmTC_fbe28.dir/build.make CMakeFiles/cmTC_fbe28.dir/build
gmake[1]: Entering directory `/data/nginx/SecNginx1202/3partylib/libavif-0.11.1/ext/ffmpeg-6.0/aom/aom_build/CMakeFiles/CMakeTmp'
Building CXX object CMakeFiles/cmTC_fbe28.dir/src.cxx.o
/root/data/iauto/tools/gcc550/bin/c++    -DCXX_FLAG_SUPPORTED   -Wunreachable-code-aggressive -o CMakeFiles/cmTC_fbe28.dir/src.cxx.o -c /root/data/nginx/SecNginx1202/3partylib/libavif-0.11.1/ext/ffmpeg-6.0/aom/aom_build/CMakeFiles/CMakeTmp/src.cxx
c++: error: unrecognized command line option '-Wunreachable-code-aggressive'
gmake[1]: *** [CMakeFiles/cmTC_fbe28.dir/src.cxx.o] Error 1
gmake[1]: Leaving directory `/data/nginx/SecNginx1202/3partylib/libavif-0.11.1/ext/ffmpeg-6.0/aom/aom_build/CMakeFiles/CMakeTmp'
gmake: *** [cmTC_fbe28/fast] Error 2


Source file was:
int main() { return 0; }
Performing C++ SOURCE FILE Test CXX_FLAG_SUPPORTED failed with the following output:
Change Dir: /root/data/nginx/SecNginx1202/3partylib/libavif-0.11.1/ext/ffmpeg-6.0/aom/aom_build/CMakeFiles/CMakeTmp

Run Build Command(s):/usr/bin/gmake cmTC_5c91e/fast && /usr/bin/gmake  -f CMakeFiles/cmTC_5c91e.dir/build.make CMakeFiles/cmTC_5c91e.dir/build
gmake[1]: Entering directory `/data/nginx/SecNginx1202/3partylib/libavif-0.11.1/ext/ffmpeg-6.0/aom/aom_build/CMakeFiles/CMakeTmp'
Building CXX object CMakeFiles/cmTC_5c91e.dir/src.cxx.o
/root/data/iauto/tools/gcc550/bin/c++    -DCXX_FLAG_SUPPORTED   -Wc++14-extensions -o CMakeFiles/cmTC_5c91e.dir/src.cxx.o -c /root/data/nginx/SecNginx1202/3partylib/libavif-0.11.1/ext/ffmpeg-6.0/aom/aom_build/CMakeFiles/CMakeTmp/src.cxx
c++: error: unrecognized command line option '-Wc++14-extensions'
gmake[1]: *** [CMakeFiles/cmTC_5c91e.dir/src.cxx.o] Error 1
gmake[1]: Leaving directory `/data/nginx/SecNginx1202/3partylib/libavif-0.11.1/ext/ffmpeg-6.0/aom/aom_build/CMakeFiles/CMakeTmp'
gmake: *** [cmTC_5c91e/fast] Error 2


Source file was:
int main() { return 0; }
Performing C++ SOURCE FILE Test CXX_FLAG_SUPPORTED failed with the following output:
Change Dir: /root/data/nginx/SecNginx1202/3partylib/libavif-0.11.1/ext/ffmpeg-6.0/aom/aom_build/CMakeFiles/CMakeTmp

Run Build Command(s):/usr/bin/gmake cmTC_63921/fast && /usr/bin/gmake  -f CMakeFiles/cmTC_63921.dir/build.make CMakeFiles/cmTC_63921.dir/build
gmake[1]: Entering directory `/data/nginx/SecNginx1202/3partylib/libavif-0.11.1/ext/ffmpeg-6.0/aom/aom_build/CMakeFiles/CMakeTmp'
Building CXX object CMakeFiles/cmTC_63921.dir/src.cxx.o
/root/data/iauto/tools/gcc550/bin/c++    -DCXX_FLAG_SUPPORTED   -Wc++17-extensions -o CMakeFiles/cmTC_63921.dir/src.cxx.o -c /root/data/nginx/SecNginx1202/3partylib/libavif-0.11.1/ext/ffmpeg-6.0/aom/aom_build/CMakeFiles/CMakeTmp/src.cxx
c++: error: unrecognized command line option '-Wc++17-extensions'
gmake[1]: *** [CMakeFiles/cmTC_63921.dir/src.cxx.o] Error 1
gmake[1]: Leaving directory `/data/nginx/SecNginx1202/3partylib/libavif-0.11.1/ext/ffmpeg-6.0/aom/aom_build/CMakeFiles/CMakeTmp'
gmake: *** [cmTC_63921/fast] Error 2


Source file was:
int main() { return 0; }
Performing C++ SOURCE FILE Test CXX_FLAG_SUPPORTED failed with the following output:
Change Dir: /root/data/nginx/SecNginx1202/3partylib/libavif-0.11.1/ext/ffmpeg-6.0/aom/aom_build/CMakeFiles/CMakeTmp

Run Build Command(s):/usr/bin/gmake cmTC_36a6c/fast && /usr/bin/gmake  -f CMakeFiles/cmTC_36a6c.dir/build.make CMakeFiles/cmTC_36a6c.dir/build
gmake[1]: Entering directory `/data/nginx/SecNginx1202/3partylib/libavif-0.11.1/ext/ffmpeg-6.0/aom/aom_build/CMakeFiles/CMakeTmp'
Building CXX object CMakeFiles/cmTC_36a6c.dir/src.cxx.o
/root/data/iauto/tools/gcc550/bin/c++    -DCXX_FLAG_SUPPORTED   -Wc++20-extensions -o CMakeFiles/cmTC_36a6c.dir/src.cxx.o -c /root/data/nginx/SecNginx1202/3partylib/libavif-0.11.1/ext/ffmpeg-6.0/aom/aom_build/CMakeFiles/CMakeTmp/src.cxx
c++: error: unrecognized command line option '-Wc++20-extensions'
gmake[1]: *** [CMakeFiles/cmTC_36a6c.dir/src.cxx.o] Error 1
gmake[1]: Leaving directory `/data/nginx/SecNginx1202/3partylib/libavif-0.11.1/ext/ffmpeg-6.0/aom/aom_build/CMakeFiles/CMakeTmp'
gmake: *** [cmTC_36a6c/fast] Error 2


Source file was:
int main() { return 0; }
