This file contains any messages produced by compilers while
running configure, to aid debugging if configure makes a mistake.

It was created by libwebp configure 1.3.1, which was
generated by GNU Autoconf 2.69.  Invocation command line was

  $ ./configure --prefix=/data/nginx/SecNginx1202/3partylib/libwebp131 --with-jpegincludedir=/data/nginx/SecNginx1202/3partylib/jpeg9e/include/ --with-jpeglibdir=/data/nginx/SecNginx1202/3partylib/jpeg9e/lib/ --with-pngincludedir=/data/nginx/SecNginx1202/3partylib/libpng1639/include --with-pnglibdir=/data/nginx/SecNginx1202/3partylib/libpng1639/lib --with-giflibdir=/data/nginx/SecNginx1202/3partylib/giflib521/lib --with-gifincludedir=/data/nginx/SecNginx1202/3partylib/giflib521/include/ --with-tiffincludedir=/data/nginx/SecNginx1202/3partylib/tiff451/include/ --with-tifflibdir=/data/nginx/SecNginx1202/3partylib/tiff451/lib/ --with-gifincludedir=/data/nginx/SecNginx1202/3partylib/giflib521/include/ --with-giflibdir=/data/nginx/SecNginx1202/3partylib/giflib521/lib/

## --------- ##
## Platform. ##
## --------- ##

hostname = VM-63-145-centos
uname -m = x86_64
uname -r = 3.10.107-1-tlinux2_kvm_guest-0054
uname -s = Linux
uname -v = #1 SMP Mon Apr 26 14:24:08 CST 2021

/usr/bin/uname -p = x86_64
/bin/uname -X     = unknown

/bin/arch              = x86_64
/usr/bin/arch -k       = unknown
/usr/convex/getsysinfo = unknown
/usr/bin/hostinfo      = unknown
/bin/machine           = unknown
/usr/bin/oslevel       = unknown
/bin/universe          = unknown

PATH: /usr/local/sbin
PATH: /usr/local/bin
PATH: /usr/sbin
PATH: /usr/bin
PATH: /usr/local/go/bin
PATH: /root/go/bin
PATH: /root/.ft
PATH: /root/bin


## ----------- ##
## Core tests. ##
## ----------- ##

configure:2362: checking build system type
configure:2376: result: x86_64-unknown-linux-gnu
configure:2396: checking host system type
configure:2409: result: x86_64-unknown-linux-gnu
configure:2446: checking for a BSD-compatible install
configure:2514: result: /usr/bin/install -c
configure:2525: checking whether build environment is sane
configure:2580: result: yes
configure:2731: checking for a thread-safe mkdir -p
configure:2770: result: /usr/bin/mkdir -p
configure:2777: checking for gawk
configure:2793: found /usr/bin/gawk
configure:2804: result: gawk
configure:2815: checking whether make sets $(MAKE)
configure:2837: result: yes
configure:2866: checking whether make supports nested variables
configure:2883: result: yes
configure:2980: checking for style of include used by make
configure:3008: result: GNU
configure:3079: checking for gcc
configure:3095: found /usr/bin/gcc
configure:3106: result: gcc
configure:3335: checking for C compiler version
configure:3344: gcc --version >&5
gcc (GCC) 4.8.5 20150623 (Red Hat 4.8.5-4)
Copyright (C) 2015 Free Software Foundation, Inc.
This is free software; see the source for copying conditions.  There is NO
warranty; not even for MERCHANTABILITY or FITNESS FOR A PARTICULAR PURPOSE.

configure:3355: $? = 0
configure:3344: gcc -v >&5
Using built-in specs.
COLLECT_GCC=gcc
COLLECT_LTO_WRAPPER=/usr/libexec/gcc/x86_64-redhat-linux/4.8.5/lto-wrapper
Target: x86_64-redhat-linux
Configured with: ../configure --prefix=/usr --mandir=/usr/share/man --infodir=/usr/share/info --with-bugurl=http://bugzilla.redhat.com/bugzilla --enable-bootstrap --enable-shared --enable-threads=posix --enable-checking=release --with-system-zlib --enable-__cxa_atexit --disable-libunwind-exceptions --enable-gnu-unique-object --enable-linker-build-id --with-linker-hash-style=gnu --enable-languages=c,c++,objc,obj-c++,java,fortran,ada,go,lto --enable-plugin --enable-initfini-array --disable-libgcj --with-isl=/builddir/build/BUILD/gcc-4.8.5-20150702/obj-x86_64-redhat-linux/isl-install --with-cloog=/builddir/build/BUILD/gcc-4.8.5-20150702/obj-x86_64-redhat-linux/cloog-install --enable-gnu-indirect-function --with-tune=generic --with-arch_32=x86-64 --build=x86_64-redhat-linux
Thread model: posix
gcc version 4.8.5 20150623 (Red Hat 4.8.5-4) (GCC) 
configure:3355: $? = 0
configure:3344: gcc -V >&5
gcc: error: unrecognized command line option '-V'
gcc: fatal error: no input files
compilation terminated.
configure:3355: $? = 4
configure:3344: gcc -qversion >&5
gcc: error: unrecognized command line option '-qversion'
gcc: fatal error: no input files
compilation terminated.
configure:3355: $? = 4
configure:3375: checking whether the C compiler works
configure:3397: gcc    conftest.c  >&5
configure:3401: $? = 0
configure:3449: result: yes
configure:3452: checking for C compiler default output file name
configure:3454: result: a.out
configure:3460: checking for suffix of executables
configure:3467: gcc -o conftest    conftest.c  >&5
configure:3471: $? = 0
configure:3493: result: 
configure:3515: checking whether we are cross compiling
configure:3523: gcc -o conftest    conftest.c  >&5
configure:3527: $? = 0
configure:3534: ./conftest
configure:3538: $? = 0
configure:3553: result: no
configure:3558: checking for suffix of object files
configure:3580: gcc -c   conftest.c >&5
configure:3584: $? = 0
configure:3605: result: o
configure:3609: checking whether we are using the GNU C compiler
configure:3628: gcc -c   conftest.c >&5
configure:3628: $? = 0
configure:3637: result: yes
configure:3646: checking whether gcc accepts -g
configure:3666: gcc -c -g  conftest.c >&5
configure:3666: $? = 0
configure:3707: result: yes
configure:3724: checking for gcc option to accept ISO C89
configure:3787: gcc  -c -g -O2  conftest.c >&5
configure:3787: $? = 0
configure:3800: result: none needed
configure:3822: checking dependency style of gcc
configure:3933: result: gcc3
configure:3998: checking for ar
configure:4014: found /usr/local/bin/ar
configure:4025: result: ar
configure:4051: checking the archiver (ar) interface
configure:4061: gcc -c -g -O2  conftest.c >&5
configure:4061: $? = 0
configure:4063: ar cru libconftest.a conftest.o >&5
configure:4066: $? = 0
configure:4089: result: ar
configure:4156: checking how to print strings
configure:4183: result: printf
configure:4204: checking for a sed that does not truncate output
configure:4268: result: /usr/bin/sed
configure:4286: checking for grep that handles long lines and -e
configure:4344: result: /usr/bin/grep
configure:4349: checking for egrep
configure:4411: result: /usr/bin/grep -E
configure:4416: checking for fgrep
configure:4478: result: /usr/bin/grep -F
configure:4513: checking for ld used by gcc
configure:4580: result: /usr/local/bin/ld
configure:4587: checking if the linker (/usr/local/bin/ld) is GNU ld
configure:4602: result: yes
configure:4614: checking for BSD- or MS-compatible name lister (nm)
configure:4663: result: /usr/local/bin/nm -B
configure:4793: checking the name lister (/usr/local/bin/nm -B) interface
configure:4800: gcc -c -g -O2  conftest.c >&5
configure:4803: /usr/local/bin/nm -B "conftest.o"
configure:4806: output
0000000000000000 B some_variable
configure:4813: result: BSD nm
configure:4816: checking whether ln -s works
configure:4820: result: yes
configure:4828: checking the maximum length of command line arguments
configure:4958: result: 1572864
configure:4975: checking whether the shell understands some XSI constructs
configure:4985: result: yes
configure:4989: checking whether the shell understands "+="
configure:4995: result: yes
configure:5030: checking how to convert x86_64-unknown-linux-gnu file names to x86_64-unknown-linux-gnu format
configure:5070: result: func_convert_file_noop
configure:5077: checking how to convert x86_64-unknown-linux-gnu file names to toolchain format
configure:5097: result: func_convert_file_noop
configure:5104: checking for /usr/local/bin/ld option to reload object files
configure:5111: result: -r
configure:5185: checking for objdump
configure:5201: found /usr/local/bin/objdump
configure:5212: result: objdump
configure:5244: checking how to recognize dependent libraries
configure:5446: result: pass_all
configure:5531: checking for dlltool
configure:5561: result: no
configure:5591: checking how to associate runtime and link libraries
configure:5618: result: printf %s\n
configure:5742: checking for archiver @FILE support
configure:5759: gcc -c -g -O2  conftest.c >&5
configure:5759: $? = 0
configure:5762: ar cru libconftest.a @conftest.lst >&5
configure:5765: $? = 0
configure:5770: ar cru libconftest.a @conftest.lst >&5
ar: conftest.o: No such file or directory
configure:5773: $? = 1
configure:5785: result: @
configure:5843: checking for strip
configure:5859: found /usr/local/bin/strip
configure:5870: result: strip
configure:5942: checking for ranlib
configure:5958: found /usr/local/bin/ranlib
configure:5969: result: ranlib
configure:6071: checking command to parse /usr/local/bin/nm -B output from gcc object
configure:6191: gcc -c -g -O2  conftest.c >&5
configure:6194: $? = 0
configure:6198: /usr/local/bin/nm -B conftest.o \| sed -n -e 's/^.*[ ]\([ABCDGIRSTW][ABCDGIRSTW]*\)[ ][ ]*\([_A-Za-z][_A-Za-z0-9]*\)$/\1 \2 \2/p' | sed '/ __gnu_lto/d' \> conftest.nm
configure:6201: $? = 0
configure:6267: gcc -o conftest -g -O2   conftest.c conftstm.o >&5
configure:6270: $? = 0
configure:6308: result: ok
configure:6345: checking for sysroot
configure:6375: result: no
configure:6452: gcc -c -g -O2  conftest.c >&5
configure:6455: $? = 0
configure:6631: checking for mt
configure:6661: result: no
configure:6681: checking if : is a manifest tool
configure:6687: : '-?'
configure:6695: result: no
configure:7337: checking how to run the C preprocessor
configure:7368: gcc -E  conftest.c
configure:7368: $? = 0
configure:7382: gcc -E  conftest.c
conftest.c:11:28: fatal error: ac_nonexistent.h: No such file or directory
 #include <ac_nonexistent.h>
                            ^
compilation terminated.
configure:7382: $? = 1
configure: failed program was:
| /* confdefs.h */
| #define PACKAGE_NAME "libwebp"
| #define PACKAGE_TARNAME "libwebp"
| #define PACKAGE_VERSION "1.3.1"
| #define PACKAGE_STRING "libwebp 1.3.1"
| #define PACKAGE_BUGREPORT "https://bugs.chromium.org/p/webp"
| #define PACKAGE_URL "https://developers.google.com/speed/webp"
| #define PACKAGE "libwebp"
| #define VERSION "1.3.1"
| /* end confdefs.h.  */
| #include <ac_nonexistent.h>
configure:7407: result: gcc -E
configure:7427: gcc -E  conftest.c
configure:7427: $? = 0
configure:7441: gcc -E  conftest.c
conftest.c:11:28: fatal error: ac_nonexistent.h: No such file or directory
 #include <ac_nonexistent.h>
                            ^
compilation terminated.
configure:7441: $? = 1
configure: failed program was:
| /* confdefs.h */
| #define PACKAGE_NAME "libwebp"
| #define PACKAGE_TARNAME "libwebp"
| #define PACKAGE_VERSION "1.3.1"
| #define PACKAGE_STRING "libwebp 1.3.1"
| #define PACKAGE_BUGREPORT "https://bugs.chromium.org/p/webp"
| #define PACKAGE_URL "https://developers.google.com/speed/webp"
| #define PACKAGE "libwebp"
| #define VERSION "1.3.1"
| /* end confdefs.h.  */
| #include <ac_nonexistent.h>
configure:7470: checking for ANSI C header files
configure:7490: gcc -c -g -O2  conftest.c >&5
configure:7490: $? = 0
configure:7563: gcc -o conftest -g -O2   conftest.c  >&5
configure:7563: $? = 0
configure:7563: ./conftest
configure:7563: $? = 0
configure:7574: result: yes
configure:7587: checking for sys/types.h
configure:7587: gcc -c -g -O2  conftest.c >&5
configure:7587: $? = 0
configure:7587: result: yes
configure:7587: checking for sys/stat.h
configure:7587: gcc -c -g -O2  conftest.c >&5
configure:7587: $? = 0
configure:7587: result: yes
configure:7587: checking for stdlib.h
configure:7587: gcc -c -g -O2  conftest.c >&5
configure:7587: $? = 0
configure:7587: result: yes
configure:7587: checking for string.h
configure:7587: gcc -c -g -O2  conftest.c >&5
configure:7587: $? = 0
configure:7587: result: yes
configure:7587: checking for memory.h
configure:7587: gcc -c -g -O2  conftest.c >&5
configure:7587: $? = 0
configure:7587: result: yes
configure:7587: checking for strings.h
configure:7587: gcc -c -g -O2  conftest.c >&5
configure:7587: $? = 0
configure:7587: result: yes
configure:7587: checking for inttypes.h
configure:7587: gcc -c -g -O2  conftest.c >&5
configure:7587: $? = 0
configure:7587: result: yes
configure:7587: checking for stdint.h
configure:7587: gcc -c -g -O2  conftest.c >&5
configure:7587: $? = 0
configure:7587: result: yes
configure:7587: checking for unistd.h
configure:7587: gcc -c -g -O2  conftest.c >&5
configure:7587: $? = 0
configure:7587: result: yes
configure:7601: checking for dlfcn.h
configure:7601: gcc -c -g -O2  conftest.c >&5
configure:7601: $? = 0
configure:7601: result: yes
configure:7807: checking for objdir
configure:7822: result: .libs
configure:8093: checking if gcc supports -fno-rtti -fno-exceptions
configure:8111: gcc -c -g -O2  -fno-rtti -fno-exceptions conftest.c >&5
cc1: warning: command line option '-fno-rtti' is valid for C++/ObjC++ but not for C [enabled by default]
configure:8115: $? = 0
configure:8128: result: no
configure:8455: checking for gcc option to produce PIC
configure:8462: result: -fPIC -DPIC
configure:8470: checking if gcc PIC flag -fPIC -DPIC works
configure:8488: gcc -c -g -O2  -fPIC -DPIC -DPIC conftest.c >&5
configure:8492: $? = 0
configure:8505: result: yes
configure:8534: checking if gcc static flag -static works
configure:8562: result: yes
configure:8577: checking if gcc supports -c -o file.o
configure:8598: gcc -c -g -O2  -o out/conftest2.o conftest.c >&5
configure:8602: $? = 0
configure:8624: result: yes
configure:8632: checking if gcc supports -c -o file.o
configure:8679: result: yes
configure:8712: checking whether the gcc linker (/usr/local/bin/ld -m elf_x86_64) supports shared libraries
configure:9865: result: yes
configure:9902: checking whether -lc should be explicitly linked in
configure:9910: gcc -c -g -O2  conftest.c >&5
configure:9913: $? = 0
configure:9928: gcc -shared  -fPIC -DPIC conftest.o  -v -Wl,-soname -Wl,conftest -o conftest 2\>\&1 \| /usr/bin/grep  -lc  \>/dev/null 2\>\&1
configure:9931: $? = 0
configure:9945: result: no
configure:10105: checking dynamic linker characteristics
configure:10616: gcc -o conftest -g -O2   -Wl,-rpath -Wl,/foo conftest.c  >&5
configure:10616: $? = 0
configure:10842: result: GNU/Linux ld.so
configure:10949: checking how to hardcode library paths into programs
configure:10974: result: immediate
configure:11514: checking whether stripping libraries is possible
configure:11519: result: yes
configure:11554: checking if libtool supports shared libraries
configure:11556: result: yes
configure:11559: checking whether to build shared libraries
configure:11580: result: yes
configure:11583: checking whether to build static libraries
configure:11587: result: yes
configure:11624: checking for a sed that does not truncate output
configure:11688: result: /usr/bin/sed
configure:11694: checking whether gcc and cc understand -c and -o together
configure:11725: gcc -c conftest.c -o conftest2.o >&5
configure:11729: $? = 0
configure:11735: gcc -c conftest.c -o conftest2.o >&5
configure:11739: $? = 0
configure:11750: cc -c conftest.c >&5
configure:11754: $? = 0
configure:11762: cc -c conftest.c -o conftest2.o >&5
configure:11766: $? = 0
configure:11772: cc -c conftest.c -o conftest2.o >&5
configure:11776: $? = 0
configure:11794: result: yes
configure:11831: checking whether make supports nested variables
configure:11848: result: yes
configure:11860: checking whether byte ordering is bigendian
configure:11875: gcc -c -g -O2  conftest.c >&5
conftest.c:24:9: error: unknown type name 'not'
         not a universal capable compiler
         ^
conftest.c:24:15: error: expected '=', ',', ';', 'asm' or '__attribute__' before 'universal'
         not a universal capable compiler
               ^
conftest.c:24:15: error: unknown type name 'universal'
configure:11875: $? = 1
configure: failed program was:
| /* confdefs.h */
| #define PACKAGE_NAME "libwebp"
| #define PACKAGE_TARNAME "libwebp"
| #define PACKAGE_VERSION "1.3.1"
| #define PACKAGE_STRING "libwebp 1.3.1"
| #define PACKAGE_BUGREPORT "https://bugs.chromium.org/p/webp"
| #define PACKAGE_URL "https://developers.google.com/speed/webp"
| #define PACKAGE "libwebp"
| #define VERSION "1.3.1"
| #define STDC_HEADERS 1
| #define HAVE_SYS_TYPES_H 1
| #define HAVE_SYS_STAT_H 1
| #define HAVE_STDLIB_H 1
| #define HAVE_STRING_H 1
| #define HAVE_MEMORY_H 1
| #define HAVE_STRINGS_H 1
| #define HAVE_INTTYPES_H 1
| #define HAVE_STDINT_H 1
| #define HAVE_UNISTD_H 1
| #define HAVE_DLFCN_H 1
| #define LT_OBJDIR ".libs/"
| /* end confdefs.h.  */
| #ifndef __APPLE_CC__
| 	       not a universal capable compiler
| 	     #endif
| 	     typedef int dummy;
| 
configure:11920: gcc -c -g -O2  conftest.c >&5
configure:11920: $? = 0
configure:11938: gcc -c -g -O2  conftest.c >&5
conftest.c: In function 'main':
conftest.c:30:4: error: unknown type name 'not'
    not big endian
    ^
conftest.c:30:12: error: expected '=', ',', ';', 'asm' or '__attribute__' before 'endian'
    not big endian
            ^
configure:11938: $? = 1
configure: failed program was:
| /* confdefs.h */
| #define PACKAGE_NAME "libwebp"
| #define PACKAGE_TARNAME "libwebp"
| #define PACKAGE_VERSION "1.3.1"
| #define PACKAGE_STRING "libwebp 1.3.1"
| #define PACKAGE_BUGREPORT "https://bugs.chromium.org/p/webp"
| #define PACKAGE_URL "https://developers.google.com/speed/webp"
| #define PACKAGE "libwebp"
| #define VERSION "1.3.1"
| #define STDC_HEADERS 1
| #define HAVE_SYS_TYPES_H 1
| #define HAVE_SYS_STAT_H 1
| #define HAVE_STDLIB_H 1
| #define HAVE_STRING_H 1
| #define HAVE_MEMORY_H 1
| #define HAVE_STRINGS_H 1
| #define HAVE_INTTYPES_H 1
| #define HAVE_STDINT_H 1
| #define HAVE_UNISTD_H 1
| #define HAVE_DLFCN_H 1
| #define LT_OBJDIR ".libs/"
| /* end confdefs.h.  */
| #include <sys/types.h>
| 		#include <sys/param.h>
| 
| int
| main ()
| {
| #if BYTE_ORDER != BIG_ENDIAN
| 		 not big endian
| 		#endif
| 
|   ;
|   return 0;
| }
configure:12066: result: no
configure:12097: checking whether libwebpmux is to be built
configure:12106: result: yes
configure:12117: checking whether libwebpdemux is to be built
configure:12126: result: yes
configure:12137: checking whether decoder library is to be built
configure:12144: result: no
configure:12155: checking whether libwebpextras is to be built
configure:12162: result: no
configure:12174: checking whether asserts are enabled
configure:12184: result: no
configure:12201: checking whether gcc supports -fvisibility=hidden
configure:12207: gcc -c -Werror -fvisibility=hidden  conftest.c >&5
configure:12207: $? = 0
configure:12208: result: yes
configure:12219: checking whether gcc supports -Wall
configure:12225: gcc -c -Werror -Wall  conftest.c >&5
configure:12225: $? = 0
configure:12226: result: yes
configure:12237: checking whether gcc supports -Wconstant-conversion
configure:12243: gcc -c -Werror -Wconstant-conversion  conftest.c >&5
gcc: error: unrecognized command line option '-Wconstant-conversion'
configure:12243: $? = 1
configure: failed program was:
| /* confdefs.h */
| #define PACKAGE_NAME "libwebp"
| #define PACKAGE_TARNAME "libwebp"
| #define PACKAGE_VERSION "1.3.1"
| #define PACKAGE_STRING "libwebp 1.3.1"
| #define PACKAGE_BUGREPORT "https://bugs.chromium.org/p/webp"
| #define PACKAGE_URL "https://developers.google.com/speed/webp"
| #define PACKAGE "libwebp"
| #define VERSION "1.3.1"
| #define STDC_HEADERS 1
| #define HAVE_SYS_TYPES_H 1
| #define HAVE_SYS_STAT_H 1
| #define HAVE_STDLIB_H 1
| #define HAVE_STRING_H 1
| #define HAVE_MEMORY_H 1
| #define HAVE_STRINGS_H 1
| #define HAVE_INTTYPES_H 1
| #define HAVE_STDINT_H 1
| #define HAVE_UNISTD_H 1
| #define HAVE_DLFCN_H 1
| #define LT_OBJDIR ".libs/"
| /* end confdefs.h.  */
| int main(void) { return 0; }
configure:12248: result: no
configure:12255: checking whether gcc supports -Wdeclaration-after-statement
configure:12261: gcc -c -Werror -Wdeclaration-after-statement  conftest.c >&5
configure:12261: $? = 0
configure:12262: result: yes
configure:12273: checking whether gcc supports -Wextra
configure:12279: gcc -c -Werror -Wextra  conftest.c >&5
configure:12279: $? = 0
configure:12280: result: yes
configure:12291: checking whether gcc supports -Wfloat-conversion
configure:12297: gcc -c -Werror -Wfloat-conversion  conftest.c >&5
gcc: error: unrecognized command line option '-Wfloat-conversion'
configure:12297: $? = 1
configure: failed program was:
| /* confdefs.h */
| #define PACKAGE_NAME "libwebp"
| #define PACKAGE_TARNAME "libwebp"
| #define PACKAGE_VERSION "1.3.1"
| #define PACKAGE_STRING "libwebp 1.3.1"
| #define PACKAGE_BUGREPORT "https://bugs.chromium.org/p/webp"
| #define PACKAGE_URL "https://developers.google.com/speed/webp"
| #define PACKAGE "libwebp"
| #define VERSION "1.3.1"
| #define STDC_HEADERS 1
| #define HAVE_SYS_TYPES_H 1
| #define HAVE_SYS_STAT_H 1
| #define HAVE_STDLIB_H 1
| #define HAVE_STRING_H 1
| #define HAVE_MEMORY_H 1
| #define HAVE_STRINGS_H 1
| #define HAVE_INTTYPES_H 1
| #define HAVE_STDINT_H 1
| #define HAVE_UNISTD_H 1
| #define HAVE_DLFCN_H 1
| #define LT_OBJDIR ".libs/"
| /* end confdefs.h.  */
| int main(void) { return 0; }
configure:12302: result: no
configure:12309: checking whether gcc supports -Wformat -Wformat-nonliteral
configure:12315: gcc -c -Werror -Wformat -Wformat-nonliteral  conftest.c >&5
configure:12315: $? = 0
configure:12316: result: yes
configure:12327: checking whether gcc supports -Wformat -Wformat-security
configure:12333: gcc -c -Werror -Wformat -Wformat-security  conftest.c >&5
configure:12333: $? = 0
configure:12334: result: yes
configure:12345: checking whether gcc supports -Wmissing-declarations
configure:12351: gcc -c -Werror -Wmissing-declarations  conftest.c >&5
configure:12351: $? = 0
configure:12352: result: yes
configure:12363: checking whether gcc supports -Wmissing-prototypes
configure:12369: gcc -c -Werror -Wmissing-prototypes  conftest.c >&5
configure:12369: $? = 0
configure:12370: result: yes
configure:12381: checking whether gcc supports -Wold-style-definition
configure:12387: gcc -c -Werror -Wold-style-definition  conftest.c >&5
configure:12387: $? = 0
configure:12388: result: yes
configure:12399: checking whether gcc supports -Wparentheses-equality
configure:12405: gcc -c -Werror -Wparentheses-equality  conftest.c >&5
gcc: error: unrecognized command line option '-Wparentheses-equality'
configure:12405: $? = 1
configure: failed program was:
| /* confdefs.h */
| #define PACKAGE_NAME "libwebp"
| #define PACKAGE_TARNAME "libwebp"
| #define PACKAGE_VERSION "1.3.1"
| #define PACKAGE_STRING "libwebp 1.3.1"
| #define PACKAGE_BUGREPORT "https://bugs.chromium.org/p/webp"
| #define PACKAGE_URL "https://developers.google.com/speed/webp"
| #define PACKAGE "libwebp"
| #define VERSION "1.3.1"
| #define STDC_HEADERS 1
| #define HAVE_SYS_TYPES_H 1
| #define HAVE_SYS_STAT_H 1
| #define HAVE_STDLIB_H 1
| #define HAVE_STRING_H 1
| #define HAVE_MEMORY_H 1
| #define HAVE_STRINGS_H 1
| #define HAVE_INTTYPES_H 1
| #define HAVE_STDINT_H 1
| #define HAVE_UNISTD_H 1
| #define HAVE_DLFCN_H 1
| #define LT_OBJDIR ".libs/"
| /* end confdefs.h.  */
| int main(void) { return 0; }
configure:12410: result: no
configure:12417: checking whether gcc supports -Wshadow
configure:12423: gcc -c -Werror -Wshadow  conftest.c >&5
configure:12423: $? = 0
configure:12424: result: yes
configure:12435: checking whether gcc supports -Wshorten-64-to-32
configure:12441: gcc -c -Werror -Wshorten-64-to-32  conftest.c >&5
gcc: error: unrecognized command line option '-Wshorten-64-to-32'
configure:12441: $? = 1
configure: failed program was:
| /* confdefs.h */
| #define PACKAGE_NAME "libwebp"
| #define PACKAGE_TARNAME "libwebp"
| #define PACKAGE_VERSION "1.3.1"
| #define PACKAGE_STRING "libwebp 1.3.1"
| #define PACKAGE_BUGREPORT "https://bugs.chromium.org/p/webp"
| #define PACKAGE_URL "https://developers.google.com/speed/webp"
| #define PACKAGE "libwebp"
| #define VERSION "1.3.1"
| #define STDC_HEADERS 1
| #define HAVE_SYS_TYPES_H 1
| #define HAVE_SYS_STAT_H 1
| #define HAVE_STDLIB_H 1
| #define HAVE_STRING_H 1
| #define HAVE_MEMORY_H 1
| #define HAVE_STRINGS_H 1
| #define HAVE_INTTYPES_H 1
| #define HAVE_STDINT_H 1
| #define HAVE_UNISTD_H 1
| #define HAVE_DLFCN_H 1
| #define LT_OBJDIR ".libs/"
| /* end confdefs.h.  */
| int main(void) { return 0; }
configure:12446: result: no
configure:12453: checking whether gcc supports -Wundef
configure:12459: gcc -c -Werror -Wundef  conftest.c >&5
configure:12459: $? = 0
configure:12460: result: yes
configure:12471: checking whether gcc supports -Wunreachable-code-aggressive
configure:12477: gcc -c -Werror -Wunreachable-code-aggressive  conftest.c >&5
gcc: error: unrecognized command line option '-Wunreachable-code-aggressive'
configure:12477: $? = 1
configure: failed program was:
| /* confdefs.h */
| #define PACKAGE_NAME "libwebp"
| #define PACKAGE_TARNAME "libwebp"
| #define PACKAGE_VERSION "1.3.1"
| #define PACKAGE_STRING "libwebp 1.3.1"
| #define PACKAGE_BUGREPORT "https://bugs.chromium.org/p/webp"
| #define PACKAGE_URL "https://developers.google.com/speed/webp"
| #define PACKAGE "libwebp"
| #define VERSION "1.3.1"
| #define STDC_HEADERS 1
| #define HAVE_SYS_TYPES_H 1
| #define HAVE_SYS_STAT_H 1
| #define HAVE_STDLIB_H 1
| #define HAVE_STRING_H 1
| #define HAVE_MEMORY_H 1
| #define HAVE_STRINGS_H 1
| #define HAVE_INTTYPES_H 1
| #define HAVE_STDINT_H 1
| #define HAVE_UNISTD_H 1
| #define HAVE_DLFCN_H 1
| #define LT_OBJDIR ".libs/"
| /* end confdefs.h.  */
| int main(void) { return 0; }
configure:12482: result: no
configure:12489: checking whether gcc supports -Wunreachable-code
configure:12495: gcc -c -Werror -Wunreachable-code  conftest.c >&5
configure:12495: $? = 0
configure:12496: result: yes
configure:12507: checking whether gcc supports -Wunused-but-set-variable
configure:12513: gcc -c -Werror -Wunused-but-set-variable  conftest.c >&5
configure:12513: $? = 0
configure:12514: result: yes
configure:12525: checking whether gcc supports -Wunused
configure:12531: gcc -c -Werror -Wunused  conftest.c >&5
configure:12531: $? = 0
configure:12532: result: yes
configure:12543: checking whether gcc supports -Wvla
configure:12549: gcc -c -Werror -Wvla  conftest.c >&5
configure:12549: $? = 0
configure:12550: result: yes
configure:12612: gcc -c -g -O2  conftest.c >&5
configure:12612: $? = 0
configure:12651: checking whether gcc supports -msse4.1
configure:12657: gcc -c -Werror -msse4.1  conftest.c >&5
configure:12657: $? = 0
configure:12658: result: yes
configure:12671: checking smmintrin.h usability
configure:12671: gcc -c -g -O2   -msse4.1  conftest.c >&5
configure:12671: $? = 0
configure:12671: result: yes
configure:12671: checking smmintrin.h presence
configure:12671: gcc -E  conftest.c
In file included from conftest.c:23:0:
/usr/lib/gcc/x86_64-redhat-linux/4.8.5/include/smmintrin.h:31:3: error: #error "SSE4.1 instruction set not enabled"
 # error "SSE4.1 instruction set not enabled"
   ^
configure:12671: $? = 1
configure: failed program was:
| /* confdefs.h */
| #define PACKAGE_NAME "libwebp"
| #define PACKAGE_TARNAME "libwebp"
| #define PACKAGE_VERSION "1.3.1"
| #define PACKAGE_STRING "libwebp 1.3.1"
| #define PACKAGE_BUGREPORT "https://bugs.chromium.org/p/webp"
| #define PACKAGE_URL "https://developers.google.com/speed/webp"
| #define PACKAGE "libwebp"
| #define VERSION "1.3.1"
| #define STDC_HEADERS 1
| #define HAVE_SYS_TYPES_H 1
| #define HAVE_SYS_STAT_H 1
| #define HAVE_STDLIB_H 1
| #define HAVE_STRING_H 1
| #define HAVE_MEMORY_H 1
| #define HAVE_STRINGS_H 1
| #define HAVE_INTTYPES_H 1
| #define HAVE_STDINT_H 1
| #define HAVE_UNISTD_H 1
| #define HAVE_DLFCN_H 1
| #define LT_OBJDIR ".libs/"
| /* end confdefs.h.  */
| #include <smmintrin.h>
configure:12671: result: no
configure:12671: WARNING: smmintrin.h: accepted by the compiler, rejected by the preprocessor!
configure:12671: WARNING: smmintrin.h: proceeding with the compiler's result
configure:12671: checking for smmintrin.h
configure:12671: result: yes
configure:12697: checking whether gcc supports -msse2
configure:12703: gcc -c -Werror -msse2  conftest.c >&5
configure:12703: $? = 0
configure:12704: result: yes
configure:12717: checking emmintrin.h usability
configure:12717: gcc -c -g -O2   -msse2  conftest.c >&5
configure:12717: $? = 0
configure:12717: result: yes
configure:12717: checking emmintrin.h presence
configure:12717: gcc -E  conftest.c
configure:12717: $? = 0
configure:12717: result: yes
configure:12717: checking for emmintrin.h
configure:12717: result: yes
configure:12875: checking for __builtin_bswap16
configure:12888: gcc -o conftest -g -O2   conftest.c  >&5
configure:12888: $? = 0
configure:12889: result: yes
configure:12912: checking for __builtin_bswap32
configure:12925: gcc -o conftest -g -O2   conftest.c  >&5
configure:12925: $? = 0
configure:12926: result: yes
configure:12949: checking for __builtin_bswap64
configure:12962: gcc -o conftest -g -O2   conftest.c  >&5
configure:12962: $? = 0
configure:12963: result: yes
configure:12989: checking for threading support...
configure:13103: checking if compiler needs -Werror to reject unknown flags
configure:13119: gcc -c -g -O2 -Werror -Wunknown-warning-option -Wsizeof-array-argument  conftest.c >&5
gcc: error: unrecognized command line option '-Wunknown-warning-option'
gcc: error: unrecognized command line option '-Wsizeof-array-argument'
configure:13119: $? = 1
configure: failed program was:
| /* confdefs.h */
| #define PACKAGE_NAME "libwebp"
| #define PACKAGE_TARNAME "libwebp"
| #define PACKAGE_VERSION "1.3.1"
| #define PACKAGE_STRING "libwebp 1.3.1"
| #define PACKAGE_BUGREPORT "https://bugs.chromium.org/p/webp"
| #define PACKAGE_URL "https://developers.google.com/speed/webp"
| #define PACKAGE "libwebp"
| #define VERSION "1.3.1"
| #define STDC_HEADERS 1
| #define HAVE_SYS_TYPES_H 1
| #define HAVE_SYS_STAT_H 1
| #define HAVE_STDLIB_H 1
| #define HAVE_STRING_H 1
| #define HAVE_MEMORY_H 1
| #define HAVE_STRINGS_H 1
| #define HAVE_INTTYPES_H 1
| #define HAVE_STDINT_H 1
| #define HAVE_UNISTD_H 1
| #define HAVE_DLFCN_H 1
| #define LT_OBJDIR ".libs/"
| #define WEBP_HAVE_SSE41 1
| #define WEBP_HAVE_SSE2 1
| #define HAVE_BUILTIN_BSWAP16 1
| #define HAVE_BUILTIN_BSWAP32 1
| #define HAVE_BUILTIN_BSWAP64 1
| /* end confdefs.h.  */
| int foo(void);
| int
| main ()
| {
| foo()
|   ;
|   return 0;
| }
configure:13124: result: no
configure:13190: checking for the pthreads library -lpthreads
configure:13228: gcc -o conftest -g -O2     conftest.c -lpthreads  >&5
/usr/local/bin/ld: cannot find -lpthreads
collect2: error: ld returned 1 exit status
configure:13228: $? = 1
configure: failed program was:
| /* confdefs.h */
| #define PACKAGE_NAME "libwebp"
| #define PACKAGE_TARNAME "libwebp"
| #define PACKAGE_VERSION "1.3.1"
| #define PACKAGE_STRING "libwebp 1.3.1"
| #define PACKAGE_BUGREPORT "https://bugs.chromium.org/p/webp"
| #define PACKAGE_URL "https://developers.google.com/speed/webp"
| #define PACKAGE "libwebp"
| #define VERSION "1.3.1"
| #define STDC_HEADERS 1
| #define HAVE_SYS_TYPES_H 1
| #define HAVE_SYS_STAT_H 1
| #define HAVE_STDLIB_H 1
| #define HAVE_STRING_H 1
| #define HAVE_MEMORY_H 1
| #define HAVE_STRINGS_H 1
| #define HAVE_INTTYPES_H 1
| #define HAVE_STDINT_H 1
| #define HAVE_UNISTD_H 1
| #define HAVE_DLFCN_H 1
| #define LT_OBJDIR ".libs/"
| #define WEBP_HAVE_SSE41 1
| #define WEBP_HAVE_SSE2 1
| #define HAVE_BUILTIN_BSWAP16 1
| #define HAVE_BUILTIN_BSWAP32 1
| #define HAVE_BUILTIN_BSWAP64 1
| /* end confdefs.h.  */
| #include <pthread.h>
|                         static void routine(void *a) { a = 0; }
|                         static void *start_routine(void *a) { return a; }
| int
| main ()
| {
| pthread_t th; pthread_attr_t attr;
|                         pthread_create(&th, 0, start_routine, 0);
|                         pthread_join(th, 0);
|                         pthread_attr_init(&attr);
|                         pthread_cleanup_push(routine, 0);
|                         pthread_cleanup_pop(0) /* ; */
|   ;
|   return 0;
| }
configure:13237: result: no
configure:13135: checking whether pthreads work without any flags
configure:13228: gcc -o conftest -g -O2     conftest.c   >&5
/tmp/cc2xbsdX.o: In function `main':
/data/nginx/SecNginx1202/3partylib/libwebp-1.3.1/conftest.c:35: undefined reference to `pthread_create'
/data/nginx/SecNginx1202/3partylib/libwebp-1.3.1/conftest.c:36: undefined reference to `pthread_join'
/data/nginx/SecNginx1202/3partylib/libwebp-1.3.1/conftest.c:38: undefined reference to `__pthread_register_cancel'
/data/nginx/SecNginx1202/3partylib/libwebp-1.3.1/conftest.c:39: undefined reference to `__pthread_unregister_cancel'
collect2: error: ld returned 1 exit status
configure:13228: $? = 1
configure: failed program was:
| /* confdefs.h */
| #define PACKAGE_NAME "libwebp"
| #define PACKAGE_TARNAME "libwebp"
| #define PACKAGE_VERSION "1.3.1"
| #define PACKAGE_STRING "libwebp 1.3.1"
| #define PACKAGE_BUGREPORT "https://bugs.chromium.org/p/webp"
| #define PACKAGE_URL "https://developers.google.com/speed/webp"
| #define PACKAGE "libwebp"
| #define VERSION "1.3.1"
| #define STDC_HEADERS 1
| #define HAVE_SYS_TYPES_H 1
| #define HAVE_SYS_STAT_H 1
| #define HAVE_STDLIB_H 1
| #define HAVE_STRING_H 1
| #define HAVE_MEMORY_H 1
| #define HAVE_STRINGS_H 1
| #define HAVE_INTTYPES_H 1
| #define HAVE_STDINT_H 1
| #define HAVE_UNISTD_H 1
| #define HAVE_DLFCN_H 1
| #define LT_OBJDIR ".libs/"
| #define WEBP_HAVE_SSE41 1
| #define WEBP_HAVE_SSE2 1
| #define HAVE_BUILTIN_BSWAP16 1
| #define HAVE_BUILTIN_BSWAP32 1
| #define HAVE_BUILTIN_BSWAP64 1
| /* end confdefs.h.  */
| #include <pthread.h>
|                         static void routine(void *a) { a = 0; }
|                         static void *start_routine(void *a) { return a; }
| int
| main ()
| {
| pthread_t th; pthread_attr_t attr;
|                         pthread_create(&th, 0, start_routine, 0);
|                         pthread_join(th, 0);
|                         pthread_attr_init(&attr);
|                         pthread_cleanup_push(routine, 0);
|                         pthread_cleanup_pop(0) /* ; */
|   ;
|   return 0;
| }
configure:13237: result: no
configure:13140: checking whether pthreads work with -Kthread
configure:13228: gcc -o conftest -g -O2 -Kthread    conftest.c   >&5
gcc: error: unrecognized command line option '-Kthread'
configure:13228: $? = 1
configure: failed program was:
| /* confdefs.h */
| #define PACKAGE_NAME "libwebp"
| #define PACKAGE_TARNAME "libwebp"
| #define PACKAGE_VERSION "1.3.1"
| #define PACKAGE_STRING "libwebp 1.3.1"
| #define PACKAGE_BUGREPORT "https://bugs.chromium.org/p/webp"
| #define PACKAGE_URL "https://developers.google.com/speed/webp"
| #define PACKAGE "libwebp"
| #define VERSION "1.3.1"
| #define STDC_HEADERS 1
| #define HAVE_SYS_TYPES_H 1
| #define HAVE_SYS_STAT_H 1
| #define HAVE_STDLIB_H 1
| #define HAVE_STRING_H 1
| #define HAVE_MEMORY_H 1
| #define HAVE_STRINGS_H 1
| #define HAVE_INTTYPES_H 1
| #define HAVE_STDINT_H 1
| #define HAVE_UNISTD_H 1
| #define HAVE_DLFCN_H 1
| #define LT_OBJDIR ".libs/"
| #define WEBP_HAVE_SSE41 1
| #define WEBP_HAVE_SSE2 1
| #define HAVE_BUILTIN_BSWAP16 1
| #define HAVE_BUILTIN_BSWAP32 1
| #define HAVE_BUILTIN_BSWAP64 1
| /* end confdefs.h.  */
| #include <pthread.h>
|                         static void routine(void *a) { a = 0; }
|                         static void *start_routine(void *a) { return a; }
| int
| main ()
| {
| pthread_t th; pthread_attr_t attr;
|                         pthread_create(&th, 0, start_routine, 0);
|                         pthread_join(th, 0);
|                         pthread_attr_init(&attr);
|                         pthread_cleanup_push(routine, 0);
|                         pthread_cleanup_pop(0) /* ; */
|   ;
|   return 0;
| }
configure:13237: result: no
configure:13140: checking whether pthreads work with -kthread
configure:13228: gcc -o conftest -g -O2 -kthread    conftest.c   >&5
gcc: error: unrecognized command line option '-kthread'
configure:13228: $? = 1
configure: failed program was:
| /* confdefs.h */
| #define PACKAGE_NAME "libwebp"
| #define PACKAGE_TARNAME "libwebp"
| #define PACKAGE_VERSION "1.3.1"
| #define PACKAGE_STRING "libwebp 1.3.1"
| #define PACKAGE_BUGREPORT "https://bugs.chromium.org/p/webp"
| #define PACKAGE_URL "https://developers.google.com/speed/webp"
| #define PACKAGE "libwebp"
| #define VERSION "1.3.1"
| #define STDC_HEADERS 1
| #define HAVE_SYS_TYPES_H 1
| #define HAVE_SYS_STAT_H 1
| #define HAVE_STDLIB_H 1
| #define HAVE_STRING_H 1
| #define HAVE_MEMORY_H 1
| #define HAVE_STRINGS_H 1
| #define HAVE_INTTYPES_H 1
| #define HAVE_STDINT_H 1
| #define HAVE_UNISTD_H 1
| #define HAVE_DLFCN_H 1
| #define LT_OBJDIR ".libs/"
| #define WEBP_HAVE_SSE41 1
| #define WEBP_HAVE_SSE2 1
| #define HAVE_BUILTIN_BSWAP16 1
| #define HAVE_BUILTIN_BSWAP32 1
| #define HAVE_BUILTIN_BSWAP64 1
| /* end confdefs.h.  */
| #include <pthread.h>
|                         static void routine(void *a) { a = 0; }
|                         static void *start_routine(void *a) { return a; }
| int
| main ()
| {
| pthread_t th; pthread_attr_t attr;
|                         pthread_create(&th, 0, start_routine, 0);
|                         pthread_join(th, 0);
|                         pthread_attr_init(&attr);
|                         pthread_cleanup_push(routine, 0);
|                         pthread_cleanup_pop(0) /* ; */
|   ;
|   return 0;
| }
configure:13237: result: no
configure:13190: checking for the pthreads library -llthread
configure:13228: gcc -o conftest -g -O2     conftest.c -llthread  >&5
/usr/local/bin/ld: cannot find -llthread
collect2: error: ld returned 1 exit status
configure:13228: $? = 1
configure: failed program was:
| /* confdefs.h */
| #define PACKAGE_NAME "libwebp"
| #define PACKAGE_TARNAME "libwebp"
| #define PACKAGE_VERSION "1.3.1"
| #define PACKAGE_STRING "libwebp 1.3.1"
| #define PACKAGE_BUGREPORT "https://bugs.chromium.org/p/webp"
| #define PACKAGE_URL "https://developers.google.com/speed/webp"
| #define PACKAGE "libwebp"
| #define VERSION "1.3.1"
| #define STDC_HEADERS 1
| #define HAVE_SYS_TYPES_H 1
| #define HAVE_SYS_STAT_H 1
| #define HAVE_STDLIB_H 1
| #define HAVE_STRING_H 1
| #define HAVE_MEMORY_H 1
| #define HAVE_STRINGS_H 1
| #define HAVE_INTTYPES_H 1
| #define HAVE_STDINT_H 1
| #define HAVE_UNISTD_H 1
| #define HAVE_DLFCN_H 1
| #define LT_OBJDIR ".libs/"
| #define WEBP_HAVE_SSE41 1
| #define WEBP_HAVE_SSE2 1
| #define HAVE_BUILTIN_BSWAP16 1
| #define HAVE_BUILTIN_BSWAP32 1
| #define HAVE_BUILTIN_BSWAP64 1
| /* end confdefs.h.  */
| #include <pthread.h>
|                         static void routine(void *a) { a = 0; }
|                         static void *start_routine(void *a) { return a; }
| int
| main ()
| {
| pthread_t th; pthread_attr_t attr;
|                         pthread_create(&th, 0, start_routine, 0);
|                         pthread_join(th, 0);
|                         pthread_attr_init(&attr);
|                         pthread_cleanup_push(routine, 0);
|                         pthread_cleanup_pop(0) /* ; */
|   ;
|   return 0;
| }
configure:13237: result: no
configure:13140: checking whether pthreads work with -pthread
configure:13228: gcc -o conftest -g -O2 -pthread    conftest.c   >&5
configure:13228: $? = 0
configure:13237: result: yes
configure:13256: checking for joinable pthread attribute
configure:13271: gcc -o conftest -g -O2 -pthread   conftest.c   >&5
configure:13271: $? = 0
configure:13277: result: PTHREAD_CREATE_JOINABLE
configure:13287: checking if more special flags are required for pthreads
configure:13302: result: no
configure:13308: checking for PTHREAD_PRIO_INHERIT
configure:13325: gcc -o conftest -g -O2 -pthread   conftest.c   >&5
configure:13325: $? = 0
configure:13334: result: yes
configure:13446: checking if threading is enabled... yes
configure:13522: checking GL/glut.h usability
configure:13522: gcc -c -g -O2 -pthread   conftest.c >&5
conftest.c:63:21: fatal error: GL/glut.h: No such file or directory
 #include <GL/glut.h>
                     ^
compilation terminated.
configure:13522: $? = 1
configure: failed program was:
| /* confdefs.h */
| #define PACKAGE_NAME "libwebp"
| #define PACKAGE_TARNAME "libwebp"
| #define PACKAGE_VERSION "1.3.1"
| #define PACKAGE_STRING "libwebp 1.3.1"
| #define PACKAGE_BUGREPORT "https://bugs.chromium.org/p/webp"
| #define PACKAGE_URL "https://developers.google.com/speed/webp"
| #define PACKAGE "libwebp"
| #define VERSION "1.3.1"
| #define STDC_HEADERS 1
| #define HAVE_SYS_TYPES_H 1
| #define HAVE_SYS_STAT_H 1
| #define HAVE_STDLIB_H 1
| #define HAVE_STRING_H 1
| #define HAVE_MEMORY_H 1
| #define HAVE_STRINGS_H 1
| #define HAVE_INTTYPES_H 1
| #define HAVE_STDINT_H 1
| #define HAVE_UNISTD_H 1
| #define HAVE_DLFCN_H 1
| #define LT_OBJDIR ".libs/"
| #define WEBP_HAVE_SSE41 1
| #define WEBP_HAVE_SSE2 1
| #define HAVE_BUILTIN_BSWAP16 1
| #define HAVE_BUILTIN_BSWAP32 1
| #define HAVE_BUILTIN_BSWAP64 1
| #define HAVE_PTHREAD_PRIO_INHERIT 1
| #define WEBP_USE_THREAD 1
| /* end confdefs.h.  */
| #include <stdio.h>
| #ifdef HAVE_SYS_TYPES_H
| # include <sys/types.h>
| #endif
| #ifdef HAVE_SYS_STAT_H
| # include <sys/stat.h>
| #endif
| #ifdef STDC_HEADERS
| # include <stdlib.h>
| # include <stddef.h>
| #else
| # ifdef HAVE_STDLIB_H
| #  include <stdlib.h>
| # endif
| #endif
| #ifdef HAVE_STRING_H
| # if !defined STDC_HEADERS && defined HAVE_MEMORY_H
| #  include <memory.h>
| # endif
| # include <string.h>
| #endif
| #ifdef HAVE_STRINGS_H
| # include <strings.h>
| #endif
| #ifdef HAVE_INTTYPES_H
| # include <inttypes.h>
| #endif
| #ifdef HAVE_STDINT_H
| # include <stdint.h>
| #endif
| #ifdef HAVE_UNISTD_H
| # include <unistd.h>
| #endif
| #include <GL/glut.h>
configure:13522: result: no
configure:13522: checking GL/glut.h presence
configure:13522: gcc -E   conftest.c
conftest.c:30:21: fatal error: GL/glut.h: No such file or directory
 #include <GL/glut.h>
                     ^
compilation terminated.
configure:13522: $? = 1
configure: failed program was:
| /* confdefs.h */
| #define PACKAGE_NAME "libwebp"
| #define PACKAGE_TARNAME "libwebp"
| #define PACKAGE_VERSION "1.3.1"
| #define PACKAGE_STRING "libwebp 1.3.1"
| #define PACKAGE_BUGREPORT "https://bugs.chromium.org/p/webp"
| #define PACKAGE_URL "https://developers.google.com/speed/webp"
| #define PACKAGE "libwebp"
| #define VERSION "1.3.1"
| #define STDC_HEADERS 1
| #define HAVE_SYS_TYPES_H 1
| #define HAVE_SYS_STAT_H 1
| #define HAVE_STDLIB_H 1
| #define HAVE_STRING_H 1
| #define HAVE_MEMORY_H 1
| #define HAVE_STRINGS_H 1
| #define HAVE_INTTYPES_H 1
| #define HAVE_STDINT_H 1
| #define HAVE_UNISTD_H 1
| #define HAVE_DLFCN_H 1
| #define LT_OBJDIR ".libs/"
| #define WEBP_HAVE_SSE41 1
| #define WEBP_HAVE_SSE2 1
| #define HAVE_BUILTIN_BSWAP16 1
| #define HAVE_BUILTIN_BSWAP32 1
| #define HAVE_BUILTIN_BSWAP64 1
| #define HAVE_PTHREAD_PRIO_INHERIT 1
| #define WEBP_USE_THREAD 1
| /* end confdefs.h.  */
| #include <GL/glut.h>
configure:13522: result: no
configure:13522: checking for GL/glut.h
configure:13522: result: no
configure:13522: checking GLUT/glut.h usability
configure:13522: gcc -c -g -O2 -pthread   conftest.c >&5
conftest.c:63:23: fatal error: GLUT/glut.h: No such file or directory
 #include <GLUT/glut.h>
                       ^
compilation terminated.
configure:13522: $? = 1
configure: failed program was:
| /* confdefs.h */
| #define PACKAGE_NAME "libwebp"
| #define PACKAGE_TARNAME "libwebp"
| #define PACKAGE_VERSION "1.3.1"
| #define PACKAGE_STRING "libwebp 1.3.1"
| #define PACKAGE_BUGREPORT "https://bugs.chromium.org/p/webp"
| #define PACKAGE_URL "https://developers.google.com/speed/webp"
| #define PACKAGE "libwebp"
| #define VERSION "1.3.1"
| #define STDC_HEADERS 1
| #define HAVE_SYS_TYPES_H 1
| #define HAVE_SYS_STAT_H 1
| #define HAVE_STDLIB_H 1
| #define HAVE_STRING_H 1
| #define HAVE_MEMORY_H 1
| #define HAVE_STRINGS_H 1
| #define HAVE_INTTYPES_H 1
| #define HAVE_STDINT_H 1
| #define HAVE_UNISTD_H 1
| #define HAVE_DLFCN_H 1
| #define LT_OBJDIR ".libs/"
| #define WEBP_HAVE_SSE41 1
| #define WEBP_HAVE_SSE2 1
| #define HAVE_BUILTIN_BSWAP16 1
| #define HAVE_BUILTIN_BSWAP32 1
| #define HAVE_BUILTIN_BSWAP64 1
| #define HAVE_PTHREAD_PRIO_INHERIT 1
| #define WEBP_USE_THREAD 1
| /* end confdefs.h.  */
| #include <stdio.h>
| #ifdef HAVE_SYS_TYPES_H
| # include <sys/types.h>
| #endif
| #ifdef HAVE_SYS_STAT_H
| # include <sys/stat.h>
| #endif
| #ifdef STDC_HEADERS
| # include <stdlib.h>
| # include <stddef.h>
| #else
| # ifdef HAVE_STDLIB_H
| #  include <stdlib.h>
| # endif
| #endif
| #ifdef HAVE_STRING_H
| # if !defined STDC_HEADERS && defined HAVE_MEMORY_H
| #  include <memory.h>
| # endif
| # include <string.h>
| #endif
| #ifdef HAVE_STRINGS_H
| # include <strings.h>
| #endif
| #ifdef HAVE_INTTYPES_H
| # include <inttypes.h>
| #endif
| #ifdef HAVE_STDINT_H
| # include <stdint.h>
| #endif
| #ifdef HAVE_UNISTD_H
| # include <unistd.h>
| #endif
| #include <GLUT/glut.h>
configure:13522: result: no
configure:13522: checking GLUT/glut.h presence
configure:13522: gcc -E   conftest.c
conftest.c:30:23: fatal error: GLUT/glut.h: No such file or directory
 #include <GLUT/glut.h>
                       ^
compilation terminated.
configure:13522: $? = 1
configure: failed program was:
| /* confdefs.h */
| #define PACKAGE_NAME "libwebp"
| #define PACKAGE_TARNAME "libwebp"
| #define PACKAGE_VERSION "1.3.1"
| #define PACKAGE_STRING "libwebp 1.3.1"
| #define PACKAGE_BUGREPORT "https://bugs.chromium.org/p/webp"
| #define PACKAGE_URL "https://developers.google.com/speed/webp"
| #define PACKAGE "libwebp"
| #define VERSION "1.3.1"
| #define STDC_HEADERS 1
| #define HAVE_SYS_TYPES_H 1
| #define HAVE_SYS_STAT_H 1
| #define HAVE_STDLIB_H 1
| #define HAVE_STRING_H 1
| #define HAVE_MEMORY_H 1
| #define HAVE_STRINGS_H 1
| #define HAVE_INTTYPES_H 1
| #define HAVE_STDINT_H 1
| #define HAVE_UNISTD_H 1
| #define HAVE_DLFCN_H 1
| #define LT_OBJDIR ".libs/"
| #define WEBP_HAVE_SSE41 1
| #define WEBP_HAVE_SSE2 1
| #define HAVE_BUILTIN_BSWAP16 1
| #define HAVE_BUILTIN_BSWAP32 1
| #define HAVE_BUILTIN_BSWAP64 1
| #define HAVE_PTHREAD_PRIO_INHERIT 1
| #define WEBP_USE_THREAD 1
| /* end confdefs.h.  */
| #include <GLUT/glut.h>
configure:13522: result: no
configure:13522: checking for GLUT/glut.h
configure:13522: result: no
configure:13522: checking OpenGL/glut.h usability
configure:13522: gcc -c -g -O2 -pthread   conftest.c >&5
conftest.c:63:25: fatal error: OpenGL/glut.h: No such file or directory
 #include <OpenGL/glut.h>
                         ^
compilation terminated.
configure:13522: $? = 1
configure: failed program was:
| /* confdefs.h */
| #define PACKAGE_NAME "libwebp"
| #define PACKAGE_TARNAME "libwebp"
| #define PACKAGE_VERSION "1.3.1"
| #define PACKAGE_STRING "libwebp 1.3.1"
| #define PACKAGE_BUGREPORT "https://bugs.chromium.org/p/webp"
| #define PACKAGE_URL "https://developers.google.com/speed/webp"
| #define PACKAGE "libwebp"
| #define VERSION "1.3.1"
| #define STDC_HEADERS 1
| #define HAVE_SYS_TYPES_H 1
| #define HAVE_SYS_STAT_H 1
| #define HAVE_STDLIB_H 1
| #define HAVE_STRING_H 1
| #define HAVE_MEMORY_H 1
| #define HAVE_STRINGS_H 1
| #define HAVE_INTTYPES_H 1
| #define HAVE_STDINT_H 1
| #define HAVE_UNISTD_H 1
| #define HAVE_DLFCN_H 1
| #define LT_OBJDIR ".libs/"
| #define WEBP_HAVE_SSE41 1
| #define WEBP_HAVE_SSE2 1
| #define HAVE_BUILTIN_BSWAP16 1
| #define HAVE_BUILTIN_BSWAP32 1
| #define HAVE_BUILTIN_BSWAP64 1
| #define HAVE_PTHREAD_PRIO_INHERIT 1
| #define WEBP_USE_THREAD 1
| /* end confdefs.h.  */
| #include <stdio.h>
| #ifdef HAVE_SYS_TYPES_H
| # include <sys/types.h>
| #endif
| #ifdef HAVE_SYS_STAT_H
| # include <sys/stat.h>
| #endif
| #ifdef STDC_HEADERS
| # include <stdlib.h>
| # include <stddef.h>
| #else
| # ifdef HAVE_STDLIB_H
| #  include <stdlib.h>
| # endif
| #endif
| #ifdef HAVE_STRING_H
| # if !defined STDC_HEADERS && defined HAVE_MEMORY_H
| #  include <memory.h>
| # endif
| # include <string.h>
| #endif
| #ifdef HAVE_STRINGS_H
| # include <strings.h>
| #endif
| #ifdef HAVE_INTTYPES_H
| # include <inttypes.h>
| #endif
| #ifdef HAVE_STDINT_H
| # include <stdint.h>
| #endif
| #ifdef HAVE_UNISTD_H
| # include <unistd.h>
| #endif
| #include <OpenGL/glut.h>
configure:13522: result: no
configure:13522: checking OpenGL/glut.h presence
configure:13522: gcc -E   conftest.c
conftest.c:30:25: fatal error: OpenGL/glut.h: No such file or directory
 #include <OpenGL/glut.h>
                         ^
compilation terminated.
configure:13522: $? = 1
configure: failed program was:
| /* confdefs.h */
| #define PACKAGE_NAME "libwebp"
| #define PACKAGE_TARNAME "libwebp"
| #define PACKAGE_VERSION "1.3.1"
| #define PACKAGE_STRING "libwebp 1.3.1"
| #define PACKAGE_BUGREPORT "https://bugs.chromium.org/p/webp"
| #define PACKAGE_URL "https://developers.google.com/speed/webp"
| #define PACKAGE "libwebp"
| #define VERSION "1.3.1"
| #define STDC_HEADERS 1
| #define HAVE_SYS_TYPES_H 1
| #define HAVE_SYS_STAT_H 1
| #define HAVE_STDLIB_H 1
| #define HAVE_STRING_H 1
| #define HAVE_MEMORY_H 1
| #define HAVE_STRINGS_H 1
| #define HAVE_INTTYPES_H 1
| #define HAVE_STDINT_H 1
| #define HAVE_UNISTD_H 1
| #define HAVE_DLFCN_H 1
| #define LT_OBJDIR ".libs/"
| #define WEBP_HAVE_SSE41 1
| #define WEBP_HAVE_SSE2 1
| #define HAVE_BUILTIN_BSWAP16 1
| #define HAVE_BUILTIN_BSWAP32 1
| #define HAVE_BUILTIN_BSWAP64 1
| #define HAVE_PTHREAD_PRIO_INHERIT 1
| #define WEBP_USE_THREAD 1
| /* end confdefs.h.  */
| #include <OpenGL/glut.h>
configure:13522: result: no
configure:13522: checking for OpenGL/glut.h
configure:13522: result: no
configure:13680: Not building vwebp. OpenGL libraries and --enable-libwebpdemux are required.
configure:13707: checking for sdl-config
configure:13740: result: no
configure:13771: checking SDL/SDL.h usability
configure:13771: gcc -c -g -O2 -pthread   conftest.c >&5
conftest.c:63:21: fatal error: SDL/SDL.h: No such file or directory
 #include <SDL/SDL.h>
                     ^
compilation terminated.
configure:13771: $? = 1
configure: failed program was:
| /* confdefs.h */
| #define PACKAGE_NAME "libwebp"
| #define PACKAGE_TARNAME "libwebp"
| #define PACKAGE_VERSION "1.3.1"
| #define PACKAGE_STRING "libwebp 1.3.1"
| #define PACKAGE_BUGREPORT "https://bugs.chromium.org/p/webp"
| #define PACKAGE_URL "https://developers.google.com/speed/webp"
| #define PACKAGE "libwebp"
| #define VERSION "1.3.1"
| #define STDC_HEADERS 1
| #define HAVE_SYS_TYPES_H 1
| #define HAVE_SYS_STAT_H 1
| #define HAVE_STDLIB_H 1
| #define HAVE_STRING_H 1
| #define HAVE_MEMORY_H 1
| #define HAVE_STRINGS_H 1
| #define HAVE_INTTYPES_H 1
| #define HAVE_STDINT_H 1
| #define HAVE_UNISTD_H 1
| #define HAVE_DLFCN_H 1
| #define LT_OBJDIR ".libs/"
| #define WEBP_HAVE_SSE41 1
| #define WEBP_HAVE_SSE2 1
| #define HAVE_BUILTIN_BSWAP16 1
| #define HAVE_BUILTIN_BSWAP32 1
| #define HAVE_BUILTIN_BSWAP64 1
| #define HAVE_PTHREAD_PRIO_INHERIT 1
| #define WEBP_USE_THREAD 1
| /* end confdefs.h.  */
| #include <stdio.h>
| #ifdef HAVE_SYS_TYPES_H
| # include <sys/types.h>
| #endif
| #ifdef HAVE_SYS_STAT_H
| # include <sys/stat.h>
| #endif
| #ifdef STDC_HEADERS
| # include <stdlib.h>
| # include <stddef.h>
| #else
| # ifdef HAVE_STDLIB_H
| #  include <stdlib.h>
| # endif
| #endif
| #ifdef HAVE_STRING_H
| # if !defined STDC_HEADERS && defined HAVE_MEMORY_H
| #  include <memory.h>
| # endif
| # include <string.h>
| #endif
| #ifdef HAVE_STRINGS_H
| # include <strings.h>
| #endif
| #ifdef HAVE_INTTYPES_H
| # include <inttypes.h>
| #endif
| #ifdef HAVE_STDINT_H
| # include <stdint.h>
| #endif
| #ifdef HAVE_UNISTD_H
| # include <unistd.h>
| #endif
| #include <SDL/SDL.h>
configure:13771: result: no
configure:13771: checking SDL/SDL.h presence
configure:13771: gcc -E   conftest.c
conftest.c:30:21: fatal error: SDL/SDL.h: No such file or directory
 #include <SDL/SDL.h>
                     ^
compilation terminated.
configure:13771: $? = 1
configure: failed program was:
| /* confdefs.h */
| #define PACKAGE_NAME "libwebp"
| #define PACKAGE_TARNAME "libwebp"
| #define PACKAGE_VERSION "1.3.1"
| #define PACKAGE_STRING "libwebp 1.3.1"
| #define PACKAGE_BUGREPORT "https://bugs.chromium.org/p/webp"
| #define PACKAGE_URL "https://developers.google.com/speed/webp"
| #define PACKAGE "libwebp"
| #define VERSION "1.3.1"
| #define STDC_HEADERS 1
| #define HAVE_SYS_TYPES_H 1
| #define HAVE_SYS_STAT_H 1
| #define HAVE_STDLIB_H 1
| #define HAVE_STRING_H 1
| #define HAVE_MEMORY_H 1
| #define HAVE_STRINGS_H 1
| #define HAVE_INTTYPES_H 1
| #define HAVE_STDINT_H 1
| #define HAVE_UNISTD_H 1
| #define HAVE_DLFCN_H 1
| #define LT_OBJDIR ".libs/"
| #define WEBP_HAVE_SSE41 1
| #define WEBP_HAVE_SSE2 1
| #define HAVE_BUILTIN_BSWAP16 1
| #define HAVE_BUILTIN_BSWAP32 1
| #define HAVE_BUILTIN_BSWAP64 1
| #define HAVE_PTHREAD_PRIO_INHERIT 1
| #define WEBP_USE_THREAD 1
| /* end confdefs.h.  */
| #include <SDL/SDL.h>
configure:13771: result: no
configure:13771: checking for SDL/SDL.h
configure:13771: result: no
configure:13775: checking SDL.h usability
configure:13775: gcc -c -g -O2 -pthread   conftest.c >&5
conftest.c:63:17: fatal error: SDL.h: No such file or directory
 #include <SDL.h>
                 ^
compilation terminated.
configure:13775: $? = 1
configure: failed program was:
| /* confdefs.h */
| #define PACKAGE_NAME "libwebp"
| #define PACKAGE_TARNAME "libwebp"
| #define PACKAGE_VERSION "1.3.1"
| #define PACKAGE_STRING "libwebp 1.3.1"
| #define PACKAGE_BUGREPORT "https://bugs.chromium.org/p/webp"
| #define PACKAGE_URL "https://developers.google.com/speed/webp"
| #define PACKAGE "libwebp"
| #define VERSION "1.3.1"
| #define STDC_HEADERS 1
| #define HAVE_SYS_TYPES_H 1
| #define HAVE_SYS_STAT_H 1
| #define HAVE_STDLIB_H 1
| #define HAVE_STRING_H 1
| #define HAVE_MEMORY_H 1
| #define HAVE_STRINGS_H 1
| #define HAVE_INTTYPES_H 1
| #define HAVE_STDINT_H 1
| #define HAVE_UNISTD_H 1
| #define HAVE_DLFCN_H 1
| #define LT_OBJDIR ".libs/"
| #define WEBP_HAVE_SSE41 1
| #define WEBP_HAVE_SSE2 1
| #define HAVE_BUILTIN_BSWAP16 1
| #define HAVE_BUILTIN_BSWAP32 1
| #define HAVE_BUILTIN_BSWAP64 1
| #define HAVE_PTHREAD_PRIO_INHERIT 1
| #define WEBP_USE_THREAD 1
| /* end confdefs.h.  */
| #include <stdio.h>
| #ifdef HAVE_SYS_TYPES_H
| # include <sys/types.h>
| #endif
| #ifdef HAVE_SYS_STAT_H
| # include <sys/stat.h>
| #endif
| #ifdef STDC_HEADERS
| # include <stdlib.h>
| # include <stddef.h>
| #else
| # ifdef HAVE_STDLIB_H
| #  include <stdlib.h>
| # endif
| #endif
| #ifdef HAVE_STRING_H
| # if !defined STDC_HEADERS && defined HAVE_MEMORY_H
| #  include <memory.h>
| # endif
| # include <string.h>
| #endif
| #ifdef HAVE_STRINGS_H
| # include <strings.h>
| #endif
| #ifdef HAVE_INTTYPES_H
| # include <inttypes.h>
| #endif
| #ifdef HAVE_STDINT_H
| # include <stdint.h>
| #endif
| #ifdef HAVE_UNISTD_H
| # include <unistd.h>
| #endif
| #include <SDL.h>
configure:13775: result: no
configure:13775: checking SDL.h presence
configure:13775: gcc -E   conftest.c
conftest.c:30:17: fatal error: SDL.h: No such file or directory
 #include <SDL.h>
                 ^
compilation terminated.
configure:13775: $? = 1
configure: failed program was:
| /* confdefs.h */
| #define PACKAGE_NAME "libwebp"
| #define PACKAGE_TARNAME "libwebp"
| #define PACKAGE_VERSION "1.3.1"
| #define PACKAGE_STRING "libwebp 1.3.1"
| #define PACKAGE_BUGREPORT "https://bugs.chromium.org/p/webp"
| #define PACKAGE_URL "https://developers.google.com/speed/webp"
| #define PACKAGE "libwebp"
| #define VERSION "1.3.1"
| #define STDC_HEADERS 1
| #define HAVE_SYS_TYPES_H 1
| #define HAVE_SYS_STAT_H 1
| #define HAVE_STDLIB_H 1
| #define HAVE_STRING_H 1
| #define HAVE_MEMORY_H 1
| #define HAVE_STRINGS_H 1
| #define HAVE_INTTYPES_H 1
| #define HAVE_STDINT_H 1
| #define HAVE_UNISTD_H 1
| #define HAVE_DLFCN_H 1
| #define LT_OBJDIR ".libs/"
| #define WEBP_HAVE_SSE41 1
| #define WEBP_HAVE_SSE2 1
| #define HAVE_BUILTIN_BSWAP16 1
| #define HAVE_BUILTIN_BSWAP32 1
| #define HAVE_BUILTIN_BSWAP64 1
| #define HAVE_PTHREAD_PRIO_INHERIT 1
| #define WEBP_USE_THREAD 1
| /* end confdefs.h.  */
| #include <SDL.h>
configure:13775: result: no
configure:13775: checking for SDL.h
configure:13775: result: no
configure:13779: WARNING: SDL library not available - no sdl.h
configure:13841: Not building vwebp-sdl. SDL library is required.
configure:13870: checking for libpng-config
configure:13903: result: no
configure:13870: checking for libpng16-config
configure:13903: result: no
configure:13870: checking for libpng15-config
configure:13903: result: no
configure:13870: checking for libpng14-config
configure:13903: result: no
configure:13870: checking for libpng12-config
configure:13903: result: no
configure:13933: checking png.h usability
configure:13933: gcc -c -g -O2 -pthread -I/data/nginx/SecNginx1202/3partylib/libpng1639/include  conftest.c >&5
configure:13933: $? = 0
configure:13933: result: yes
configure:13933: checking png.h presence
configure:13933: gcc -E -I/data/nginx/SecNginx1202/3partylib/libpng1639/include  conftest.c
configure:13933: $? = 0
configure:13933: result: yes
configure:13933: checking for png.h
configure:13933: result: yes
configure:13935: checking for library containing png_get_libpng_ver
configure:13966: gcc -o conftest -g -O2 -pthread -I/data/nginx/SecNginx1202/3partylib/libpng1639/include   conftest.c -L/data/nginx/SecNginx1202/3partylib/libpng1639/lib   >&5
/tmp/ccV06bYZ.o: In function `main':
/data/nginx/SecNginx1202/3partylib/libwebp-1.3.1/conftest.c:41: undefined reference to `png_get_libpng_ver'
collect2: error: ld returned 1 exit status
configure:13966: $? = 1
configure: failed program was:
| /* confdefs.h */
| #define PACKAGE_NAME "libwebp"
| #define PACKAGE_TARNAME "libwebp"
| #define PACKAGE_VERSION "1.3.1"
| #define PACKAGE_STRING "libwebp 1.3.1"
| #define PACKAGE_BUGREPORT "https://bugs.chromium.org/p/webp"
| #define PACKAGE_URL "https://developers.google.com/speed/webp"
| #define PACKAGE "libwebp"
| #define VERSION "1.3.1"
| #define STDC_HEADERS 1
| #define HAVE_SYS_TYPES_H 1
| #define HAVE_SYS_STAT_H 1
| #define HAVE_STDLIB_H 1
| #define HAVE_STRING_H 1
| #define HAVE_MEMORY_H 1
| #define HAVE_STRINGS_H 1
| #define HAVE_INTTYPES_H 1
| #define HAVE_STDINT_H 1
| #define HAVE_UNISTD_H 1
| #define HAVE_DLFCN_H 1
| #define LT_OBJDIR ".libs/"
| #define WEBP_HAVE_SSE41 1
| #define WEBP_HAVE_SSE2 1
| #define HAVE_BUILTIN_BSWAP16 1
| #define HAVE_BUILTIN_BSWAP32 1
| #define HAVE_BUILTIN_BSWAP64 1
| #define HAVE_PTHREAD_PRIO_INHERIT 1
| #define WEBP_USE_THREAD 1
| /* end confdefs.h.  */
| 
| /* Override any GCC internal prototype to avoid an error.
|    Use char because int might match the return type of a GCC
|    builtin and then its argument prototype would still apply.  */
| #ifdef __cplusplus
| extern "C"
| #endif
| char png_get_libpng_ver ();
| int
| main ()
| {
| return png_get_libpng_ver ();
|   ;
|   return 0;
| }
configure:13966: gcc -o conftest -g -O2 -pthread -I/data/nginx/SecNginx1202/3partylib/libpng1639/include   conftest.c -lpng  -L/data/nginx/SecNginx1202/3partylib/libpng1639/lib   >&5
configure:13966: $? = 0
configure:13983: result: -lpng
configure:14046: checking jpeglib.h usability
configure:14046: gcc -c -g -O2 -pthread -I/data/nginx/SecNginx1202/3partylib/jpeg9e/include/  conftest.c >&5
configure:14046: $? = 0
configure:14046: result: yes
configure:14046: checking jpeglib.h presence
configure:14046: gcc -E -I/data/nginx/SecNginx1202/3partylib/jpeg9e/include/  conftest.c
configure:14046: $? = 0
configure:14046: result: yes
configure:14046: checking for jpeglib.h
configure:14046: result: yes
configure:14048: checking for jpeg_set_defaults in -ljpeg
configure:14073: gcc -o conftest -g -O2 -pthread -I/data/nginx/SecNginx1202/3partylib/jpeg9e/include/   conftest.c -ljpeg  -L/data/nginx/SecNginx1202/3partylib/jpeg9e/lib/   >&5
configure:14073: $? = 0
configure:14082: result: yes
configure:14137: checking tiffio.h usability
configure:14137: gcc -c -g -O2 -pthread -I/data/nginx/SecNginx1202/3partylib/tiff451/include/  conftest.c >&5
configure:14137: $? = 0
configure:14137: result: yes
configure:14137: checking tiffio.h presence
configure:14137: gcc -E -I/data/nginx/SecNginx1202/3partylib/tiff451/include/  conftest.c
configure:14137: $? = 0
configure:14137: result: yes
configure:14137: checking for tiffio.h
configure:14137: result: yes
configure:14139: checking for TIFFGetVersion in -ltiff
configure:14164: gcc -o conftest -g -O2 -pthread -I/data/nginx/SecNginx1202/3partylib/tiff451/include/   conftest.c -ltiff  -L/data/nginx/SecNginx1202/3partylib/tiff451/lib/   >&5
configure:14164: $? = 0
configure:14173: result: yes
configure:14228: checking gif_lib.h usability
configure:14228: gcc -c -g -O2 -pthread -I/data/nginx/SecNginx1202/3partylib/giflib521/include/  conftest.c >&5
configure:14228: $? = 0
configure:14228: result: yes
configure:14228: checking gif_lib.h presence
configure:14228: gcc -E -I/data/nginx/SecNginx1202/3partylib/giflib521/include/  conftest.c
configure:14228: $? = 0
configure:14228: result: yes
configure:14228: checking for gif_lib.h
configure:14228: result: yes
configure:14230: checking for DGifOpenFileHandle in -lgif
configure:14255: gcc -o conftest -g -O2 -pthread -I/data/nginx/SecNginx1202/3partylib/giflib521/include/   conftest.c -lgif  -L/data/nginx/SecNginx1202/3partylib/giflib521/lib/   >&5
configure:14255: $? = 0
configure:14264: result: yes
configure:14440: checking if --enable-swap-16bit-csp option is specified
configure:14450: result: no
configure:14458: checking if --disable-near-lossless option is specified
configure:14474: result: no
configure:14596: checking that generated files are newer than configure
configure:14602: result: done
configure:14666: creating ./config.status

## ---------------------- ##
## Running config.status. ##
## ---------------------- ##

This file was extended by libwebp config.status 1.3.1, which was
generated by GNU Autoconf 2.69.  Invocation command line was

  CONFIG_FILES    = 
  CONFIG_HEADERS  = 
  CONFIG_LINKS    = 
  CONFIG_COMMANDS = 
  $ ./config.status 

on VM-63-145-centos

config.status:1157: creating Makefile
config.status:1157: creating src/Makefile
config.status:1157: creating man/Makefile
config.status:1157: creating examples/Makefile
config.status:1157: creating extras/Makefile
config.status:1157: creating imageio/Makefile
config.status:1157: creating sharpyuv/Makefile
config.status:1157: creating sharpyuv/libsharpyuv.pc
config.status:1157: creating src/dec/Makefile
config.status:1157: creating src/enc/Makefile
config.status:1157: creating src/dsp/Makefile
config.status:1157: creating src/demux/Makefile
config.status:1157: creating src/mux/Makefile
config.status:1157: creating src/utils/Makefile
config.status:1157: creating src/libwebp.pc
config.status:1157: creating src/libwebpdecoder.pc
config.status:1157: creating src/demux/libwebpdemux.pc
config.status:1157: creating src/mux/libwebpmux.pc
config.status:1157: creating src/webp/config.h
config.status:1386: executing depfiles commands
config.status:1386: executing libtool commands
configure:16944:
WebP Configuration Summary
--------------------------

Shared libraries: yes
Static libraries: yes
Threading support: yes
libwebp: yes
libwebpdecoder: no
libwebpdemux: yes
libwebpmux: yes
libwebpextras: no

Tools:
cwebp : yes
  Input format support
  ====================
  JPEG : yes
  PNG  : yes
  TIFF : yes
  WIC  : no
dwebp : yes
  Output format support
  =====================
  PNG  : yes
  WIC  : no
GIF support : yes
anim_diff   : yes
gif2webp    : yes
img2webp    : yes
webpmux     : yes
vwebp       : no
webpinfo    : yes
SDL support : no
vwebp_sdl   : no


## ---------------- ##
## Cache variables. ##
## ---------------- ##

ac_cv_build=x86_64-unknown-linux-gnu
ac_cv_c_bigendian=no
ac_cv_c_compiler_gnu=yes
ac_cv_env_CC_set=
ac_cv_env_CC_value=
ac_cv_env_CFLAGS_set=
ac_cv_env_CFLAGS_value=
ac_cv_env_CPPFLAGS_set=
ac_cv_env_CPPFLAGS_value=
ac_cv_env_CPP_set=
ac_cv_env_CPP_value=
ac_cv_env_LDFLAGS_set=
ac_cv_env_LDFLAGS_value=
ac_cv_env_LIBS_set=
ac_cv_env_LIBS_value=
ac_cv_env_build_alias_set=
ac_cv_env_build_alias_value=
ac_cv_env_host_alias_set=
ac_cv_env_host_alias_value=
ac_cv_env_target_alias_set=
ac_cv_env_target_alias_value=
ac_cv_header_GLUT_glut_h=no
ac_cv_header_GL_glut_h=no
ac_cv_header_OpenGL_glut_h=no
ac_cv_header_SDL_SDL_h=no
ac_cv_header_SDL_h=no
ac_cv_header_dlfcn_h=yes
ac_cv_header_emmintrin_h=yes
ac_cv_header_gif_lib_h=yes
ac_cv_header_inttypes_h=yes
ac_cv_header_jpeglib_h=yes
ac_cv_header_memory_h=yes
ac_cv_header_png_h=yes
ac_cv_header_smmintrin_h=yes
ac_cv_header_stdc=yes
ac_cv_header_stdint_h=yes
ac_cv_header_stdlib_h=yes
ac_cv_header_string_h=yes
ac_cv_header_strings_h=yes
ac_cv_header_sys_stat_h=yes
ac_cv_header_sys_types_h=yes
ac_cv_header_tiffio_h=yes
ac_cv_header_unistd_h=yes
ac_cv_host=x86_64-unknown-linux-gnu
ac_cv_lib_gif_DGifOpenFileHandle=yes
ac_cv_lib_jpeg_jpeg_set_defaults=yes
ac_cv_lib_tiff_TIFFGetVersion=yes
ac_cv_objext=o
ac_cv_path_EGREP='/usr/bin/grep -E'
ac_cv_path_FGREP='/usr/bin/grep -F'
ac_cv_path_GREP=/usr/bin/grep
ac_cv_path_SED=/usr/bin/sed
ac_cv_path_install='/usr/bin/install -c'
ac_cv_path_mkdir=/usr/bin/mkdir
ac_cv_prog_AWK=gawk
ac_cv_prog_CPP='gcc -E'
ac_cv_prog_ac_ct_AR=ar
ac_cv_prog_ac_ct_CC=gcc
ac_cv_prog_ac_ct_OBJDUMP=objdump
ac_cv_prog_ac_ct_RANLIB=ranlib
ac_cv_prog_ac_ct_STRIP=strip
ac_cv_prog_cc_c89=
ac_cv_prog_cc_g=yes
ac_cv_prog_cc_gcc_c_o=yes
ac_cv_prog_make_make_set=yes
ac_cv_search_png_get_libpng_ver=-lpng
am_cv_CC_dependencies_compiler_type=gcc3
am_cv_ar_interface=ar
am_cv_make_support_nested_variables=yes
ax_cv_PTHREAD_PRIO_INHERIT=yes
lt_cv_ar_at_file=@
lt_cv_archive_cmds_need_lc=no
lt_cv_deplibs_check_method=pass_all
lt_cv_file_magic_cmd='$MAGIC_CMD'
lt_cv_file_magic_test_file=
lt_cv_ld_reload_flag=-r
lt_cv_nm_interface='BSD nm'
lt_cv_objdir=.libs
lt_cv_path_LD=/usr/local/bin/ld
lt_cv_path_NM='/usr/local/bin/nm -B'
lt_cv_path_mainfest_tool=no
lt_cv_prog_compiler_c_o=yes
lt_cv_prog_compiler_pic='-fPIC -DPIC'
lt_cv_prog_compiler_pic_works=yes
lt_cv_prog_compiler_rtti_exceptions=no
lt_cv_prog_compiler_static_works=yes
lt_cv_prog_gnu_ld=yes
lt_cv_sharedlib_from_linklib_cmd='printf %s\n'
lt_cv_shlibpath_overrides_runpath=no
lt_cv_sys_global_symbol_pipe='sed -n -e '\''s/^.*[	 ]\([ABCDGIRSTW][ABCDGIRSTW]*\)[	 ][	 ]*\([_A-Za-z][_A-Za-z0-9]*\)$/\1 \2 \2/p'\'' | sed '\''/ __gnu_lto/d'\'''
lt_cv_sys_global_symbol_to_c_name_address='sed -n -e '\''s/^: \([^ ]*\)[ ]*$/  {\"\1\", (void *) 0},/p'\'' -e '\''s/^[ABCDGIRSTW]* \([^ ]*\) \([^ ]*\)$/  {"\2", (void *) \&\2},/p'\'''
lt_cv_sys_global_symbol_to_c_name_address_lib_prefix='sed -n -e '\''s/^: \([^ ]*\)[ ]*$/  {\"\1\", (void *) 0},/p'\'' -e '\''s/^[ABCDGIRSTW]* \([^ ]*\) \(lib[^ ]*\)$/  {"\2", (void *) \&\2},/p'\'' -e '\''s/^[ABCDGIRSTW]* \([^ ]*\) \([^ ]*\)$/  {"lib\2", (void *) \&\2},/p'\'''
lt_cv_sys_global_symbol_to_cdecl='sed -n -e '\''s/^T .* \(.*\)$/extern int \1();/p'\'' -e '\''s/^[ABCDGIRSTW]* .* \(.*\)$/extern char \1;/p'\'''
lt_cv_sys_max_cmd_len=1572864
lt_cv_to_host_file_cmd=func_convert_file_noop
lt_cv_to_tool_file_cmd=func_convert_file_noop

## ----------------- ##
## Output variables. ##
## ----------------- ##

ACLOCAL='${SHELL} /data/nginx/SecNginx1202/3partylib/libwebp-1.3.1/missing aclocal-1.13'
AMDEPBACKSLASH='\'
AMDEP_FALSE='#'
AMDEP_TRUE=''
AMTAR='$${TAR-tar}'
AM_BACKSLASH='\'
AM_CFLAGS=' -fvisibility=hidden -Wall -Wdeclaration-after-statement -Wextra -Wformat -Wformat-nonliteral -Wformat -Wformat-security -Wmissing-declarations -Wmissing-prototypes -Wold-style-definition -Wshadow -Wundef -Wunreachable-code -Wunused-but-set-variable -Wunused -Wvla'
AM_CPPFLAGS=' -DNDEBUG'
AM_DEFAULT_V='$(AM_DEFAULT_VERBOSITY)'
AM_DEFAULT_VERBOSITY='0'
AM_V='$(V)'
AR='ar'
AUTOCONF='${SHELL} /data/nginx/SecNginx1202/3partylib/libwebp-1.3.1/missing autoconf'
AUTOHEADER='${SHELL} /data/nginx/SecNginx1202/3partylib/libwebp-1.3.1/missing autoheader'
AUTOMAKE='${SHELL} /data/nginx/SecNginx1202/3partylib/libwebp-1.3.1/missing automake-1.13'
AWK='gawk'
BUILD_ANIMDIFF_FALSE='#'
BUILD_ANIMDIFF_TRUE=''
BUILD_DEMUX_FALSE='#'
BUILD_DEMUX_TRUE=''
BUILD_EXTRAS_FALSE=''
BUILD_EXTRAS_TRUE='#'
BUILD_GIF2WEBP_FALSE='#'
BUILD_GIF2WEBP_TRUE=''
BUILD_IMG2WEBP_FALSE='#'
BUILD_IMG2WEBP_TRUE=''
BUILD_LIBWEBPDECODER_FALSE=''
BUILD_LIBWEBPDECODER_TRUE='#'
BUILD_MUX_FALSE='#'
BUILD_MUX_TRUE=''
BUILD_VWEBP_FALSE=''
BUILD_VWEBP_SDL_FALSE=''
BUILD_VWEBP_SDL_TRUE='#'
BUILD_VWEBP_TRUE='#'
BUILD_WEBPINFO_FALSE='#'
BUILD_WEBPINFO_TRUE=''
CC='gcc'
CCDEPMODE='depmode=gcc3'
CFLAGS='-g -O2 -pthread'
CPP='gcc -E'
CPPFLAGS=''
CYGPATH_W='echo'
DEFS='-DHAVE_CONFIG_H'
DEPDIR='.deps'
DLLTOOL='false'
DSYMUTIL=''
DUMPBIN=''
ECHO_C=''
ECHO_N='-n'
ECHO_T=''
EGREP='/usr/bin/grep -E'
EXEEXT=''
FGREP='/usr/bin/grep -F'
GIF_INCLUDES='-I/data/nginx/SecNginx1202/3partylib/giflib521/include/'
GIF_LIBS='-L/data/nginx/SecNginx1202/3partylib/giflib521/lib/ -lgif'
GL_INCLUDES=''
GL_LIBS=''
GREP='/usr/bin/grep'
INSTALL_DATA='${INSTALL} -m 644'
INSTALL_PROGRAM='${INSTALL}'
INSTALL_SCRIPT='${INSTALL}'
INSTALL_STRIP_PROGRAM='$(install_sh) -c -s'
JPEG_INCLUDES='-I/data/nginx/SecNginx1202/3partylib/jpeg9e/include/ -DWEBP_HAVE_JPEG'
JPEG_LIBS='-L/data/nginx/SecNginx1202/3partylib/jpeg9e/lib/ -ljpeg'
LD='/usr/local/bin/ld -m elf_x86_64'
LDFLAGS=''
LIBOBJS=''
LIBPNG_CONFIG=''
LIBS=' '
LIBSDL_CONFIG=''
LIBTOOL='$(SHELL) $(top_builddir)/libtool'
LIPO=''
LN_S='ln -s'
LTLIBOBJS=''
MAKEINFO='${SHELL} /data/nginx/SecNginx1202/3partylib/libwebp-1.3.1/missing makeinfo'
MANIFEST_TOOL=':'
MKDIR_P='/usr/bin/mkdir -p'
NEON_FLAGS=''
NM='/usr/local/bin/nm -B'
NMEDIT=''
OBJDUMP='objdump'
OBJEXT='o'
OTOOL64=''
OTOOL=''
PACKAGE='libwebp'
PACKAGE_BUGREPORT='https://bugs.chromium.org/p/webp'
PACKAGE_NAME='libwebp'
PACKAGE_STRING='libwebp 1.3.1'
PACKAGE_TARNAME='libwebp'
PACKAGE_URL='https://developers.google.com/speed/webp'
PACKAGE_VERSION='1.3.1'
PATH_SEPARATOR=':'
PNG_INCLUDES='-I/data/nginx/SecNginx1202/3partylib/libpng1639/include -DWEBP_HAVE_PNG'
PNG_LIBS='-L/data/nginx/SecNginx1202/3partylib/libpng1639/lib -lpng'
PTHREAD_CC='gcc'
PTHREAD_CFLAGS='-pthread'
PTHREAD_LIBS=''
RANLIB='ranlib'
SDL_INCLUDES=''
SDL_LIBS=''
SED='/usr/bin/sed'
SET_MAKE=''
SHELL='/bin/sh'
SSE2_FLAGS='  -msse2'
SSE41_FLAGS='  -msse4.1'
STRIP='strip'
TIFF_INCLUDES='-I/data/nginx/SecNginx1202/3partylib/tiff451/include/ -DWEBP_HAVE_TIFF'
TIFF_LIBS='-L/data/nginx/SecNginx1202/3partylib/tiff451/lib/ -ltiff'
USE_SWAP_16BIT_CSP=''
VERSION='1.3.1'
ac_ct_AR='ar'
ac_ct_CC='gcc'
ac_ct_DUMPBIN=''
am__EXEEXT_FALSE=''
am__EXEEXT_TRUE='#'
am__fastdepCC_FALSE='#'
am__fastdepCC_TRUE=''
am__include='include'
am__isrc=''
am__leading_dot='.'
am__nodep='_no'
am__quote=''
am__tar='$${TAR-tar} chof - "$$tardir"'
am__untar='$${TAR-tar} xf -'
ax_pthread_config=''
bindir='${exec_prefix}/bin'
build='x86_64-unknown-linux-gnu'
build_alias=''
build_cpu='x86_64'
build_os='linux-gnu'
build_vendor='unknown'
datadir='${datarootdir}'
datarootdir='${prefix}/share'
docdir='${datarootdir}/doc/${PACKAGE_TARNAME}'
dvidir='${docdir}'
exec_prefix='${prefix}'
host='x86_64-unknown-linux-gnu'
host_alias=''
host_cpu='x86_64'
host_os='linux-gnu'
host_vendor='unknown'
htmldir='${docdir}'
includedir='${prefix}/include'
infodir='${datarootdir}/info'
install_sh='${SHELL} /data/nginx/SecNginx1202/3partylib/libwebp-1.3.1/install-sh'
libdir='${exec_prefix}/lib'
libexecdir='${exec_prefix}/libexec'
localedir='${datarootdir}/locale'
localstatedir='${prefix}/var'
mandir='${datarootdir}/man'
mkdir_p='$(MKDIR_P)'
oldincludedir='/usr/include'
pdfdir='${docdir}'
pkgconfigdir='${libdir}/pkgconfig'
prefix='/data/nginx/SecNginx1202/3partylib/libwebp131'
program_transform_name='s,x,x,'
psdir='${docdir}'
sbindir='${exec_prefix}/sbin'
sharedstatedir='${prefix}/com'
sysconfdir='${prefix}/etc'
target_alias=''
webp_libname_prefix=''

## ----------- ##
## confdefs.h. ##
## ----------- ##

/* confdefs.h */
#define PACKAGE_NAME "libwebp"
#define PACKAGE_TARNAME "libwebp"
#define PACKAGE_VERSION "1.3.1"
#define PACKAGE_STRING "libwebp 1.3.1"
#define PACKAGE_BUGREPORT "https://bugs.chromium.org/p/webp"
#define PACKAGE_URL "https://developers.google.com/speed/webp"
#define PACKAGE "libwebp"
#define VERSION "1.3.1"
#define STDC_HEADERS 1
#define HAVE_SYS_TYPES_H 1
#define HAVE_SYS_STAT_H 1
#define HAVE_STDLIB_H 1
#define HAVE_STRING_H 1
#define HAVE_MEMORY_H 1
#define HAVE_STRINGS_H 1
#define HAVE_INTTYPES_H 1
#define HAVE_STDINT_H 1
#define HAVE_UNISTD_H 1
#define HAVE_DLFCN_H 1
#define LT_OBJDIR ".libs/"
#define WEBP_HAVE_SSE41 1
#define WEBP_HAVE_SSE2 1
#define HAVE_BUILTIN_BSWAP16 1
#define HAVE_BUILTIN_BSWAP32 1
#define HAVE_BUILTIN_BSWAP64 1
#define HAVE_PTHREAD_PRIO_INHERIT 1
#define WEBP_USE_THREAD 1
#define WEBP_HAVE_PNG 1
#define WEBP_HAVE_JPEG 1
#define WEBP_HAVE_TIFF 1
#define WEBP_HAVE_GIF 1
#define WEBP_NEAR_LOSSLESS 1

configure: exit 0

## ---------------------- ##
## Running config.status. ##
## ---------------------- ##

This file was extended by libwebp config.status 1.3.1, which was
generated by GNU Autoconf 2.69.  Invocation command line was

  CONFIG_FILES    = 
  CONFIG_HEADERS  = 
  CONFIG_LINKS    = 
  CONFIG_COMMANDS = 
  $ ./config.status imageio/Makefile depfiles

on VM-63-145-centos

config.status:1157: creating imageio/Makefile
config.status:1386: executing depfiles commands

## ---------------------- ##
## Running config.status. ##
## ---------------------- ##

This file was extended by libwebp config.status 1.3.1, which was
generated by GNU Autoconf 2.69.  Invocation command line was

  CONFIG_FILES    = 
  CONFIG_HEADERS  = 
  CONFIG_LINKS    = 
  CONFIG_COMMANDS = 
  $ ./config.status imageio/Makefile depfiles

on VM-63-145-centos

config.status:1157: creating imageio/Makefile
config.status:1386: executing depfiles commands

## ---------------------- ##
## Running config.status. ##
## ---------------------- ##

This file was extended by libwebp config.status 1.3.1, which was
generated by GNU Autoconf 2.69.  Invocation command line was

  CONFIG_FILES    = 
  CONFIG_HEADERS  = 
  CONFIG_LINKS    = 
  CONFIG_COMMANDS = 
  $ ./config.status examples/Makefile depfiles

on VM-63-145-centos

config.status:1157: creating examples/Makefile
config.status:1386: executing depfiles commands

## ---------------------- ##
## Running config.status. ##
## ---------------------- ##

This file was extended by libwebp config.status 1.3.1, which was
generated by GNU Autoconf 2.69.  Invocation command line was

  CONFIG_FILES    = 
  CONFIG_HEADERS  = 
  CONFIG_LINKS    = 
  CONFIG_COMMANDS = 
  $ ./config.status examples/Makefile depfiles

on VM-63-145-centos

config.status:1157: creating examples/Makefile
config.status:1386: executing depfiles commands

## ---------------------- ##
## Running config.status. ##
## ---------------------- ##

This file was extended by libwebp config.status 1.3.1, which was
generated by GNU Autoconf 2.69.  Invocation command line was

  CONFIG_FILES    = 
  CONFIG_HEADERS  = 
  CONFIG_LINKS    = 
  CONFIG_COMMANDS = 
  $ ./config.status examples/Makefile depfiles

on VM-63-145-centos

config.status:1157: creating examples/Makefile
config.status:1386: executing depfiles commands

## ---------------------- ##
## Running config.status. ##
## ---------------------- ##

This file was extended by libwebp config.status 1.3.1, which was
generated by GNU Autoconf 2.69.  Invocation command line was

  CONFIG_FILES    = 
  CONFIG_HEADERS  = 
  CONFIG_LINKS    = 
  CONFIG_COMMANDS = 
  $ ./config.status examples/Makefile depfiles

on VM-63-145-centos

config.status:1157: creating examples/Makefile
config.status:1386: executing depfiles commands

## ---------------------- ##
## Running config.status. ##
## ---------------------- ##

This file was extended by libwebp config.status 1.3.1, which was
generated by GNU Autoconf 2.69.  Invocation command line was

  CONFIG_FILES    = 
  CONFIG_HEADERS  = 
  CONFIG_LINKS    = 
  CONFIG_COMMANDS = 
  $ ./config.status examples/Makefile depfiles

on VM-63-145-centos

config.status:1157: creating examples/Makefile
config.status:1386: executing depfiles commands

## ---------------------- ##
## Running config.status. ##
## ---------------------- ##

This file was extended by libwebp config.status 1.3.1, which was
generated by GNU Autoconf 2.69.  Invocation command line was

  CONFIG_FILES    = 
  CONFIG_HEADERS  = 
  CONFIG_LINKS    = 
  CONFIG_COMMANDS = 
  $ ./config.status examples/Makefile depfiles

on VM-63-145-centos

config.status:1157: creating examples/Makefile
config.status:1386: executing depfiles commands

## ---------------------- ##
## Running config.status. ##
## ---------------------- ##

This file was extended by libwebp config.status 1.3.1, which was
generated by GNU Autoconf 2.69.  Invocation command line was

  CONFIG_FILES    = 
  CONFIG_HEADERS  = 
  CONFIG_LINKS    = 
  CONFIG_COMMANDS = 
  $ ./config.status examples/Makefile depfiles

on VM-63-145-centos

config.status:1157: creating examples/Makefile
config.status:1386: executing depfiles commands

## ---------------------- ##
## Running config.status. ##
## ---------------------- ##

This file was extended by libwebp config.status 1.3.1, which was
generated by GNU Autoconf 2.69.  Invocation command line was

  CONFIG_FILES    = 
  CONFIG_HEADERS  = 
  CONFIG_LINKS    = 
  CONFIG_COMMANDS = 
  $ ./config.status examples/Makefile depfiles

on VM-63-145-centos

config.status:1157: creating examples/Makefile
config.status:1386: executing depfiles commands

## ---------------------- ##
## Running config.status. ##
## ---------------------- ##

This file was extended by libwebp config.status 1.3.1, which was
generated by GNU Autoconf 2.69.  Invocation command line was

  CONFIG_FILES    = 
  CONFIG_HEADERS  = 
  CONFIG_LINKS    = 
  CONFIG_COMMANDS = 
  $ ./config.status examples/Makefile depfiles

on VM-63-145-centos

config.status:1157: creating examples/Makefile
config.status:1386: executing depfiles commands

## ---------------------- ##
## Running config.status. ##
## ---------------------- ##

This file was extended by libwebp config.status 1.3.1, which was
generated by GNU Autoconf 2.69.  Invocation command line was

  CONFIG_FILES    = 
  CONFIG_HEADERS  = 
  CONFIG_LINKS    = 
  CONFIG_COMMANDS = 
  $ ./config.status examples/Makefile depfiles

on VM-63-145-centos

config.status:1157: creating examples/Makefile
config.status:1386: executing depfiles commands

## ---------------------- ##
## Running config.status. ##
## ---------------------- ##

This file was extended by libwebp config.status 1.3.1, which was
generated by GNU Autoconf 2.69.  Invocation command line was

  CONFIG_FILES    = 
  CONFIG_HEADERS  = 
  CONFIG_LINKS    = 
  CONFIG_COMMANDS = 
  $ ./config.status examples/Makefile depfiles

on VM-63-145-centos

config.status:1157: creating examples/Makefile
config.status:1386: executing depfiles commands

## ---------------------- ##
## Running config.status. ##
## ---------------------- ##

This file was extended by libwebp config.status 1.3.1, which was
generated by GNU Autoconf 2.69.  Invocation command line was

  CONFIG_FILES    = 
  CONFIG_HEADERS  = 
  CONFIG_LINKS    = 
  CONFIG_COMMANDS = 
  $ ./config.status examples/Makefile depfiles

on VM-63-145-centos

config.status:1157: creating examples/Makefile
config.status:1386: executing depfiles commands
